6.4708 	DEBUG 	Fullscreen settings ignored as running in pilot mode.
6.4719 	INFO 	Loaded monitor calibration from ['2025_03_07 15:28']
6.6781 	EXP 	Created window1 = Window(allowGUI=False, allowStencil=False, autoLog=True, backendConf=UNKNOWN, backgroundFit=<method-wrapper '__getattribute__' of attributeSetter object at 0x0000012953953520>, backgroundImage=<method-wrapper '__getattribute__' of attributeSetter object at 0x0000012953953580>, bitsMode=UNKNOWN, blendMode='avg', bpc=(8, 8, 8), color=array([0, 0, 0]), colorSpace='rgb', depthBits=8, fullscr=False, gamma=None, gammaErrorPolicy='raise', infoMsg=UNKNOWN, lms=UNKNOWN, monitor=<psychopy.monitors.calibTools.Monitor object at 0x00000129539E4C10>, multiSample=False, name='window1', numSamples=2, pos=[560.0, 240.0], screen=0, size=array([800, 600]), stencilBits=0, stereo=False, title='PsychoPy', units='height', useFBO=True, useRetina=False, viewOri=0.0, viewPos=None, viewScale=None, waitBlanking=True, winType='pyglet')
6.6782 	EXP 	window1: backgroundImage = ''
6.6782 	EXP 	window1: backgroundFit = 'none'
6.6842 	DEBUG 	TextBox2 loaded 1 chars with 0 blanks and 1 valid
6.6848 	DEBUG 	TextBox2 loaded 1 chars with 0 blanks and 1 valid
6.6860 	DEBUG 	TextBox2 loaded 1 chars with 0 blanks and 1 valid
6.6866 	DEBUG 	TextBox2 loaded 1 chars with 0 blanks and 1 valid
6.6873 	DEBUG 	TextBox2 loaded 1 chars with 0 blanks and 1 valid
6.6877 	DEBUG 	TextBox2 loaded 1 chars with 0 blanks and 1 valid
6.6883 	DEBUG 	TextBox2 loaded 1 chars with 0 blanks and 1 valid
6.6892 	DEBUG 	TextBox2 loaded 1 chars with 0 blanks and 1 valid
6.6895 	DEBUG 	TextBox2 loaded 1 chars with 0 blanks and 1 valid
6.6898 	DEBUG 	TextBox2 loaded 1 chars with 0 blanks and 1 valid
6.6904 	DEBUG 	TextBox2 loaded 1 chars with 0 blanks and 1 valid
6.6909 	DEBUG 	TextBox2 loaded 1 chars with 0 blanks and 1 valid
6.6914 	DEBUG 	TextBox2 loaded 1 chars with 0 blanks and 1 valid
6.6920 	DEBUG 	TextBox2 loaded 1 chars with 0 blanks and 1 valid
6.6925 	DEBUG 	TextBox2 loaded 1 chars with 0 blanks and 1 valid
6.6930 	DEBUG 	TextBox2 loaded 1 chars with 0 blanks and 1 valid
6.6936 	DEBUG 	TextBox2 loaded 1 chars with 0 blanks and 1 valid
6.6940 	DEBUG 	TextBox2 loaded 1 chars with 0 blanks and 1 valid
6.6943 	DEBUG 	TextBox2 loaded 1 chars with 0 blanks and 1 valid
6.6951 	DEBUG 	TextBox2 loaded 1 chars with 0 blanks and 1 valid
6.6956 	DEBUG 	TextBox2 loaded 1 chars with 0 blanks and 1 valid
6.6959 	DEBUG 	Uploading Texture Font fontname to graphics card
6.6998 	DEBUG 	Upload of Texture Font fontname complete
6.7071 	DEBUG 	TextBox2 loaded 1 chars with 0 blanks and 1 valid
6.7079 	DEBUG 	TextBox2 loaded 1 chars with 0 blanks and 1 valid
6.7086 	DEBUG 	TextBox2 loaded 1 chars with 0 blanks and 1 valid
6.7089 	DEBUG 	Uploading Texture Font fontname to graphics card
6.7114 	DEBUG 	Upload of Texture Font fontname complete
6.7129 	EXP 	window1: Attempting to measure frame rate of screen (0) ...
6.7129 	EXP 	window1: recordFrameIntervals = False
6.7813 	EXP 	window1: recordFrameIntervals = True
6.8467 	EXP 	Screen (0) actual frame rate measured at 169.40Hz
6.8467 	EXP 	window1: recordFrameIntervals = False
6.8512 	DEBUG 	TextBox2 loaded 1 chars with 0 blanks and 1 valid
6.8517 	DEBUG 	TextBox2 loaded 1 chars with 0 blanks and 1 valid
6.8524 	DEBUG 	TextBox2 loaded 1 chars with 0 blanks and 1 valid
6.8531 	DEBUG 	TextBox2 loaded 1 chars with 0 blanks and 1 valid
6.8539 	DEBUG 	TextBox2 loaded 1 chars with 0 blanks and 1 valid
6.8546 	DEBUG 	TextBox2 loaded 1 chars with 0 blanks and 1 valid
6.8551 	DEBUG 	TextBox2 loaded 1 chars with 0 blanks and 1 valid
6.8558 	DEBUG 	TextBox2 loaded 1 chars with 0 blanks and 1 valid
6.8567 	DEBUG 	TextBox2 loaded 1 chars with 0 blanks and 1 valid
6.8576 	DEBUG 	TextBox2 loaded 1 chars with 0 blanks and 1 valid
6.8578 	DEBUG 	Uploading Texture Font fontname to graphics card
6.8584 	DEBUG 	Upload of Texture Font fontname complete
6.8687 	WARNING 	launchHubServer: If using the iohub mouse or eyetracker devices, fullScr should be True.
9.0383 	INFO 	keyboard.Keyboard is using iohub backend.
9.0383 	INFO 	keyboard.Keyboard is using iohub backend.
9.0384 	INFO 	keyboard.Keyboard is using iohub backend.
9.0384 	EXP 	project: status = STARTED
9.1064 	EXP 	Created text = TextStim(__class__=<class 'psychopy.visual.text.TextStim'>, alignHoriz=method-wrapper(...), alignText='center', alignVert=method-wrapper(...), anchorHoriz='center', anchorVert='center', antialias=True, autoDraw=False, autoLog=True, bold=False, color=array([1., 1., 1.]), colorSpace='rgb', contrast=1.0, depth=0.0, draggable=False, flipHoriz=False, flipVert=False, font='Arial', fontFiles=[], height=0.05, italic=False, languageStyle='LTR', name='text', opacity=1, ori=0.0, pos=array([0. , 0.1]), rgb=UNKNOWN, text="Please don't move or blink", units='height', win=Window(...), wrapWidth=1)
9.1120 	EXP 	Created text_2 = TextStim(__class__=<class 'psychopy.visual.text.TextStim'>, alignHoriz=method-wrapper(...), alignText='center', alignVert=method-wrapper(...), anchorHoriz='center', anchorVert='center', antialias=True, autoDraw=False, autoLog=True, bold=False, color=array([1., 1., 1.]), colorSpace='rgb', contrast=1.0, depth=-1.0, draggable=False, flipHoriz=False, flipVert=False, font='Arial', fontFiles=[], height=0.05, italic=False, languageStyle='LTR', name='text_2', opacity=1, ori=0.0, pos=array([0., 0.]), rgb=UNKNOWN, text='If you ready, press [space bar]\n', units='height', win=Window(...), wrapWidth=1)
9.1291 	EXP 	Created cross = ShapeStim(__class__=<class 'psychopy.visual.shape.ShapeStim'>, anchor=('center', 'center'), autoDraw=False, autoLog=True, closeShape=True, color=method-wrapper(...), colorSpace='rgb', contrast=None, depth=-1.0, draggable=False, fillColor=array([1, 1, 1]), fillColorSpace='rgb', fillRGB=array([1, 1, 1]), interpolate=True, lineColor=array([1., 1., 1.]), lineColorSpace='rgb', lineRGB=array([1, 1, 1]), lineWidth=1.0, name='cross', opacity=1, ori=0.0, pos=array([0., 0.]), size=array([0.1, 0.1]), units='height', vertices=ndarray(...), win=Window(...), windingRule=None)
9.1334 	EXP 	Created faces_image = ImageStim(__class__=<class 'psychopy.visual.image.ImageStim'>, anchor=('center', 'center'), autoLog=True, color=array([1., 1., 1.]), colorSpace='rgb', contrast=1.0, depth=0.0, draggable=False, flipHoriz=False, flipVert=False, image='default.png', interpolate=True, mask=None, maskParams=None, name='faces_image', opacity=1, ori=0.0, pos=array([0., 0.]), size=array([0.5, 0.5]), texRes=128.0, units='height', win=Window(...))
9.1374 	EXP 	Created text_3 = TextStim(__class__=<class 'psychopy.visual.text.TextStim'>, alignHoriz=method-wrapper(...), alignText='center', alignVert=method-wrapper(...), anchorHoriz='center', anchorVert='center', antialias=True, autoDraw=False, autoLog=True, bold=False, color=array([1., 1., 1.]), colorSpace='rgb', contrast=1.0, depth=-1.0, draggable=False, flipHoriz=False, flipVert=False, font='Arial', fontFiles=[], height=0.05, italic=False, languageStyle='LTR', name='text_3', opacity=1, ori=0.0, pos=array([0., 0.]), rgb=UNKNOWN, text='Endding block', units='height', win=Window(...), wrapWidth=1)
0.0199 	INFO 	Keyboard events cleared
0.0194 	EXP 	text: autoDraw = True
0.0194 	EXP 	text_2: autoDraw = True
118.4761 	DATA 	Mouse: Left button down, pos=(588,234)
118.5277 	DATA 	Mouse:  Left button up, pos=(588,234)
119.0266 	DEBUG 	Read csv file with pandas: blocks/block1.csv
119.0274 	DEBUG 	Clearing unnamed columns from blocks/block1.csv
119.0277 	EXP 	Imported blocks/block1.csv as conditions, 5 conditions, 4 params
119.0279 	EXP 	New trial (rep=0, index=0): <Trial 0 (0 in rep 0) data={'block': 1, 'trial': 1, 'image': 'faces/unknown/unknown_48.jpg', 'type': 'unknown', 'thisN': 0, 'thisTrialN': 0, 'thisRepN': 0}>
119.0289 	DATA 	Keypress: space
119.0326 	EXP 	text: autoDraw = False
119.0326 	EXP 	text_2: autoDraw = False
120.0153 	EXP 	cross: autoDraw = True
121.0400 	INFO 	Keyboard events cleared
121.0397 	EXP 	cross: autoDraw = False
121.0397 	EXP 	cross: autoDraw = False
121.0397 	EXP 	faces_image: image = 'faces/unknown/unknown_48.jpg'
121.0397 	EXP 	faces_image: autoDraw = True
122.9981 	EXP 	New trial (rep=0, index=1): <Trial 1 (1 in rep 0) data={'block': 1, 'trial': 2, 'image': 'faces/unknown/unknown_174.jpg', 'type': 'unknown', 'thisN': 1, 'thisTrialN': 1, 'thisRepN': 0}>
123.0027 	EXP 	faces_image: autoDraw = False
123.9844 	EXP 	cross: autoDraw = True
124.9122 	INFO 	Keyboard events cleared
124.9119 	EXP 	cross: autoDraw = False
124.9119 	EXP 	cross: autoDraw = False
124.9119 	EXP 	faces_image: image = 'faces/unknown/unknown_174.jpg'
124.9119 	EXP 	faces_image: autoDraw = True
126.8825 	EXP 	New trial (rep=0, index=2): <Trial 2 (2 in rep 0) data={'block': 1, 'trial': 3, 'image': 'faces/unknown/unknown_66.jpg', 'type': 'unknown', 'thisN': 2, 'thisTrialN': 2, 'thisRepN': 0}>
126.8873 	EXP 	faces_image: autoDraw = False
127.8690 	EXP 	cross: autoDraw = True
128.8334 	INFO 	Keyboard events cleared
128.8331 	EXP 	cross: autoDraw = False
128.8331 	EXP 	cross: autoDraw = False
128.8331 	EXP 	faces_image: image = 'faces/unknown/unknown_66.jpg'
128.8331 	EXP 	faces_image: autoDraw = True
130.7979 	EXP 	New trial (rep=0, index=3): <Trial 3 (3 in rep 0) data={'block': 1, 'trial': 4, 'image': 'faces/unknown/unknown_267.jpg', 'type': 'unknown', 'thisN': 3, 'thisTrialN': 3, 'thisRepN': 0}>
130.8031 	EXP 	faces_image: autoDraw = False
131.8036 	EXP 	cross: autoDraw = True
132.5667 	INFO 	Keyboard events cleared
132.5663 	EXP 	cross: autoDraw = False
132.5663 	EXP 	cross: autoDraw = False
132.5663 	EXP 	faces_image: image = 'faces/unknown/unknown_267.jpg'
132.5663 	EXP 	faces_image: autoDraw = True
134.5134 	EXP 	New trial (rep=0, index=4): <Trial 4 (4 in rep 0) data={'block': 1, 'trial': 5, 'image': 'faces/unknown/unknown_210.jpg', 'type': 'unknown', 'thisN': 4, 'thisTrialN': 4, 'thisRepN': 0}>
134.5178 	EXP 	faces_image: autoDraw = False
135.5054 	EXP 	cross: autoDraw = True
136.5014 	INFO 	Keyboard events cleared
136.5003 	EXP 	cross: autoDraw = False
136.5003 	EXP 	cross: autoDraw = False
136.5003 	EXP 	faces_image: image = 'faces/unknown/unknown_210.jpg'
136.5003 	EXP 	faces_image: autoDraw = True
138.4145 	EXP 	faces_image: autoDraw = False
138.4145 	EXP 	text_3: autoDraw = True
139.4148 	EXP 	text_3: autoDraw = False
139.4196 	EXP 	project: status = STOPPED
139.4665 	INFO 	saved data to 'C:\\Users\\napat\\Documents\\GitHub\\BCI-P300-project\\data/101697_project_2025-05-04_17h08.51.165.csv'
139.4683 	INFO 	saved data to C:\Users\napat\Documents\GitHub\BCI-P300-project\data/101697_project_2025-05-04_17h08.51.165.psydat
140.1147 	DEBUG 	Saving data for project ExperimentHandler
