8.9300 	DEBUG 	Fullscreen settings ignored as running in pilot mode.
8.9307 	INFO 	Loaded monitor calibration from ['2025_03_07 15:28']
9.9197 	EXP 	Created window1 = Window(allowGUI=False, allowStencil=False, autoLog=True, backendConf=UNKNOWN, backgroundFit=<method-wrapper '__getattribute__' of attributeSetter object at 0x000001DA4189B580>, backgroundImage=<method-wrapper '__getattribute__' of attributeSetter object at 0x000001DA4189B520>, bitsMode=UNKNOWN, blendMode='avg', bpc=(8, 8, 8), color=array([0, 0, 0]), colorSpace='rgb', depthBits=8, fullscr=False, gamma=None, gammaErrorPolicy='raise', infoMsg=UNKNOWN, lms=UNKNOWN, monitor=<psychopy.monitors.calibTools.Monitor object at 0x000001DA4194DF60>, multiSample=False, name='window1', numSamples=2, pos=[560.0, 240.0], screen=0, size=array([800, 600]), stencilBits=0, stereo=False, title='PsychoPy', units='height', useFBO=True, useRetina=False, viewOri=0.0, viewPos=None, viewScale=None, waitBlanking=True, winType='pyglet')
9.9197 	EXP 	window1: backgroundImage = ''
9.9197 	EXP 	window1: backgroundFit = 'none'
9.9316 	DEBUG 	TextBox2 loaded 1 chars with 0 blanks and 1 valid
9.9322 	DEBUG 	TextBox2 loaded 1 chars with 0 blanks and 1 valid
9.9327 	DEBUG 	TextBox2 loaded 1 chars with 0 blanks and 1 valid
9.9334 	DEBUG 	TextBox2 loaded 1 chars with 0 blanks and 1 valid
9.9340 	DEBUG 	TextBox2 loaded 1 chars with 0 blanks and 1 valid
9.9343 	DEBUG 	TextBox2 loaded 1 chars with 0 blanks and 1 valid
9.9348 	DEBUG 	TextBox2 loaded 1 chars with 0 blanks and 1 valid
9.9355 	DEBUG 	TextBox2 loaded 1 chars with 0 blanks and 1 valid
9.9357 	DEBUG 	TextBox2 loaded 1 chars with 0 blanks and 1 valid
9.9360 	DEBUG 	TextBox2 loaded 1 chars with 0 blanks and 1 valid
9.9365 	DEBUG 	TextBox2 loaded 1 chars with 0 blanks and 1 valid
9.9371 	DEBUG 	TextBox2 loaded 1 chars with 0 blanks and 1 valid
9.9375 	DEBUG 	TextBox2 loaded 1 chars with 0 blanks and 1 valid
9.9380 	DEBUG 	TextBox2 loaded 1 chars with 0 blanks and 1 valid
9.9385 	DEBUG 	TextBox2 loaded 1 chars with 0 blanks and 1 valid
9.9390 	DEBUG 	TextBox2 loaded 1 chars with 0 blanks and 1 valid
9.9396 	DEBUG 	TextBox2 loaded 1 chars with 0 blanks and 1 valid
9.9399 	DEBUG 	TextBox2 loaded 1 chars with 0 blanks and 1 valid
9.9402 	DEBUG 	TextBox2 loaded 1 chars with 0 blanks and 1 valid
9.9409 	DEBUG 	TextBox2 loaded 1 chars with 0 blanks and 1 valid
9.9412 	DEBUG 	TextBox2 loaded 1 chars with 0 blanks and 1 valid
9.9420 	DEBUG 	Uploading Texture Font fontname to graphics card
9.9485 	DEBUG 	Upload of Texture Font fontname complete
9.9531 	DEBUG 	TextBox2 loaded 1 chars with 0 blanks and 1 valid
9.9538 	DEBUG 	TextBox2 loaded 1 chars with 0 blanks and 1 valid
9.9545 	DEBUG 	TextBox2 loaded 1 chars with 0 blanks and 1 valid
9.9547 	DEBUG 	Uploading Texture Font fontname to graphics card
9.9610 	DEBUG 	Upload of Texture Font fontname complete
9.9623 	EXP 	window1: Attempting to measure frame rate of screen (0) ...
9.9623 	EXP 	window1: recordFrameIntervals = False
10.0280 	EXP 	window1: recordFrameIntervals = True
10.0949 	EXP 	Screen (0) actual frame rate measured at 164.46Hz
10.0949 	EXP 	window1: recordFrameIntervals = False
10.0991 	DEBUG 	TextBox2 loaded 1 chars with 0 blanks and 1 valid
10.0996 	DEBUG 	TextBox2 loaded 1 chars with 0 blanks and 1 valid
10.1002 	DEBUG 	TextBox2 loaded 1 chars with 0 blanks and 1 valid
10.1010 	DEBUG 	TextBox2 loaded 1 chars with 0 blanks and 1 valid
10.1017 	DEBUG 	TextBox2 loaded 1 chars with 0 blanks and 1 valid
10.1024 	DEBUG 	TextBox2 loaded 1 chars with 0 blanks and 1 valid
10.1028 	DEBUG 	TextBox2 loaded 1 chars with 0 blanks and 1 valid
10.1034 	DEBUG 	TextBox2 loaded 1 chars with 0 blanks and 1 valid
10.1041 	DEBUG 	TextBox2 loaded 1 chars with 0 blanks and 1 valid
10.1048 	DEBUG 	TextBox2 loaded 1 chars with 0 blanks and 1 valid
10.1050 	DEBUG 	Uploading Texture Font fontname to graphics card
10.1055 	DEBUG 	Upload of Texture Font fontname complete
10.1470 	WARNING 	launchHubServer: If using the iohub mouse or eyetracker devices, fullScr should be True.
13.1660 	INFO 	keyboard.Keyboard is using iohub backend.
13.1660 	INFO 	keyboard.Keyboard is using iohub backend.
13.1660 	INFO 	keyboard.Keyboard is using iohub backend.
13.1660 	EXP 	project: status = STARTED
13.4464 	EXP 	Created text = TextStim(__class__=<class 'psychopy.visual.text.TextStim'>, alignHoriz=method-wrapper(...), alignText='center', alignVert=method-wrapper(...), anchorHoriz='center', anchorVert='center', antialias=True, autoDraw=False, autoLog=True, bold=False, color=array([1., 1., 1.]), colorSpace='rgb', contrast=1.0, depth=0.0, draggable=False, flipHoriz=False, flipVert=False, font='Arial', fontFiles=[], height=0.05, italic=False, languageStyle='LTR', name='text', opacity=1, ori=0.0, pos=array([0. , 0.1]), rgb=UNKNOWN, text="Please don't move or blink", units='height', win=Window(...), wrapWidth=1)
13.4511 	EXP 	Created text_2 = TextStim(__class__=<class 'psychopy.visual.text.TextStim'>, alignHoriz=method-wrapper(...), alignText='center', alignVert=method-wrapper(...), anchorHoriz='center', anchorVert='center', antialias=True, autoDraw=False, autoLog=True, bold=False, color=array([1., 1., 1.]), colorSpace='rgb', contrast=1.0, depth=-1.0, draggable=False, flipHoriz=False, flipVert=False, font='Arial', fontFiles=[], height=0.05, italic=False, languageStyle='LTR', name='text_2', opacity=1, ori=0.0, pos=array([0., 0.]), rgb=UNKNOWN, text='If you ready, press [space bar]\n', units='height', win=Window(...), wrapWidth=1)
13.4603 	EXP 	Created cross = ShapeStim(__class__=<class 'psychopy.visual.shape.ShapeStim'>, anchor=('center', 'center'), autoDraw=False, autoLog=True, closeShape=True, color=method-wrapper(...), colorSpace='rgb', contrast=None, depth=0.0, draggable=False, fillColor=array([1, 1, 1]), fillColorSpace='rgb', fillRGB=array([1, 1, 1]), interpolate=True, lineColor=array([1., 1., 1.]), lineColorSpace='rgb', lineRGB=array([1, 1, 1]), lineWidth=1.0, name='cross', opacity=1, ori=0.0, pos=array([0., 0.]), size=array([0.1, 0.1]), units='height', vertices=ndarray(...), win=Window(...), windingRule=None)
13.4635 	EXP 	Created faces = ImageStim(__class__=<class 'psychopy.visual.image.ImageStim'>, anchor=('center', 'center'), autoLog=True, color=array([1., 1., 1.]), colorSpace='rgb', contrast=1.0, depth=-1.0, draggable=False, flipHoriz=False, flipVert=False, image='default.png', interpolate=True, mask=None, maskParams=None, name='faces', opacity=1, ori=0.0, pos=array([0., 0.]), size=array([0.5, 0.5]), texRes=128.0, units='height', win=Window(...))
13.4663 	EXP 	Created text_3 = TextStim(__class__=<class 'psychopy.visual.text.TextStim'>, alignHoriz=method-wrapper(...), alignText='center', alignVert=method-wrapper(...), anchorHoriz='center', anchorVert='center', antialias=True, autoDraw=False, autoLog=True, bold=False, color=array([1., 1., 1.]), colorSpace='rgb', contrast=1.0, depth=-1.0, draggable=False, flipHoriz=False, flipVert=False, font='Arial', fontFiles=[], height=0.05, italic=False, languageStyle='LTR', name='text_3', opacity=1, ori=0.0, pos=array([0., 0.]), rgb=UNKNOWN, text='Endding block', units='height', win=Window(...), wrapWidth=1)
0.0103 	INFO 	Keyboard events cleared
0.0102 	EXP 	text: autoDraw = True
0.0102 	EXP 	text_2: autoDraw = True
0.8387 	DEBUG 	Read csv file with pandas: blocks/block1.csv
0.8400 	DEBUG 	Clearing unnamed columns from blocks/block1.csv
0.8404 	EXP 	Imported blocks/block1.csv as conditions, 5 conditions, 4 params
0.8406 	EXP 	New trial (rep=0, index=0): <Trial 0 (0 in rep 0) data={'block': 1, 'trial': 1, 'image': 'faces/unknown/unknown_48.jpg', 'type': 'unknown', 'thisN': 0, 'thisTrialN': 0, 'thisRepN': 0}>
0.8716 	DATA 	Keypress: space
0.8769 	EXP 	text: autoDraw = False
0.8769 	EXP 	text_2: autoDraw = False
0.8769 	EXP 	faces: image = 'faces/unknown/unknown_48.jpg'
1.8280 	EXP 	cross: autoDraw = True
2.7746 	EXP 	cross: autoDraw = False
2.8413 	INFO 	Keyboard events cleared
2.8410 	EXP 	faces: autoDraw = True
4.8309 	EXP 	New trial (rep=0, index=1): <Trial 1 (1 in rep 0) data={'block': 1, 'trial': 2, 'image': 'faces/unknown/unknown_174.jpg', 'type': 'unknown', 'thisN': 1, 'thisTrialN': 1, 'thisRepN': 0}>
4.8647 	EXP 	faces: autoDraw = False
4.8647 	EXP 	cross: autoDraw = False
4.8647 	EXP 	faces: autoDraw = False
4.8647 	EXP 	faces: image = 'faces/unknown/unknown_174.jpg'
5.8221 	EXP 	cross: autoDraw = True
6.7675 	EXP 	cross: autoDraw = False
6.8225 	INFO 	Keyboard events cleared
6.8222 	EXP 	faces: autoDraw = True
8.8115 	EXP 	New trial (rep=0, index=2): <Trial 2 (2 in rep 0) data={'block': 1, 'trial': 3, 'image': 'faces/unknown/unknown_66.jpg', 'type': 'unknown', 'thisN': 2, 'thisTrialN': 2, 'thisRepN': 0}>
8.8468 	EXP 	faces: autoDraw = False
8.8468 	EXP 	cross: autoDraw = False
8.8468 	EXP 	faces: autoDraw = False
8.8468 	EXP 	faces: image = 'faces/unknown/unknown_66.jpg'
9.8040 	EXP 	cross: autoDraw = True
10.7494 	EXP 	cross: autoDraw = False
10.8047 	INFO 	Keyboard events cleared
10.8043 	EXP 	faces: autoDraw = True
12.7937 	EXP 	New trial (rep=0, index=3): <Trial 3 (3 in rep 0) data={'block': 1, 'trial': 4, 'image': 'faces/unknown/unknown_267.jpg', 'type': 'unknown', 'thisN': 3, 'thisTrialN': 3, 'thisRepN': 0}>
12.8285 	EXP 	faces: autoDraw = False
12.8285 	EXP 	cross: autoDraw = False
12.8285 	EXP 	faces: autoDraw = False
12.8285 	EXP 	faces: image = 'faces/unknown/unknown_267.jpg'
13.7852 	EXP 	cross: autoDraw = True
14.7311 	EXP 	cross: autoDraw = False
14.7858 	INFO 	Keyboard events cleared
14.7855 	EXP 	faces: autoDraw = True
16.7749 	EXP 	New trial (rep=0, index=4): <Trial 4 (4 in rep 0) data={'block': 1, 'trial': 5, 'image': 'faces/unknown/unknown_210.jpg', 'type': 'unknown', 'thisN': 4, 'thisTrialN': 4, 'thisRepN': 0}>
16.8038 	EXP 	faces: autoDraw = False
16.8038 	EXP 	cross: autoDraw = False
16.8038 	EXP 	faces: autoDraw = False
16.8038 	EXP 	faces: image = 'faces/unknown/unknown_210.jpg'
17.7671 	EXP 	cross: autoDraw = True
18.7133 	EXP 	cross: autoDraw = False
18.7674 	INFO 	Keyboard events cleared
18.7672 	EXP 	faces: autoDraw = True
20.7613 	EXP 	faces: autoDraw = False
20.7613 	EXP 	cross: autoDraw = False
20.7613 	EXP 	faces: autoDraw = False
20.7613 	EXP 	text_3: autoDraw = True
21.7553 	EXP 	text_3: autoDraw = False
21.7553 	EXP 	text_3: autoDraw = False
21.7567 	EXP 	project: status = STOPPED
21.7608 	INFO 	saved data to 'C:\\Users\\napat\\Documents\\GitHub\\BCI-P300-project\\data/1111_project_2025-05-04_16h05.49.016.csv'
21.7619 	INFO 	saved data to C:\Users\napat\Documents\GitHub\BCI-P300-project\data/1111_project_2025-05-04_16h05.49.016.psydat
22.1358 	DEBUG 	Saving data for project ExperimentHandler
