3.9118 	DEBUG 	Fullscreen settings ignored as running in pilot mode.
3.9124 	INFO 	Loaded monitor calibration from ['2025_03_07 15:28']
4.1060 	EXP 	Created window1 = Window(allowGUI=False, allowStencil=False, autoLog=True, backendConf=UNKNOWN, backgroundFit=<method-wrapper '__getattribute__' of attributeSetter object at 0x000001F35B2C74C0>, backgroundImage=<method-wrapper '__getattribute__' of attributeSetter object at 0x000001F35B2C7520>, bitsMode=UNKNOWN, blendMode='avg', bpc=(8, 8, 8), color=array([0, 0, 0]), colorSpace='rgb', depthBits=8, fullscr=False, gamma=None, gammaErrorPolicy='raise', infoMsg=UNKNOWN, lms=UNKNOWN, monitor=<psychopy.monitors.calibTools.Monitor object at 0x000001F35B354BB0>, multiSample=False, name='window1', numSamples=2, pos=[560.0, 240.0], screen=0, size=array([800, 600]), stencilBits=0, stereo=False, title='PsychoPy', units='height', useFBO=True, useRetina=False, viewOri=0.0, viewPos=None, viewScale=None, waitBlanking=True, winType='pyglet')
4.1061 	EXP 	window1: backgroundImage = ''
4.1061 	EXP 	window1: backgroundFit = 'none'
4.1119 	DEBUG 	TextBox2 loaded 1 chars with 0 blanks and 1 valid
4.1125 	DEBUG 	TextBox2 loaded 1 chars with 0 blanks and 1 valid
4.1131 	DEBUG 	TextBox2 loaded 1 chars with 0 blanks and 1 valid
4.1138 	DEBUG 	TextBox2 loaded 1 chars with 0 blanks and 1 valid
4.1144 	DEBUG 	TextBox2 loaded 1 chars with 0 blanks and 1 valid
4.1148 	DEBUG 	TextBox2 loaded 1 chars with 0 blanks and 1 valid
4.1153 	DEBUG 	TextBox2 loaded 1 chars with 0 blanks and 1 valid
4.1161 	DEBUG 	TextBox2 loaded 1 chars with 0 blanks and 1 valid
4.1165 	DEBUG 	TextBox2 loaded 1 chars with 0 blanks and 1 valid
4.1168 	DEBUG 	TextBox2 loaded 1 chars with 0 blanks and 1 valid
4.1174 	DEBUG 	TextBox2 loaded 1 chars with 0 blanks and 1 valid
4.1179 	DEBUG 	TextBox2 loaded 1 chars with 0 blanks and 1 valid
4.1184 	DEBUG 	TextBox2 loaded 1 chars with 0 blanks and 1 valid
4.1189 	DEBUG 	TextBox2 loaded 1 chars with 0 blanks and 1 valid
4.1194 	DEBUG 	TextBox2 loaded 1 chars with 0 blanks and 1 valid
4.1199 	DEBUG 	TextBox2 loaded 1 chars with 0 blanks and 1 valid
4.1204 	DEBUG 	TextBox2 loaded 1 chars with 0 blanks and 1 valid
4.1208 	DEBUG 	TextBox2 loaded 1 chars with 0 blanks and 1 valid
4.1212 	DEBUG 	TextBox2 loaded 1 chars with 0 blanks and 1 valid
4.1219 	DEBUG 	TextBox2 loaded 1 chars with 0 blanks and 1 valid
4.1222 	DEBUG 	TextBox2 loaded 1 chars with 0 blanks and 1 valid
4.1226 	DEBUG 	Uploading Texture Font fontname to graphics card
4.1283 	DEBUG 	Upload of Texture Font fontname complete
4.1332 	DEBUG 	TextBox2 loaded 1 chars with 0 blanks and 1 valid
4.1339 	DEBUG 	TextBox2 loaded 1 chars with 0 blanks and 1 valid
4.1349 	DEBUG 	TextBox2 loaded 1 chars with 0 blanks and 1 valid
4.1351 	DEBUG 	Uploading Texture Font fontname to graphics card
4.1392 	DEBUG 	Upload of Texture Font fontname complete
4.1407 	EXP 	window1: Attempting to measure frame rate of screen (0) ...
4.1407 	EXP 	window1: recordFrameIntervals = False
4.2198 	EXP 	window1: recordFrameIntervals = True
4.2862 	EXP 	Screen (0) actual frame rate measured at 165.00Hz
4.2862 	EXP 	window1: recordFrameIntervals = False
4.2905 	DEBUG 	TextBox2 loaded 1 chars with 0 blanks and 1 valid
4.2909 	DEBUG 	TextBox2 loaded 1 chars with 0 blanks and 1 valid
4.2916 	DEBUG 	TextBox2 loaded 1 chars with 0 blanks and 1 valid
4.2924 	DEBUG 	TextBox2 loaded 1 chars with 0 blanks and 1 valid
4.2930 	DEBUG 	TextBox2 loaded 1 chars with 0 blanks and 1 valid
4.2937 	DEBUG 	TextBox2 loaded 1 chars with 0 blanks and 1 valid
4.2941 	DEBUG 	TextBox2 loaded 1 chars with 0 blanks and 1 valid
4.2948 	DEBUG 	TextBox2 loaded 1 chars with 0 blanks and 1 valid
4.2955 	DEBUG 	TextBox2 loaded 1 chars with 0 blanks and 1 valid
4.2962 	DEBUG 	TextBox2 loaded 1 chars with 0 blanks and 1 valid
4.2964 	DEBUG 	Uploading Texture Font fontname to graphics card
4.2969 	DEBUG 	Upload of Texture Font fontname complete
4.3062 	WARNING 	launchHubServer: If using the iohub mouse or eyetracker devices, fullScr should be True.
6.2744 	INFO 	keyboard.Keyboard is using iohub backend.
6.2745 	INFO 	keyboard.Keyboard is using iohub backend.
6.2745 	INFO 	keyboard.Keyboard is using iohub backend.
6.2745 	EXP 	project: status = STARTED
6.3399 	EXP 	Created text = TextStim(__class__=<class 'psychopy.visual.text.TextStim'>, alignHoriz=method-wrapper(...), alignText='center', alignVert=method-wrapper(...), anchorHoriz='center', anchorVert='center', antialias=True, autoDraw=False, autoLog=True, bold=False, color=array([1., 1., 1.]), colorSpace='rgb', contrast=1.0, depth=0.0, draggable=False, flipHoriz=False, flipVert=False, font='Arial', fontFiles=[], height=0.05, italic=False, languageStyle='LTR', name='text', opacity=1, ori=0.0, pos=array([0. , 0.1]), rgb=UNKNOWN, text="Please don't move or blink", units='height', win=Window(...), wrapWidth=1)
6.3447 	EXP 	Created text_2 = TextStim(__class__=<class 'psychopy.visual.text.TextStim'>, alignHoriz=method-wrapper(...), alignText='center', alignVert=method-wrapper(...), anchorHoriz='center', anchorVert='center', antialias=True, autoDraw=False, autoLog=True, bold=False, color=array([1., 1., 1.]), colorSpace='rgb', contrast=1.0, depth=-1.0, draggable=False, flipHoriz=False, flipVert=False, font='Arial', fontFiles=[], height=0.05, italic=False, languageStyle='LTR', name='text_2', opacity=1, ori=0.0, pos=array([0., 0.]), rgb=UNKNOWN, text='If you ready, press [space bar]\n', units='height', win=Window(...), wrapWidth=1)
6.3592 	EXP 	Created cross = ShapeStim(__class__=<class 'psychopy.visual.shape.ShapeStim'>, anchor=('center', 'center'), autoDraw=False, autoLog=True, closeShape=True, color=method-wrapper(...), colorSpace='rgb', contrast=None, depth=-1.0, draggable=False, fillColor=array([1, 1, 1]), fillColorSpace='rgb', fillRGB=array([1, 1, 1]), interpolate=True, lineColor=array([1., 1., 1.]), lineColorSpace='rgb', lineRGB=array([1, 1, 1]), lineWidth=1.0, name='cross', opacity=1, ori=0.0, pos=array([0., 0.]), size=array([0.1, 0.1]), units='height', vertices=ndarray(...), win=Window(...), windingRule=None)
6.3622 	EXP 	Created faces_image = ImageStim(__class__=<class 'psychopy.visual.image.ImageStim'>, anchor=('center', 'center'), autoLog=True, color=array([1., 1., 1.]), colorSpace='rgb', contrast=1.0, depth=0.0, draggable=False, flipHoriz=False, flipVert=False, image='default.png', interpolate=True, mask=None, maskParams=None, name='faces_image', opacity=1, ori=0.0, pos=array([0., 0.]), size=array([0.5, 0.5]), texRes=128.0, units='height', win=Window(...))
6.3652 	EXP 	Created text_3 = TextStim(__class__=<class 'psychopy.visual.text.TextStim'>, alignHoriz=method-wrapper(...), alignText='center', alignVert=method-wrapper(...), anchorHoriz='center', anchorVert='center', antialias=True, autoDraw=False, autoLog=True, bold=False, color=array([1., 1., 1.]), colorSpace='rgb', contrast=1.0, depth=-1.0, draggable=False, flipHoriz=False, flipVert=False, font='Arial', fontFiles=[], height=0.05, italic=False, languageStyle='LTR', name='text_3', opacity=1, ori=0.0, pos=array([0., 0.]), rgb=UNKNOWN, text='Endding block', units='height', win=Window(...), wrapWidth=1)
0.0116 	INFO 	Keyboard events cleared
0.0114 	EXP 	text: autoDraw = True
0.0114 	EXP 	text_2: autoDraw = True
0.4299 	DEBUG 	Read csv file with pandas: blocks/block1.csv
0.4307 	DEBUG 	Clearing unnamed columns from blocks/block1.csv
0.4311 	EXP 	Imported blocks/block1.csv as conditions, 5 conditions, 4 params
0.4312 	EXP 	New trial (rep=0, index=0): <Trial 0 (0 in rep 0) data={'block': 1, 'trial': 1, 'image': 'faces/unknown/unknown_48.jpg', 'type': 'unknown', 'thisN': 0, 'thisTrialN': 0, 'thisRepN': 0}>
0.4322 	DATA 	Keypress: space
0.4355 	EXP 	text: autoDraw = False
0.4355 	EXP 	text_2: autoDraw = False
1.4175 	EXP 	cross: autoDraw = True
2.4062 	INFO 	Keyboard events cleared
2.4058 	EXP 	cross: autoDraw = False
2.4058 	EXP 	cross: autoDraw = False
2.4058 	EXP 	faces_image: image = 'faces/unknown/unknown_48.jpg'
2.4058 	EXP 	faces_image: autoDraw = True
4.3710 	EXP 	New trial (rep=0, index=1): <Trial 1 (1 in rep 0) data={'block': 1, 'trial': 2, 'image': 'faces/unknown/unknown_174.jpg', 'type': 'unknown', 'thisN': 1, 'thisTrialN': 1, 'thisRepN': 0}>
4.3751 	EXP 	faces_image: autoDraw = False
5.3569 	EXP 	cross: autoDraw = True
6.1454 	INFO 	Keyboard events cleared
6.1451 	EXP 	cross: autoDraw = False
6.1451 	EXP 	cross: autoDraw = False
6.1451 	EXP 	faces_image: image = 'faces/unknown/unknown_174.jpg'
6.1451 	EXP 	faces_image: autoDraw = True
8.1217 	EXP 	New trial (rep=0, index=2): <Trial 2 (2 in rep 0) data={'block': 1, 'trial': 3, 'image': 'faces/unknown/unknown_66.jpg', 'type': 'unknown', 'thisN': 2, 'thisTrialN': 2, 'thisRepN': 0}>
8.1263 	EXP 	faces_image: autoDraw = False
9.1087 	EXP 	cross: autoDraw = True
9.8784 	INFO 	Keyboard events cleared
9.8782 	EXP 	cross: autoDraw = False
9.8782 	EXP 	cross: autoDraw = False
9.8782 	EXP 	faces_image: image = 'faces/unknown/unknown_66.jpg'
9.8782 	EXP 	faces_image: autoDraw = True
11.8488 	EXP 	New trial (rep=0, index=3): <Trial 3 (3 in rep 0) data={'block': 1, 'trial': 4, 'image': 'faces/unknown/unknown_267.jpg', 'type': 'unknown', 'thisN': 3, 'thisTrialN': 3, 'thisRepN': 0}>
11.8536 	EXP 	faces_image: autoDraw = False
12.8353 	EXP 	cross: autoDraw = True
13.7935 	INFO 	Keyboard events cleared
13.7932 	EXP 	cross: autoDraw = False
13.7932 	EXP 	cross: autoDraw = False
13.7932 	EXP 	faces_image: image = 'faces/unknown/unknown_267.jpg'
13.7932 	EXP 	faces_image: autoDraw = True
15.7644 	EXP 	New trial (rep=0, index=4): <Trial 4 (4 in rep 0) data={'block': 1, 'trial': 5, 'image': 'faces/unknown/unknown_210.jpg', 'type': 'unknown', 'thisN': 4, 'thisTrialN': 4, 'thisRepN': 0}>
15.7691 	EXP 	faces_image: autoDraw = False
16.7568 	EXP 	cross: autoDraw = True
17.5508 	INFO 	Keyboard events cleared
17.5505 	EXP 	cross: autoDraw = False
17.5505 	EXP 	cross: autoDraw = False
17.5505 	EXP 	faces_image: image = 'faces/unknown/unknown_210.jpg'
17.5505 	EXP 	faces_image: autoDraw = True
19.5264 	EXP 	faces_image: autoDraw = False
19.5264 	EXP 	text_3: autoDraw = True
20.5204 	EXP 	text_3: autoDraw = False
20.5204 	EXP 	text_3: autoDraw = False
20.5216 	EXP 	project: status = STOPPED
20.5509 	INFO 	saved data to 'C:\\Users\\napat\\Documents\\GitHub\\BCI-P300-project\\data/116541_project_2025-05-04_17h17.18.613.csv'
20.5516 	INFO 	saved data to C:\Users\napat\Documents\GitHub\BCI-P300-project\data/116541_project_2025-05-04_17h17.18.613.psydat
20.8633 	DEBUG 	Saving data for project ExperimentHandler
