7.2181 	DEBUG 	Fullscreen settings ignored as running in pilot mode.
7.2198 	INFO 	Loaded monitor calibration from ['2025_03_07 15:28']
7.4363 	EXP 	Created window1 = Window(allowGUI=False, allowStencil=False, autoLog=True, backendConf=UNKNOWN, backgroundFit=<method-wrapper '__getattribute__' of attributeSetter object at 0x00000183E8EF3640>, backgroundImage=<method-wrapper '__getattribute__' of attributeSetter object at 0x00000183E8EF36A0>, bitsMode=UNKNOWN, blendMode='avg', bpc=(8, 8, 8), color=array([0, 0, 0]), colorSpace='rgb', depthBits=8, fullscr=False, gamma=None, gammaErrorPolicy='raise', infoMsg=UNKNOWN, lms=UNKNOWN, monitor=<psychopy.monitors.calibTools.Monitor object at 0x00000183E8F84BE0>, multiSample=False, name='window1', numSamples=2, pos=[560.0, 240.0], screen=0, size=array([800, 600]), stencilBits=0, stereo=False, title='PsychoPy', units='height', useFBO=True, useRetina=False, viewOri=0.0, viewPos=None, viewScale=None, waitBlanking=True, winType='pyglet')
7.4364 	EXP 	window1: backgroundImage = ''
7.4364 	EXP 	window1: backgroundFit = 'none'
7.4426 	DEBUG 	TextBox2 loaded 1 chars with 0 blanks and 1 valid
7.4432 	DEBUG 	TextBox2 loaded 1 chars with 0 blanks and 1 valid
7.4439 	DEBUG 	TextBox2 loaded 1 chars with 0 blanks and 1 valid
7.4447 	DEBUG 	TextBox2 loaded 1 chars with 0 blanks and 1 valid
7.4454 	DEBUG 	TextBox2 loaded 1 chars with 0 blanks and 1 valid
7.4457 	DEBUG 	TextBox2 loaded 1 chars with 0 blanks and 1 valid
7.4463 	DEBUG 	TextBox2 loaded 1 chars with 0 blanks and 1 valid
7.4470 	DEBUG 	TextBox2 loaded 1 chars with 0 blanks and 1 valid
7.4474 	DEBUG 	TextBox2 loaded 1 chars with 0 blanks and 1 valid
7.4477 	DEBUG 	TextBox2 loaded 1 chars with 0 blanks and 1 valid
7.4483 	DEBUG 	TextBox2 loaded 1 chars with 0 blanks and 1 valid
7.4489 	DEBUG 	TextBox2 loaded 1 chars with 0 blanks and 1 valid
7.4494 	DEBUG 	TextBox2 loaded 1 chars with 0 blanks and 1 valid
7.4499 	DEBUG 	TextBox2 loaded 1 chars with 0 blanks and 1 valid
7.4504 	DEBUG 	TextBox2 loaded 1 chars with 0 blanks and 1 valid
7.4510 	DEBUG 	TextBox2 loaded 1 chars with 0 blanks and 1 valid
7.4515 	DEBUG 	TextBox2 loaded 1 chars with 0 blanks and 1 valid
7.4518 	DEBUG 	TextBox2 loaded 1 chars with 0 blanks and 1 valid
7.4522 	DEBUG 	TextBox2 loaded 1 chars with 0 blanks and 1 valid
7.4529 	DEBUG 	TextBox2 loaded 1 chars with 0 blanks and 1 valid
7.4532 	DEBUG 	TextBox2 loaded 1 chars with 0 blanks and 1 valid
7.4535 	DEBUG 	Uploading Texture Font fontname to graphics card
7.4580 	DEBUG 	Upload of Texture Font fontname complete
7.4639 	DEBUG 	TextBox2 loaded 1 chars with 0 blanks and 1 valid
7.4647 	DEBUG 	TextBox2 loaded 1 chars with 0 blanks and 1 valid
7.4655 	DEBUG 	TextBox2 loaded 1 chars with 0 blanks and 1 valid
7.4657 	DEBUG 	Uploading Texture Font fontname to graphics card
7.4685 	DEBUG 	Upload of Texture Font fontname complete
7.4701 	EXP 	window1: Attempting to measure frame rate of screen (0) ...
7.4701 	EXP 	window1: recordFrameIntervals = False
7.5467 	EXP 	window1: recordFrameIntervals = True
7.6132 	EXP 	Screen (0) actual frame rate measured at 167.34Hz
7.6133 	EXP 	window1: recordFrameIntervals = False
7.6180 	DEBUG 	TextBox2 loaded 1 chars with 0 blanks and 1 valid
7.6185 	DEBUG 	TextBox2 loaded 1 chars with 0 blanks and 1 valid
7.6192 	DEBUG 	TextBox2 loaded 1 chars with 0 blanks and 1 valid
7.6200 	DEBUG 	TextBox2 loaded 1 chars with 0 blanks and 1 valid
7.6208 	DEBUG 	TextBox2 loaded 1 chars with 0 blanks and 1 valid
7.6216 	DEBUG 	TextBox2 loaded 1 chars with 0 blanks and 1 valid
7.6220 	DEBUG 	TextBox2 loaded 1 chars with 0 blanks and 1 valid
7.6227 	DEBUG 	TextBox2 loaded 1 chars with 0 blanks and 1 valid
7.6234 	DEBUG 	TextBox2 loaded 1 chars with 0 blanks and 1 valid
7.6241 	DEBUG 	TextBox2 loaded 1 chars with 0 blanks and 1 valid
7.6244 	DEBUG 	Uploading Texture Font fontname to graphics card
7.6248 	DEBUG 	Upload of Texture Font fontname complete
7.6340 	WARNING 	launchHubServer: If using the iohub mouse or eyetracker devices, fullScr should be True.
9.7072 	INFO 	keyboard.Keyboard is using iohub backend.
9.7072 	INFO 	keyboard.Keyboard is using iohub backend.
9.7072 	INFO 	keyboard.Keyboard is using iohub backend.
9.7073 	EXP 	project: status = STARTED
9.7669 	EXP 	Created text = TextStim(__class__=<class 'psychopy.visual.text.TextStim'>, alignHoriz=method-wrapper(...), alignText='center', alignVert=method-wrapper(...), anchorHoriz='center', anchorVert='center', antialias=True, autoDraw=False, autoLog=True, bold=False, color=array([1., 1., 1.]), colorSpace='rgb', contrast=1.0, depth=0.0, draggable=False, flipHoriz=False, flipVert=False, font='Arial', fontFiles=[], height=0.05, italic=False, languageStyle='LTR', name='text', opacity=1, ori=0.0, pos=array([0. , 0.1]), rgb=UNKNOWN, text="Please don't move or blink", units='height', win=Window(...), wrapWidth=1)
9.7726 	EXP 	Created text_2 = TextStim(__class__=<class 'psychopy.visual.text.TextStim'>, alignHoriz=method-wrapper(...), alignText='center', alignVert=method-wrapper(...), anchorHoriz='center', anchorVert='center', antialias=True, autoDraw=False, autoLog=True, bold=False, color=array([1., 1., 1.]), colorSpace='rgb', contrast=1.0, depth=-1.0, draggable=False, flipHoriz=False, flipVert=False, font='Arial', fontFiles=[], height=0.05, italic=False, languageStyle='LTR', name='text_2', opacity=1, ori=0.0, pos=array([0., 0.]), rgb=UNKNOWN, text='If you ready, press [space bar]\n', units='height', win=Window(...), wrapWidth=1)
9.7885 	EXP 	Created cross = ShapeStim(__class__=<class 'psychopy.visual.shape.ShapeStim'>, anchor=('center', 'center'), autoDraw=False, autoLog=True, closeShape=True, color=method-wrapper(...), colorSpace='rgb', contrast=None, depth=-1.0, draggable=False, fillColor=array([1, 1, 1]), fillColorSpace='rgb', fillRGB=array([1, 1, 1]), interpolate=True, lineColor=array([1., 1., 1.]), lineColorSpace='rgb', lineRGB=array([1, 1, 1]), lineWidth=1.0, name='cross', opacity=1, ori=0.0, pos=array([0., 0.]), size=array([0.1, 0.1]), units='height', vertices=ndarray(...), win=Window(...), windingRule=None)
9.7919 	EXP 	Created faces_image = ImageStim(__class__=<class 'psychopy.visual.image.ImageStim'>, anchor=('center', 'center'), autoLog=True, color=array([1., 1., 1.]), colorSpace='rgb', contrast=1.0, depth=0.0, draggable=False, flipHoriz=False, flipVert=False, image='default.png', interpolate=True, mask=None, maskParams=None, name='faces_image', opacity=1, ori=0.0, pos=array([0., 0.]), size=array([0.5, 0.5]), texRes=128.0, units='height', win=Window(...))
9.7949 	EXP 	Created text_3 = TextStim(__class__=<class 'psychopy.visual.text.TextStim'>, alignHoriz=method-wrapper(...), alignText='center', alignVert=method-wrapper(...), anchorHoriz='center', anchorVert='center', antialias=True, autoDraw=False, autoLog=True, bold=False, color=array([1., 1., 1.]), colorSpace='rgb', contrast=1.0, depth=-1.0, draggable=False, flipHoriz=False, flipVert=False, font='Arial', fontFiles=[], height=0.05, italic=False, languageStyle='LTR', name='text_3', opacity=1, ori=0.0, pos=array([0., 0.]), rgb=UNKNOWN, text='Endding block', units='height', win=Window(...), wrapWidth=1)
0.0017 	DATA 	Mouse: Left button down, pos=(674,382)
0.0018 	DATA 	Mouse:  Left button up, pos=(674,382)
0.0119 	INFO 	Keyboard events cleared
0.0117 	EXP 	text: autoDraw = True
0.0117 	EXP 	text_2: autoDraw = True
1.1943 	DEBUG 	Read csv file with pandas: blocks/block1.csv
1.1951 	DEBUG 	Clearing unnamed columns from blocks/block1.csv
1.1954 	EXP 	Imported blocks/block1.csv as conditions, 5 conditions, 4 params
1.1956 	EXP 	New trial (rep=0, index=0): <Trial 0 (0 in rep 0) data={'block': 1, 'trial': 1, 'image': 'faces/unknown/unknown_48.jpg', 'type': 'unknown', 'thisN': 0, 'thisTrialN': 0, 'thisRepN': 0}>
1.1967 	DATA 	Keypress: space
1.1994 	EXP 	text: autoDraw = False
1.1994 	EXP 	text_2: autoDraw = False
2.1815 	EXP 	cross: autoDraw = True
3.1637 	INFO 	Keyboard events cleared
3.1634 	EXP 	cross: autoDraw = False
3.1634 	EXP 	cross: autoDraw = False
3.1634 	EXP 	faces_image: image = 'faces/unknown/unknown_48.jpg'
3.1634 	EXP 	faces_image: autoDraw = True
5.1284 	EXP 	New trial (rep=0, index=1): <Trial 1 (1 in rep 0) data={'block': 1, 'trial': 2, 'image': 'faces/unknown/unknown_174.jpg', 'type': 'unknown', 'thisN': 1, 'thisTrialN': 1, 'thisRepN': 0}>
5.1331 	EXP 	faces_image: autoDraw = False
6.1145 	EXP 	cross: autoDraw = True
7.0120 	INFO 	Keyboard events cleared
7.0117 	EXP 	cross: autoDraw = False
7.0117 	EXP 	cross: autoDraw = False
7.0117 	EXP 	faces_image: image = 'faces/unknown/unknown_174.jpg'
7.0117 	EXP 	faces_image: autoDraw = True
8.9831 	EXP 	New trial (rep=0, index=2): <Trial 2 (2 in rep 0) data={'block': 1, 'trial': 3, 'image': 'faces/unknown/unknown_66.jpg', 'type': 'unknown', 'thisN': 2, 'thisTrialN': 2, 'thisRepN': 0}>
8.9877 	EXP 	faces_image: autoDraw = False
9.9690 	EXP 	cross: autoDraw = True
10.8482 	INFO 	Keyboard events cleared
10.8479 	EXP 	cross: autoDraw = False
10.8479 	EXP 	cross: autoDraw = False
10.8479 	EXP 	faces_image: image = 'faces/unknown/unknown_66.jpg'
10.8479 	EXP 	faces_image: autoDraw = True
12.8189 	EXP 	New trial (rep=0, index=3): <Trial 3 (3 in rep 0) data={'block': 1, 'trial': 4, 'image': 'faces/unknown/unknown_267.jpg', 'type': 'unknown', 'thisN': 3, 'thisTrialN': 3, 'thisRepN': 0}>
12.8238 	EXP 	faces_image: autoDraw = False
13.8056 	EXP 	cross: autoDraw = True
14.4663 	INFO 	Keyboard events cleared
14.4660 	EXP 	cross: autoDraw = False
14.4660 	EXP 	cross: autoDraw = False
14.4660 	EXP 	faces_image: image = 'faces/unknown/unknown_267.jpg'
14.4660 	EXP 	faces_image: autoDraw = True
16.4381 	EXP 	New trial (rep=0, index=4): <Trial 4 (4 in rep 0) data={'block': 1, 'trial': 5, 'image': 'faces/unknown/unknown_210.jpg', 'type': 'unknown', 'thisN': 4, 'thisTrialN': 4, 'thisRepN': 0}>
16.4418 	EXP 	faces_image: autoDraw = False
17.4298 	EXP 	cross: autoDraw = True
18.3088 	INFO 	Keyboard events cleared
18.3085 	EXP 	cross: autoDraw = False
18.3085 	EXP 	cross: autoDraw = False
18.3085 	EXP 	faces_image: image = 'faces/unknown/unknown_210.jpg'
18.3085 	EXP 	faces_image: autoDraw = True
20.2841 	EXP 	faces_image: autoDraw = False
20.2841 	EXP 	text_3: autoDraw = True
21.2778 	EXP 	text_3: autoDraw = False
21.2778 	EXP 	text_3: autoDraw = False
21.2789 	EXP 	project: status = STOPPED
21.3073 	INFO 	saved data to 'C:\\Users\\napat\\Documents\\GitHub\\BCI-P300-project\\data/184743_project_2025-05-04_17h18.25.371.csv'
21.3081 	INFO 	saved data to C:\Users\napat\Documents\GitHub\BCI-P300-project\data/184743_project_2025-05-04_17h18.25.371.psydat
21.9221 	DEBUG 	Saving data for project ExperimentHandler
