4.0268 	DEBUG 	Fullscreen settings ignored as running in pilot mode.
4.0273 	INFO 	Loaded monitor calibration from ['2025_03_07 15:28']
4.2282 	EXP 	Created window1 = Window(allowGUI=False, allowStencil=False, autoLog=True, backendConf=UNKNOWN, backgroundFit=<method-wrapper '__getattribute__' of attributeSetter object at 0x00000278BFAD5BD0>, backgroundImage=<method-wrapper '__getattribute__' of attributeSetter object at 0x00000278BFAD5B70>, bitsMode=UNKNOWN, blendMode='avg', bpc=(8, 8, 8), color=array([0, 0, 0]), colorSpace='rgb', depthBits=8, fullscr=False, gamma=None, gammaErrorPolicy='raise', infoMsg=UNKNOWN, lms=UNKNOWN, monitor=<psychopy.monitors.calibTools.Monitor object at 0x00000278BFB94C70>, multiSample=False, name='window1', numSamples=2, pos=[560.0, 240.0], screen=0, size=array([800, 600]), stencilBits=0, stereo=False, title='PsychoPy', units='height', useFBO=True, useRetina=False, viewOri=0.0, viewPos=None, viewScale=None, waitBlanking=True, winType='pyglet')
4.2282 	EXP 	window1: backgroundImage = ''
4.2282 	EXP 	window1: backgroundFit = 'none'
4.2338 	DEBUG 	TextBox2 loaded 1 chars with 0 blanks and 1 valid
4.2343 	DEBUG 	TextBox2 loaded 1 chars with 0 blanks and 1 valid
4.2349 	DEBUG 	TextBox2 loaded 1 chars with 0 blanks and 1 valid
4.2356 	DEBUG 	TextBox2 loaded 1 chars with 0 blanks and 1 valid
4.2363 	DEBUG 	TextBox2 loaded 1 chars with 0 blanks and 1 valid
4.2366 	DEBUG 	TextBox2 loaded 1 chars with 0 blanks and 1 valid
4.2371 	DEBUG 	TextBox2 loaded 1 chars with 0 blanks and 1 valid
4.2379 	DEBUG 	TextBox2 loaded 1 chars with 0 blanks and 1 valid
4.2383 	DEBUG 	TextBox2 loaded 1 chars with 0 blanks and 1 valid
4.2385 	DEBUG 	TextBox2 loaded 1 chars with 0 blanks and 1 valid
4.2391 	DEBUG 	TextBox2 loaded 1 chars with 0 blanks and 1 valid
4.2396 	DEBUG 	TextBox2 loaded 1 chars with 0 blanks and 1 valid
4.2401 	DEBUG 	TextBox2 loaded 1 chars with 0 blanks and 1 valid
4.2407 	DEBUG 	TextBox2 loaded 1 chars with 0 blanks and 1 valid
4.2412 	DEBUG 	TextBox2 loaded 1 chars with 0 blanks and 1 valid
4.2417 	DEBUG 	TextBox2 loaded 1 chars with 0 blanks and 1 valid
4.2422 	DEBUG 	TextBox2 loaded 1 chars with 0 blanks and 1 valid
4.2426 	DEBUG 	TextBox2 loaded 1 chars with 0 blanks and 1 valid
4.2430 	DEBUG 	TextBox2 loaded 1 chars with 0 blanks and 1 valid
4.2436 	DEBUG 	TextBox2 loaded 1 chars with 0 blanks and 1 valid
4.2440 	DEBUG 	TextBox2 loaded 1 chars with 0 blanks and 1 valid
4.2443 	DEBUG 	Uploading Texture Font fontname to graphics card
4.2476 	DEBUG 	Upload of Texture Font fontname complete
4.2524 	DEBUG 	TextBox2 loaded 1 chars with 0 blanks and 1 valid
4.2532 	DEBUG 	TextBox2 loaded 1 chars with 0 blanks and 1 valid
4.2539 	DEBUG 	TextBox2 loaded 1 chars with 0 blanks and 1 valid
4.2541 	DEBUG 	Uploading Texture Font fontname to graphics card
4.2569 	DEBUG 	Upload of Texture Font fontname complete
4.2582 	EXP 	window1: Attempting to measure frame rate of screen (0) ...
4.2583 	EXP 	window1: recordFrameIntervals = False
4.3234 	EXP 	window1: recordFrameIntervals = True
4.3904 	EXP 	Screen (0) actual frame rate measured at 164.20Hz
4.3907 	EXP 	window1: recordFrameIntervals = False
4.3950 	DEBUG 	TextBox2 loaded 1 chars with 0 blanks and 1 valid
4.3955 	DEBUG 	TextBox2 loaded 1 chars with 0 blanks and 1 valid
4.3961 	DEBUG 	TextBox2 loaded 1 chars with 0 blanks and 1 valid
4.3968 	DEBUG 	TextBox2 loaded 1 chars with 0 blanks and 1 valid
4.3976 	DEBUG 	TextBox2 loaded 1 chars with 0 blanks and 1 valid
4.3983 	DEBUG 	TextBox2 loaded 1 chars with 0 blanks and 1 valid
4.3987 	DEBUG 	TextBox2 loaded 1 chars with 0 blanks and 1 valid
4.3993 	DEBUG 	TextBox2 loaded 1 chars with 0 blanks and 1 valid
4.4000 	DEBUG 	TextBox2 loaded 1 chars with 0 blanks and 1 valid
4.4007 	DEBUG 	TextBox2 loaded 1 chars with 0 blanks and 1 valid
4.4009 	DEBUG 	Uploading Texture Font fontname to graphics card
4.4014 	DEBUG 	Upload of Texture Font fontname complete
4.4099 	WARNING 	launchHubServer: If using the iohub mouse or eyetracker devices, fullScr should be True.
6.3804 	INFO 	keyboard.Keyboard is using iohub backend.
6.3804 	INFO 	keyboard.Keyboard is using iohub backend.
6.3804 	INFO 	keyboard.Keyboard is using iohub backend.
6.3804 	EXP 	project: status = STARTED
6.4379 	EXP 	Created text = TextStim(__class__=<class 'psychopy.visual.text.TextStim'>, alignHoriz=method-wrapper(...), alignText='center', alignVert=method-wrapper(...), anchorHoriz='center', anchorVert='center', antialias=True, autoDraw=False, autoLog=True, bold=False, color=array([1., 1., 1.]), colorSpace='rgb', contrast=1.0, depth=0.0, draggable=False, flipHoriz=False, flipVert=False, font='Arial', fontFiles=[], height=0.05, italic=False, languageStyle='LTR', name='text', opacity=1, ori=0.0, pos=array([0. , 0.1]), rgb=UNKNOWN, text="Please don't move or blink", units='height', win=Window(...), wrapWidth=1)
6.4429 	EXP 	Created text_2 = TextStim(__class__=<class 'psychopy.visual.text.TextStim'>, alignHoriz=method-wrapper(...), alignText='center', alignVert=method-wrapper(...), anchorHoriz='center', anchorVert='center', antialias=True, autoDraw=False, autoLog=True, bold=False, color=array([1., 1., 1.]), colorSpace='rgb', contrast=1.0, depth=-1.0, draggable=False, flipHoriz=False, flipVert=False, font='Arial', fontFiles=[], height=0.05, italic=False, languageStyle='LTR', name='text_2', opacity=1, ori=0.0, pos=array([0., 0.]), rgb=UNKNOWN, text='If you ready, press [space bar]\n', units='height', win=Window(...), wrapWidth=1)
6.4588 	EXP 	Created cross = ShapeStim(__class__=<class 'psychopy.visual.shape.ShapeStim'>, anchor=('center', 'center'), autoDraw=False, autoLog=True, closeShape=True, color=method-wrapper(...), colorSpace='rgb', contrast=None, depth=-1.0, draggable=False, fillColor=array([1, 1, 1]), fillColorSpace='rgb', fillRGB=array([1, 1, 1]), interpolate=True, lineColor=array([1., 1., 1.]), lineColorSpace='rgb', lineRGB=array([1, 1, 1]), lineWidth=1.0, name='cross', opacity=1, ori=0.0, pos=array([0., 0.]), size=array([0.1, 0.1]), units='height', vertices=ndarray(...), win=Window(...), windingRule=None)
6.4623 	EXP 	Created faces_image = ImageStim(__class__=<class 'psychopy.visual.image.ImageStim'>, anchor=('center', 'center'), autoLog=True, color=array([1., 1., 1.]), colorSpace='rgb', contrast=1.0, depth=0.0, draggable=False, flipHoriz=False, flipVert=False, image='default.png', interpolate=True, mask=None, maskParams=None, name='faces_image', opacity=1, ori=0.0, pos=array([0., 0.]), size=array([0.5, 0.5]), texRes=128.0, units='height', win=Window(...))
6.4653 	EXP 	Created text_3 = TextStim(__class__=<class 'psychopy.visual.text.TextStim'>, alignHoriz=method-wrapper(...), alignText='center', alignVert=method-wrapper(...), anchorHoriz='center', anchorVert='center', antialias=True, autoDraw=False, autoLog=True, bold=False, color=array([1., 1., 1.]), colorSpace='rgb', contrast=1.0, depth=-1.0, draggable=False, flipHoriz=False, flipVert=False, font='Arial', fontFiles=[], height=0.05, italic=False, languageStyle='LTR', name='text_3', opacity=1, ori=0.0, pos=array([0., 0.]), rgb=UNKNOWN, text='Endding block', units='height', win=Window(...), wrapWidth=1)
0.0096 	INFO 	Keyboard events cleared
0.0094 	EXP 	text: autoDraw = True
0.0094 	EXP 	text_2: autoDraw = True
0.9007 	DEBUG 	Read csv file with pandas: blocks/block1.csv
0.9014 	DEBUG 	Clearing unnamed columns from blocks/block1.csv
0.9017 	EXP 	Imported blocks/block1.csv as conditions, 5 conditions, 4 params
0.9019 	EXP 	New trial (rep=0, index=0): <Trial 0 (0 in rep 0) data={'block': 1, 'trial': 1, 'image': 'faces/unknown/unknown_48.jpg', 'type': 'unknown', 'thisN': 0, 'thisTrialN': 0, 'thisRepN': 0}>
0.9029 	DATA 	Keypress: space
0.9334 	DEBUG 	Saving data for project ExperimentHandler
0.9343 	INFO 	saved data to C:\Users\napat\Documents\GitHub\BCI-P300-project\data/263237_project_2025-05-04_17h02.40.115.psydat
0.9350 	INFO 	saved data to 'C:\\Users\\napat\\Documents\\GitHub\\BCI-P300-project\\data/263237_project_2025-05-04_17h02.40.115.csv'
