5.7589 	DEBUG 	Fullscreen settings ignored as running in pilot mode.
5.7595 	INFO 	Loaded monitor calibration from ['2025_03_07 15:28']
6.7037 	EXP 	Created window1 = Window(allowGUI=False, allowStencil=False, autoLog=True, backendConf=UNKNOWN, backgroundFit=<method-wrapper '__getattribute__' of attributeSetter object at 0x0000010E845F7130>, backgroundImage=<method-wrapper '__getattribute__' of attributeSetter object at 0x0000010E845F7190>, bitsMode=UNKNOWN, blendMode='avg', bpc=(8, 8, 8), color=array([0, 0, 0]), colorSpace='rgb', depthBits=8, fullscr=False, gamma=None, gammaErrorPolicy='raise', infoMsg=UNKNOWN, lms=UNKNOWN, monitor=<psychopy.monitors.calibTools.Monitor object at 0x0000010E846A5EA0>, multiSample=False, name='window1', numSamples=2, pos=[560.0, 240.0], screen=0, size=array([800, 600]), stencilBits=0, stereo=False, title='PsychoPy', units='height', useFBO=True, useRetina=False, viewOri=0.0, viewPos=None, viewScale=None, waitBlanking=True, winType='pyglet')
6.7037 	EXP 	window1: backgroundImage = ''
6.7037 	EXP 	window1: backgroundFit = 'none'
6.7210 	DEBUG 	TextBox2 loaded 1 chars with 0 blanks and 1 valid
6.7216 	DEBUG 	TextBox2 loaded 1 chars with 0 blanks and 1 valid
6.7221 	DEBUG 	TextBox2 loaded 1 chars with 0 blanks and 1 valid
6.7228 	DEBUG 	TextBox2 loaded 1 chars with 0 blanks and 1 valid
6.7235 	DEBUG 	TextBox2 loaded 1 chars with 0 blanks and 1 valid
6.7239 	DEBUG 	TextBox2 loaded 1 chars with 0 blanks and 1 valid
6.7244 	DEBUG 	TextBox2 loaded 1 chars with 0 blanks and 1 valid
6.7251 	DEBUG 	TextBox2 loaded 1 chars with 0 blanks and 1 valid
6.7253 	DEBUG 	TextBox2 loaded 1 chars with 0 blanks and 1 valid
6.7256 	DEBUG 	TextBox2 loaded 1 chars with 0 blanks and 1 valid
6.7261 	DEBUG 	TextBox2 loaded 1 chars with 0 blanks and 1 valid
6.7266 	DEBUG 	TextBox2 loaded 1 chars with 0 blanks and 1 valid
6.7270 	DEBUG 	TextBox2 loaded 1 chars with 0 blanks and 1 valid
6.7275 	DEBUG 	TextBox2 loaded 1 chars with 0 blanks and 1 valid
6.7280 	DEBUG 	TextBox2 loaded 1 chars with 0 blanks and 1 valid
6.7285 	DEBUG 	TextBox2 loaded 1 chars with 0 blanks and 1 valid
6.7290 	DEBUG 	TextBox2 loaded 1 chars with 0 blanks and 1 valid
6.7293 	DEBUG 	TextBox2 loaded 1 chars with 0 blanks and 1 valid
6.7297 	DEBUG 	TextBox2 loaded 1 chars with 0 blanks and 1 valid
6.7303 	DEBUG 	TextBox2 loaded 1 chars with 0 blanks and 1 valid
6.7308 	DEBUG 	TextBox2 loaded 1 chars with 0 blanks and 1 valid
6.7322 	DEBUG 	Uploading Texture Font fontname to graphics card
6.7453 	DEBUG 	Upload of Texture Font fontname complete
6.7497 	DEBUG 	TextBox2 loaded 1 chars with 0 blanks and 1 valid
6.7504 	DEBUG 	TextBox2 loaded 1 chars with 0 blanks and 1 valid
6.7511 	DEBUG 	TextBox2 loaded 1 chars with 0 blanks and 1 valid
6.7513 	DEBUG 	Uploading Texture Font fontname to graphics card
6.7549 	DEBUG 	Upload of Texture Font fontname complete
6.7562 	EXP 	window1: Attempting to measure frame rate of screen (0) ...
6.7562 	EXP 	window1: recordFrameIntervals = False
6.8354 	EXP 	window1: recordFrameIntervals = True
6.8997 	EXP 	Screen (0) actual frame rate measured at 164.71Hz
6.8997 	EXP 	window1: recordFrameIntervals = False
6.9041 	DEBUG 	TextBox2 loaded 1 chars with 0 blanks and 1 valid
6.9053 	DEBUG 	TextBox2 loaded 1 chars with 0 blanks and 1 valid
6.9059 	DEBUG 	TextBox2 loaded 1 chars with 0 blanks and 1 valid
6.9067 	DEBUG 	TextBox2 loaded 1 chars with 0 blanks and 1 valid
6.9074 	DEBUG 	TextBox2 loaded 1 chars with 0 blanks and 1 valid
6.9081 	DEBUG 	TextBox2 loaded 1 chars with 0 blanks and 1 valid
6.9085 	DEBUG 	TextBox2 loaded 1 chars with 0 blanks and 1 valid
6.9092 	DEBUG 	TextBox2 loaded 1 chars with 0 blanks and 1 valid
6.9098 	DEBUG 	TextBox2 loaded 1 chars with 0 blanks and 1 valid
6.9106 	DEBUG 	TextBox2 loaded 1 chars with 0 blanks and 1 valid
6.9108 	DEBUG 	Uploading Texture Font fontname to graphics card
6.9113 	DEBUG 	Upload of Texture Font fontname complete
6.9567 	WARNING 	launchHubServer: If using the iohub mouse or eyetracker devices, fullScr should be True.
9.8014 	INFO 	keyboard.Keyboard is using iohub backend.
9.8015 	INFO 	keyboard.Keyboard is using iohub backend.
9.8015 	INFO 	keyboard.Keyboard is using iohub backend.
9.8015 	EXP 	project: status = STARTED
10.0964 	EXP 	Created text = TextStim(__class__=<class 'psychopy.visual.text.TextStim'>, alignHoriz=method-wrapper(...), alignText='center', alignVert=method-wrapper(...), anchorHoriz='center', anchorVert='center', antialias=True, autoDraw=False, autoLog=True, bold=False, color=array([1., 1., 1.]), colorSpace='rgb', contrast=1.0, depth=0.0, draggable=False, flipHoriz=False, flipVert=False, font='Arial', fontFiles=[], height=0.05, italic=False, languageStyle='LTR', name='text', opacity=1, ori=0.0, pos=array([0. , 0.1]), rgb=UNKNOWN, text="Please don't move or blink", units='height', win=Window(...), wrapWidth=1)
10.1035 	EXP 	Created text_2 = TextStim(__class__=<class 'psychopy.visual.text.TextStim'>, alignHoriz=method-wrapper(...), alignText='center', alignVert=method-wrapper(...), anchorHoriz='center', anchorVert='center', antialias=True, autoDraw=False, autoLog=True, bold=False, color=array([1., 1., 1.]), colorSpace='rgb', contrast=1.0, depth=-1.0, draggable=False, flipHoriz=False, flipVert=False, font='Arial', fontFiles=[], height=0.05, italic=False, languageStyle='LTR', name='text_2', opacity=1, ori=0.0, pos=array([0., 0.]), rgb=UNKNOWN, text='If you ready, press [space bar]\n', units='height', win=Window(...), wrapWidth=1)
10.1124 	EXP 	Created cross = ShapeStim(__class__=<class 'psychopy.visual.shape.ShapeStim'>, anchor=('center', 'center'), autoDraw=False, autoLog=True, closeShape=True, color=method-wrapper(...), colorSpace='rgb', contrast=None, depth=0.0, draggable=False, fillColor=array([1, 1, 1]), fillColorSpace='rgb', fillRGB=array([1, 1, 1]), interpolate=True, lineColor=array([1., 1., 1.]), lineColorSpace='rgb', lineRGB=array([1, 1, 1]), lineWidth=1.0, name='cross', opacity=1, ori=0.0, pos=array([0., 0.]), size=array([0.1, 0.1]), units='height', vertices=ndarray(...), win=Window(...), windingRule=None)
10.1175 	EXP 	Created faces = ImageStim(__class__=<class 'psychopy.visual.image.ImageStim'>, anchor=('center', 'center'), autoLog=True, color=array([1., 1., 1.]), colorSpace='rgb', contrast=1.0, depth=-1.0, draggable=False, flipHoriz=False, flipVert=False, image='default.png', interpolate=True, mask=None, maskParams=None, name='faces', opacity=1, ori=0.0, pos=array([0., 0.]), size=array([0.5, 0.5]), texRes=128.0, units='height', win=Window(...))
10.1205 	EXP 	Created text_3 = TextStim(__class__=<class 'psychopy.visual.text.TextStim'>, alignHoriz=method-wrapper(...), alignText='center', alignVert=method-wrapper(...), anchorHoriz='center', anchorVert='center', antialias=True, autoDraw=False, autoLog=True, bold=False, color=array([1., 1., 1.]), colorSpace='rgb', contrast=1.0, depth=-1.0, draggable=False, flipHoriz=False, flipVert=False, font='Arial', fontFiles=[], height=0.05, italic=False, languageStyle='LTR', name='text_3', opacity=1, ori=0.0, pos=array([0., 0.]), rgb=UNKNOWN, text='Endding block', units='height', win=Window(...), wrapWidth=1)
0.0094 	INFO 	Keyboard events cleared
0.0092 	EXP 	text: autoDraw = True
0.0092 	EXP 	text_2: autoDraw = True
0.8749 	DEBUG 	Read csv file with pandas: blocks/block1.csv
0.8761 	DEBUG 	Clearing unnamed columns from blocks/block1.csv
0.8768 	EXP 	Imported blocks/block1.csv as conditions, 48 conditions, 4 params
0.8777 	EXP 	New trial (rep=0, index=0): <Trial 0 (0 in rep 0) data={'block': 1, 'trial': 1, 'image': 'faces/unknown/unknown_48.jpg', 'type': 'unknown', 'thisN': 0, 'thisTrialN': 0, 'thisRepN': 0}>
0.9123 	DATA 	Keypress: space
0.9188 	EXP 	text: autoDraw = False
0.9188 	EXP 	text_2: autoDraw = False
0.9188 	EXP 	faces: image = 'faces/unknown/unknown_48.jpg'
1.8639 	EXP 	cross: autoDraw = True
2.8577 	EXP 	cross: autoDraw = False
2.8775 	INFO 	Keyboard events cleared
2.8771 	EXP 	faces: autoDraw = True
4.8655 	EXP 	New trial (rep=0, index=1): <Trial 1 (1 in rep 0) data={'block': 1, 'trial': 2, 'image': 'faces/unknown/unknown_174.jpg', 'type': 'unknown', 'thisN': 1, 'thisTrialN': 1, 'thisRepN': 0}>
4.9006 	EXP 	faces: autoDraw = False
4.9006 	EXP 	cross: autoDraw = False
4.9006 	EXP 	faces: autoDraw = False
4.9006 	EXP 	faces: image = 'faces/unknown/unknown_174.jpg'
5.8574 	EXP 	cross: autoDraw = True
6.8519 	EXP 	cross: autoDraw = False
6.8582 	INFO 	Keyboard events cleared
6.8579 	EXP 	faces: autoDraw = True
8.8471 	EXP 	New trial (rep=0, index=2): <Trial 2 (2 in rep 0) data={'block': 1, 'trial': 3, 'image': 'faces/unknown/unknown_66.jpg', 'type': 'unknown', 'thisN': 2, 'thisTrialN': 2, 'thisRepN': 0}>
8.8819 	EXP 	faces: autoDraw = False
8.8819 	EXP 	cross: autoDraw = False
8.8819 	EXP 	faces: autoDraw = False
8.8819 	EXP 	faces: image = 'faces/unknown/unknown_66.jpg'
9.8392 	EXP 	cross: autoDraw = True
10.8272 	EXP 	cross: autoDraw = False
10.8398 	INFO 	Keyboard events cleared
10.8396 	EXP 	faces: autoDraw = True
12.8238 	EXP 	New trial (rep=0, index=3): <Trial 3 (3 in rep 0) data={'block': 1, 'trial': 4, 'image': 'faces/unknown/unknown_267.jpg', 'type': 'unknown', 'thisN': 3, 'thisTrialN': 3, 'thisRepN': 0}>
12.8587 	EXP 	faces: autoDraw = False
12.8587 	EXP 	cross: autoDraw = False
12.8587 	EXP 	faces: autoDraw = False
12.8587 	EXP 	faces: image = 'faces/unknown/unknown_267.jpg'
13.8153 	EXP 	cross: autoDraw = True
14.1204 	DATA 	Keypress: escape
14.2289 	EXP 	project: status = STOPPED
14.2333 	EXP 	cross: autoDraw = False
14.2347 	EXP 	project: status = STOPPED
14.2379 	INFO 	saved data to 'C:\\Users\\napat\\Documents\\GitHub\\BCI\\data/278959_project_2025-04-30_17h08.29.311.csv'
14.2392 	INFO 	saved data to C:\Users\napat\Documents\GitHub\BCI\data/278959_project_2025-04-30_17h08.29.311.psydat
14.6846 	DEBUG 	Saving data for project ExperimentHandler
