4.1540 	DEBUG 	Fullscreen settings ignored as running in pilot mode.
4.1547 	INFO 	Loaded monitor calibration from ['2025_03_07 15:28']
4.3627 	EXP 	Created window1 = Window(allowGUI=False, allowStencil=False, autoLog=True, backendConf=UNKNOWN, backgroundFit=<method-wrapper '__getattribute__' of attributeSetter object at 0x000001F4A3493850>, backgroundImage=<method-wrapper '__getattribute__' of attributeSetter object at 0x000001F4A34938B0>, bitsMode=UNKNOWN, blendMode='avg', bpc=(8, 8, 8), color=array([0, 0, 0]), colorSpace='rgb', depthBits=8, fullscr=False, gamma=None, gammaErrorPolicy='raise', infoMsg=UNKNOWN, lms=UNKNOWN, monitor=<psychopy.monitors.calibTools.Monitor object at 0x000001F4A3524CA0>, multiSample=False, name='window1', numSamples=2, pos=[560.0, 240.0], screen=0, size=array([800, 600]), stencilBits=0, stereo=False, title='PsychoPy', units='height', useFBO=True, useRetina=False, viewOri=0.0, viewPos=None, viewScale=None, waitBlanking=True, winType='pyglet')
4.3628 	EXP 	window1: backgroundImage = ''
4.3628 	EXP 	window1: backgroundFit = 'none'
4.3679 	DEBUG 	TextBox2 loaded 1 chars with 0 blanks and 1 valid
4.3685 	DEBUG 	TextBox2 loaded 1 chars with 0 blanks and 1 valid
4.3690 	DEBUG 	TextBox2 loaded 1 chars with 0 blanks and 1 valid
4.3697 	DEBUG 	TextBox2 loaded 1 chars with 0 blanks and 1 valid
4.3703 	DEBUG 	TextBox2 loaded 1 chars with 0 blanks and 1 valid
4.3707 	DEBUG 	TextBox2 loaded 1 chars with 0 blanks and 1 valid
4.3712 	DEBUG 	TextBox2 loaded 1 chars with 0 blanks and 1 valid
4.3719 	DEBUG 	TextBox2 loaded 1 chars with 0 blanks and 1 valid
4.3721 	DEBUG 	TextBox2 loaded 1 chars with 0 blanks and 1 valid
4.3724 	DEBUG 	TextBox2 loaded 1 chars with 0 blanks and 1 valid
4.3729 	DEBUG 	TextBox2 loaded 1 chars with 0 blanks and 1 valid
4.3734 	DEBUG 	TextBox2 loaded 1 chars with 0 blanks and 1 valid
4.3739 	DEBUG 	TextBox2 loaded 1 chars with 0 blanks and 1 valid
4.3745 	DEBUG 	TextBox2 loaded 1 chars with 0 blanks and 1 valid
4.3749 	DEBUG 	TextBox2 loaded 1 chars with 0 blanks and 1 valid
4.3754 	DEBUG 	TextBox2 loaded 1 chars with 0 blanks and 1 valid
4.3760 	DEBUG 	TextBox2 loaded 1 chars with 0 blanks and 1 valid
4.3763 	DEBUG 	TextBox2 loaded 1 chars with 0 blanks and 1 valid
4.3766 	DEBUG 	TextBox2 loaded 1 chars with 0 blanks and 1 valid
4.3773 	DEBUG 	TextBox2 loaded 1 chars with 0 blanks and 1 valid
4.3777 	DEBUG 	TextBox2 loaded 1 chars with 0 blanks and 1 valid
4.3779 	DEBUG 	Uploading Texture Font fontname to graphics card
4.3816 	DEBUG 	Upload of Texture Font fontname complete
4.3858 	DEBUG 	TextBox2 loaded 1 chars with 0 blanks and 1 valid
4.3865 	DEBUG 	TextBox2 loaded 1 chars with 0 blanks and 1 valid
4.3872 	DEBUG 	TextBox2 loaded 1 chars with 0 blanks and 1 valid
4.3874 	DEBUG 	Uploading Texture Font fontname to graphics card
4.3896 	DEBUG 	Upload of Texture Font fontname complete
4.3910 	EXP 	window1: Attempting to measure frame rate of screen (0) ...
4.3910 	EXP 	window1: recordFrameIntervals = False
4.4671 	EXP 	window1: recordFrameIntervals = True
4.5333 	EXP 	Screen (0) actual frame rate measured at 165.59Hz
4.5333 	EXP 	window1: recordFrameIntervals = False
4.5373 	DEBUG 	TextBox2 loaded 1 chars with 0 blanks and 1 valid
4.5377 	DEBUG 	TextBox2 loaded 1 chars with 0 blanks and 1 valid
4.5385 	DEBUG 	TextBox2 loaded 1 chars with 0 blanks and 1 valid
4.5394 	DEBUG 	TextBox2 loaded 1 chars with 0 blanks and 1 valid
4.5401 	DEBUG 	TextBox2 loaded 1 chars with 0 blanks and 1 valid
4.5408 	DEBUG 	TextBox2 loaded 1 chars with 0 blanks and 1 valid
4.5412 	DEBUG 	TextBox2 loaded 1 chars with 0 blanks and 1 valid
4.5419 	DEBUG 	TextBox2 loaded 1 chars with 0 blanks and 1 valid
4.5426 	DEBUG 	TextBox2 loaded 1 chars with 0 blanks and 1 valid
4.5432 	DEBUG 	TextBox2 loaded 1 chars with 0 blanks and 1 valid
4.5434 	DEBUG 	Uploading Texture Font fontname to graphics card
4.5439 	DEBUG 	Upload of Texture Font fontname complete
4.5525 	WARNING 	launchHubServer: If using the iohub mouse or eyetracker devices, fullScr should be True.
6.5271 	INFO 	keyboard.Keyboard is using iohub backend.
6.5271 	INFO 	keyboard.Keyboard is using iohub backend.
6.5272 	INFO 	keyboard.Keyboard is using iohub backend.
6.5272 	EXP 	project: status = STARTED
6.5962 	EXP 	Created text = TextStim(__class__=<class 'psychopy.visual.text.TextStim'>, alignHoriz=method-wrapper(...), alignText='center', alignVert=method-wrapper(...), anchorHoriz='center', anchorVert='center', antialias=True, autoDraw=False, autoLog=True, bold=False, color=array([1., 1., 1.]), colorSpace='rgb', contrast=1.0, depth=0.0, draggable=False, flipHoriz=False, flipVert=False, font='Arial', fontFiles=[], height=0.05, italic=False, languageStyle='LTR', name='text', opacity=1, ori=0.0, pos=array([0. , 0.1]), rgb=UNKNOWN, text="Please don't move or blink", units='height', win=Window(...), wrapWidth=1)
6.6016 	EXP 	Created text_2 = TextStim(__class__=<class 'psychopy.visual.text.TextStim'>, alignHoriz=method-wrapper(...), alignText='center', alignVert=method-wrapper(...), anchorHoriz='center', anchorVert='center', antialias=True, autoDraw=False, autoLog=True, bold=False, color=array([1., 1., 1.]), colorSpace='rgb', contrast=1.0, depth=-1.0, draggable=False, flipHoriz=False, flipVert=False, font='Arial', fontFiles=[], height=0.05, italic=False, languageStyle='LTR', name='text_2', opacity=1, ori=0.0, pos=array([0., 0.]), rgb=UNKNOWN, text='If you ready, press [space bar]\n', units='height', win=Window(...), wrapWidth=1)
6.6200 	EXP 	Created cross = ShapeStim(__class__=<class 'psychopy.visual.shape.ShapeStim'>, anchor=('center', 'center'), autoDraw=False, autoLog=True, closeShape=True, color=method-wrapper(...), colorSpace='rgb', contrast=None, depth=-1.0, draggable=False, fillColor=array([1, 1, 1]), fillColorSpace='rgb', fillRGB=array([1, 1, 1]), interpolate=True, lineColor=array([1., 1., 1.]), lineColorSpace='rgb', lineRGB=array([1, 1, 1]), lineWidth=1.0, name='cross', opacity=1, ori=0.0, pos=array([0., 0.]), size=array([0.1, 0.1]), units='height', vertices=ndarray(...), win=Window(...), windingRule=None)
6.6242 	EXP 	Created image_2 = ImageStim(__class__=<class 'psychopy.visual.image.ImageStim'>, anchor=('center', 'center'), autoLog=True, color=array([1., 1., 1.]), colorSpace='rgb', contrast=1.0, depth=-1.0, draggable=False, flipHoriz=False, flipVert=False, image='default.png', interpolate=True, mask=None, maskParams=None, name='image_2', opacity=1, ori=0.0, pos=array([0., 0.]), size=array([0.5, 0.5]), texRes=128.0, units='height', win=Window(...))
6.6274 	EXP 	Created text_3 = TextStim(__class__=<class 'psychopy.visual.text.TextStim'>, alignHoriz=method-wrapper(...), alignText='center', alignVert=method-wrapper(...), anchorHoriz='center', anchorVert='center', antialias=True, autoDraw=False, autoLog=True, bold=False, color=array([1., 1., 1.]), colorSpace='rgb', contrast=1.0, depth=-1.0, draggable=False, flipHoriz=False, flipVert=False, font='Arial', fontFiles=[], height=0.05, italic=False, languageStyle='LTR', name='text_3', opacity=1, ori=0.0, pos=array([0., 0.]), rgb=UNKNOWN, text='Endding block', units='height', win=Window(...), wrapWidth=1)
0.0161 	INFO 	Keyboard events cleared
0.0154 	EXP 	text: autoDraw = True
0.0154 	EXP 	text_2: autoDraw = True
0.7510 	DEBUG 	Read csv file with pandas: blocks/block1.csv
0.7518 	DEBUG 	Clearing unnamed columns from blocks/block1.csv
0.7521 	EXP 	Imported blocks/block1.csv as conditions, 5 conditions, 4 params
0.7523 	EXP 	New trial (rep=0, index=0): <Trial 0 (0 in rep 0) data={'block': 1, 'trial': 1, 'image': 'faces/unknown/unknown_48.jpg', 'type': 'unknown', 'thisN': 0, 'thisTrialN': 0, 'thisRepN': 0}>
0.7535 	DATA 	Keypress: space
0.7602 	EXP 	text: autoDraw = False
0.7602 	EXP 	text_2: autoDraw = False
1.7424 	EXP 	cross: autoDraw = True
2.5004 	DEBUG 	Saving data for project ExperimentHandler
2.5015 	INFO 	saved data to C:\Users\napat\Documents\GitHub\BCI-P300-project\data/382456_project_2025-05-04_16h57.31.597.psydat
2.5024 	INFO 	saved data to 'C:\\Users\\napat\\Documents\\GitHub\\BCI-P300-project\\data/382456_project_2025-05-04_16h57.31.597.csv'
