8.1813 	DEBUG 	Fullscreen settings ignored as running in pilot mode.
8.1820 	INFO 	Loaded monitor calibration from ['2025_03_07 15:28']
8.3782 	EXP 	Created window1 = Window(allowGUI=False, allowStencil=False, autoLog=True, backendConf=UNKNOWN, backgroundFit=<method-wrapper '__getattribute__' of attributeSetter object at 0x0000020DF5514F10>, backgroundImage=<method-wrapper '__getattribute__' of attributeSetter object at 0x0000020DF5514F70>, bitsMode=UNKNOWN, blendMode='avg', bpc=(8, 8, 8), color=array([0, 0, 0]), colorSpace='rgb', depthBits=8, fullscr=False, gamma=None, gammaErrorPolicy='raise', infoMsg=UNKNOWN, lms=UNKNOWN, monitor=<psychopy.monitors.calibTools.Monitor object at 0x0000020DF55DE4A0>, multiSample=False, name='window1', numSamples=2, pos=[560.0, 240.0], screen=0, size=array([800, 600]), stencilBits=0, stereo=False, title='PsychoPy', units='height', useFBO=True, useRetina=False, viewOri=0.0, viewPos=None, viewScale=None, waitBlanking=True, winType='pyglet')
8.3782 	EXP 	window1: backgroundImage = ''
8.3782 	EXP 	window1: backgroundFit = 'none'
8.3838 	DEBUG 	TextBox2 loaded 1 chars with 0 blanks and 1 valid
8.3843 	DEBUG 	TextBox2 loaded 1 chars with 0 blanks and 1 valid
8.3850 	DEBUG 	TextBox2 loaded 1 chars with 0 blanks and 1 valid
8.3859 	DEBUG 	TextBox2 loaded 1 chars with 0 blanks and 1 valid
8.3867 	DEBUG 	TextBox2 loaded 1 chars with 0 blanks and 1 valid
8.3871 	DEBUG 	TextBox2 loaded 1 chars with 0 blanks and 1 valid
8.3876 	DEBUG 	TextBox2 loaded 1 chars with 0 blanks and 1 valid
8.3883 	DEBUG 	TextBox2 loaded 1 chars with 0 blanks and 1 valid
8.3885 	DEBUG 	TextBox2 loaded 1 chars with 0 blanks and 1 valid
8.3888 	DEBUG 	TextBox2 loaded 1 chars with 0 blanks and 1 valid
8.3894 	DEBUG 	TextBox2 loaded 1 chars with 0 blanks and 1 valid
8.3900 	DEBUG 	TextBox2 loaded 1 chars with 0 blanks and 1 valid
8.3905 	DEBUG 	TextBox2 loaded 1 chars with 0 blanks and 1 valid
8.3910 	DEBUG 	TextBox2 loaded 1 chars with 0 blanks and 1 valid
8.3915 	DEBUG 	TextBox2 loaded 1 chars with 0 blanks and 1 valid
8.3921 	DEBUG 	TextBox2 loaded 1 chars with 0 blanks and 1 valid
8.3927 	DEBUG 	TextBox2 loaded 1 chars with 0 blanks and 1 valid
8.3931 	DEBUG 	TextBox2 loaded 1 chars with 0 blanks and 1 valid
8.3935 	DEBUG 	TextBox2 loaded 1 chars with 0 blanks and 1 valid
8.3941 	DEBUG 	TextBox2 loaded 1 chars with 0 blanks and 1 valid
8.3946 	DEBUG 	TextBox2 loaded 1 chars with 0 blanks and 1 valid
8.3949 	DEBUG 	Uploading Texture Font fontname to graphics card
8.3987 	DEBUG 	Upload of Texture Font fontname complete
8.4037 	DEBUG 	TextBox2 loaded 1 chars with 0 blanks and 1 valid
8.4048 	DEBUG 	TextBox2 loaded 1 chars with 0 blanks and 1 valid
8.4055 	DEBUG 	TextBox2 loaded 1 chars with 0 blanks and 1 valid
8.4057 	DEBUG 	Uploading Texture Font fontname to graphics card
8.4084 	DEBUG 	Upload of Texture Font fontname complete
8.4097 	EXP 	window1: Attempting to measure frame rate of screen (0) ...
8.4098 	EXP 	window1: recordFrameIntervals = False
8.4833 	EXP 	window1: recordFrameIntervals = True
8.5495 	EXP 	Screen (0) actual frame rate measured at 164.98Hz
8.5495 	EXP 	window1: recordFrameIntervals = False
8.5536 	DEBUG 	TextBox2 loaded 1 chars with 0 blanks and 1 valid
8.5541 	DEBUG 	TextBox2 loaded 1 chars with 0 blanks and 1 valid
8.5547 	DEBUG 	TextBox2 loaded 1 chars with 0 blanks and 1 valid
8.5555 	DEBUG 	TextBox2 loaded 1 chars with 0 blanks and 1 valid
8.5562 	DEBUG 	TextBox2 loaded 1 chars with 0 blanks and 1 valid
8.5570 	DEBUG 	TextBox2 loaded 1 chars with 0 blanks and 1 valid
8.5574 	DEBUG 	TextBox2 loaded 1 chars with 0 blanks and 1 valid
8.5581 	DEBUG 	TextBox2 loaded 1 chars with 0 blanks and 1 valid
8.5588 	DEBUG 	TextBox2 loaded 1 chars with 0 blanks and 1 valid
8.5594 	DEBUG 	TextBox2 loaded 1 chars with 0 blanks and 1 valid
8.5597 	DEBUG 	Uploading Texture Font fontname to graphics card
8.5602 	DEBUG 	Upload of Texture Font fontname complete
8.5688 	WARNING 	launchHubServer: If using the iohub mouse or eyetracker devices, fullScr should be True.
10.6380 	INFO 	keyboard.Keyboard is using iohub backend.
10.6380 	INFO 	keyboard.Keyboard is using iohub backend.
10.6381 	INFO 	keyboard.Keyboard is using iohub backend.
10.6381 	EXP 	project: status = STARTED
10.6996 	EXP 	Created text = TextStim(__class__=<class 'psychopy.visual.text.TextStim'>, alignHoriz=method-wrapper(...), alignText='center', alignVert=method-wrapper(...), anchorHoriz='center', anchorVert='center', antialias=True, autoDraw=False, autoLog=True, bold=False, color=array([1., 1., 1.]), colorSpace='rgb', contrast=1.0, depth=0.0, draggable=False, flipHoriz=False, flipVert=False, font='Arial', fontFiles=[], height=0.05, italic=False, languageStyle='LTR', name='text', opacity=1, ori=0.0, pos=array([0. , 0.1]), rgb=UNKNOWN, text="Please don't move or blink", units='height', win=Window(...), wrapWidth=1)
10.7048 	EXP 	Created text_2 = TextStim(__class__=<class 'psychopy.visual.text.TextStim'>, alignHoriz=method-wrapper(...), alignText='center', alignVert=method-wrapper(...), anchorHoriz='center', anchorVert='center', antialias=True, autoDraw=False, autoLog=True, bold=False, color=array([1., 1., 1.]), colorSpace='rgb', contrast=1.0, depth=-1.0, draggable=False, flipHoriz=False, flipVert=False, font='Arial', fontFiles=[], height=0.05, italic=False, languageStyle='LTR', name='text_2', opacity=1, ori=0.0, pos=array([0., 0.]), rgb=UNKNOWN, text='If you ready, press [space bar]\n', units='height', win=Window(...), wrapWidth=1)
10.7214 	EXP 	Created cross = ShapeStim(__class__=<class 'psychopy.visual.shape.ShapeStim'>, anchor=('center', 'center'), autoDraw=False, autoLog=True, closeShape=True, color=method-wrapper(...), colorSpace='rgb', contrast=None, depth=-1.0, draggable=False, fillColor=array([1, 1, 1]), fillColorSpace='rgb', fillRGB=array([1, 1, 1]), interpolate=True, lineColor=array([1., 1., 1.]), lineColorSpace='rgb', lineRGB=array([1, 1, 1]), lineWidth=1.0, name='cross', opacity=1, ori=0.0, pos=array([0., 0.]), size=array([0.1, 0.1]), units='height', vertices=ndarray(...), win=Window(...), windingRule=None)
10.7245 	EXP 	Created faces = ImageStim(__class__=<class 'psychopy.visual.image.ImageStim'>, anchor=('center', 'center'), autoLog=True, color=array([1., 1., 1.]), colorSpace='rgb', contrast=1.0, depth=-2.0, draggable=False, flipHoriz=False, flipVert=False, image='default.png', interpolate=True, mask=None, maskParams=None, name='faces', opacity=1, ori=0.0, pos=array([0., 0.]), size=array([0.5, 0.5]), texRes=128.0, units='height', win=Window(...))
10.7279 	EXP 	Created text_3 = TextStim(__class__=<class 'psychopy.visual.text.TextStim'>, alignHoriz=method-wrapper(...), alignText='center', alignVert=method-wrapper(...), anchorHoriz='center', anchorVert='center', antialias=True, autoDraw=False, autoLog=True, bold=False, color=array([1., 1., 1.]), colorSpace='rgb', contrast=1.0, depth=-1.0, draggable=False, flipHoriz=False, flipVert=False, font='Arial', fontFiles=[], height=0.05, italic=False, languageStyle='LTR', name='text_3', opacity=1, ori=0.0, pos=array([0., 0.]), rgb=UNKNOWN, text='Endding block', units='height', win=Window(...), wrapWidth=1)
0.0155 	INFO 	Keyboard events cleared
0.0152 	EXP 	text: autoDraw = True
0.0152 	EXP 	text_2: autoDraw = True
2.3540 	DATA 	Mouse: Left button down, pos=(453,192)
2.4513 	DATA 	Mouse:  Left button up, pos=(454,192)
2.9579 	DEBUG 	Read csv file with pandas: blocks/block1.csv
2.9586 	DEBUG 	Clearing unnamed columns from blocks/block1.csv
2.9590 	EXP 	Imported blocks/block1.csv as conditions, 5 conditions, 4 params
2.9592 	EXP 	New trial (rep=0, index=0): <Trial 0 (0 in rep 0) data={'block': 1, 'trial': 1, 'image': 'faces/unknown/unknown_48.jpg', 'type': 'unknown', 'thisN': 0, 'thisTrialN': 0, 'thisRepN': 0}>
2.9887 	DATA 	Keypress: space
2.9916 	EXP 	text: autoDraw = False
2.9916 	EXP 	text_2: autoDraw = False
2.9916 	EXP 	faces: image = 'faces/unknown/unknown_48.jpg'
3.9433 	EXP 	cross: autoDraw = True
4.9067 	EXP 	cross: autoDraw = False
4.9560 	INFO 	Keyboard events cleared
4.9553 	EXP 	faces: autoDraw = True
6.9441 	EXP 	New trial (rep=0, index=1): <Trial 1 (1 in rep 0) data={'block': 1, 'trial': 2, 'image': 'faces/unknown/unknown_174.jpg', 'type': 'unknown', 'thisN': 1, 'thisTrialN': 1, 'thisRepN': 0}>
6.9731 	EXP 	faces: autoDraw = False
6.9731 	EXP 	cross: autoDraw = False
6.9731 	EXP 	faces: autoDraw = False
6.9731 	EXP 	faces: image = 'faces/unknown/unknown_174.jpg'
7.9362 	EXP 	cross: autoDraw = True
8.7485 	EXP 	cross: autoDraw = False
8.9369 	INFO 	Keyboard events cleared
8.9365 	EXP 	faces: autoDraw = True
10.9260 	EXP 	New trial (rep=0, index=2): <Trial 2 (2 in rep 0) data={'block': 1, 'trial': 3, 'image': 'faces/unknown/unknown_66.jpg', 'type': 'unknown', 'thisN': 2, 'thisTrialN': 2, 'thisRepN': 0}>
10.9606 	EXP 	faces: autoDraw = False
10.9606 	EXP 	cross: autoDraw = False
10.9606 	EXP 	faces: autoDraw = False
10.9606 	EXP 	faces: image = 'faces/unknown/unknown_66.jpg'
11.9181 	EXP 	cross: autoDraw = True
12.7372 	EXP 	cross: autoDraw = False
12.9186 	INFO 	Keyboard events cleared
12.9183 	EXP 	faces: autoDraw = True
14.2923 	DATA 	Mouse: Left button down, pos=(641,175)
14.3572 	DATA 	Mouse:  Left button up, pos=(641,175)
14.9080 	EXP 	New trial (rep=0, index=3): <Trial 3 (3 in rep 0) data={'block': 1, 'trial': 4, 'image': 'faces/unknown/unknown_267.jpg', 'type': 'unknown', 'thisN': 3, 'thisTrialN': 3, 'thisRepN': 0}>
14.9362 	EXP 	faces: autoDraw = False
14.9362 	EXP 	cross: autoDraw = False
14.9362 	EXP 	faces: autoDraw = False
14.9362 	EXP 	faces: image = 'faces/unknown/unknown_267.jpg'
15.9004 	EXP 	cross: autoDraw = True
16.7059 	EXP 	cross: autoDraw = False
16.9003 	INFO 	Keyboard events cleared
16.9001 	EXP 	faces: autoDraw = True
18.8890 	EXP 	New trial (rep=0, index=4): <Trial 4 (4 in rep 0) data={'block': 1, 'trial': 5, 'image': 'faces/unknown/unknown_210.jpg', 'type': 'unknown', 'thisN': 4, 'thisTrialN': 4, 'thisRepN': 0}>
18.9180 	EXP 	faces: autoDraw = False
18.9180 	EXP 	cross: autoDraw = False
18.9180 	EXP 	faces: autoDraw = False
18.9180 	EXP 	faces: image = 'faces/unknown/unknown_210.jpg'
19.5622 	DATA 	Keypress: escape
19.6284 	EXP 	project: status = STOPPED
19.6340 	EXP 	project: status = STOPPED
19.6622 	INFO 	saved data to 'C:\\Users\\napat\\Documents\\GitHub\\BCI-P300-project\\data/459802_project_2025-05-04_16h44.36.322.csv'
19.6629 	INFO 	saved data to C:\Users\napat\Documents\GitHub\BCI-P300-project\data/459802_project_2025-05-04_16h44.36.322.psydat
19.9080 	DEBUG 	Saving data for project ExperimentHandler
