4.4153 	DEBUG 	Fullscreen settings ignored as running in pilot mode.
4.4160 	INFO 	Loaded monitor calibration from ['2025_03_07 15:28']
4.6023 	EXP 	Created window1 = Window(allowGUI=False, allowStencil=False, autoLog=True, backendConf=UNKNOWN, backgroundFit=<method-wrapper '__getattribute__' of attributeSetter object at 0x000001CF248B6E00>, backgroundImage=<method-wrapper '__getattribute__' of attributeSetter object at 0x000001CF248B6DA0>, bitsMode=UNKNOWN, blendMode='avg', bpc=(8, 8, 8), color=array([0, 0, 0]), colorSpace='rgb', depthBits=8, fullscr=False, gamma=None, gammaErrorPolicy='raise', infoMsg=UNKNOWN, lms=UNKNOWN, monitor=<psychopy.monitors.calibTools.Monitor object at 0x000001CF2497E380>, multiSample=False, name='window1', numSamples=2, pos=[560.0, 240.0], screen=0, size=array([800, 600]), stencilBits=0, stereo=False, title='PsychoPy', units='height', useFBO=True, useRetina=False, viewOri=0.0, viewPos=None, viewScale=None, waitBlanking=True, winType='pyglet')
4.6024 	EXP 	window1: backgroundImage = ''
4.6024 	EXP 	window1: backgroundFit = 'none'
4.6079 	DEBUG 	TextBox2 loaded 1 chars with 0 blanks and 1 valid
4.6085 	DEBUG 	TextBox2 loaded 1 chars with 0 blanks and 1 valid
4.6090 	DEBUG 	TextBox2 loaded 1 chars with 0 blanks and 1 valid
4.6097 	DEBUG 	TextBox2 loaded 1 chars with 0 blanks and 1 valid
4.6103 	DEBUG 	TextBox2 loaded 1 chars with 0 blanks and 1 valid
4.6107 	DEBUG 	TextBox2 loaded 1 chars with 0 blanks and 1 valid
4.6112 	DEBUG 	TextBox2 loaded 1 chars with 0 blanks and 1 valid
4.6118 	DEBUG 	TextBox2 loaded 1 chars with 0 blanks and 1 valid
4.6121 	DEBUG 	TextBox2 loaded 1 chars with 0 blanks and 1 valid
4.6123 	DEBUG 	TextBox2 loaded 1 chars with 0 blanks and 1 valid
4.6129 	DEBUG 	TextBox2 loaded 1 chars with 0 blanks and 1 valid
4.6134 	DEBUG 	TextBox2 loaded 1 chars with 0 blanks and 1 valid
4.6140 	DEBUG 	TextBox2 loaded 1 chars with 0 blanks and 1 valid
4.6145 	DEBUG 	TextBox2 loaded 1 chars with 0 blanks and 1 valid
4.6149 	DEBUG 	TextBox2 loaded 1 chars with 0 blanks and 1 valid
4.6154 	DEBUG 	TextBox2 loaded 1 chars with 0 blanks and 1 valid
4.6159 	DEBUG 	TextBox2 loaded 1 chars with 0 blanks and 1 valid
4.6163 	DEBUG 	TextBox2 loaded 1 chars with 0 blanks and 1 valid
4.6166 	DEBUG 	TextBox2 loaded 1 chars with 0 blanks and 1 valid
4.6173 	DEBUG 	TextBox2 loaded 1 chars with 0 blanks and 1 valid
4.6177 	DEBUG 	TextBox2 loaded 1 chars with 0 blanks and 1 valid
4.6179 	DEBUG 	Uploading Texture Font fontname to graphics card
4.6215 	DEBUG 	Upload of Texture Font fontname complete
4.6262 	DEBUG 	TextBox2 loaded 1 chars with 0 blanks and 1 valid
4.6269 	DEBUG 	TextBox2 loaded 1 chars with 0 blanks and 1 valid
4.6276 	DEBUG 	TextBox2 loaded 1 chars with 0 blanks and 1 valid
4.6278 	DEBUG 	Uploading Texture Font fontname to graphics card
4.6300 	DEBUG 	Upload of Texture Font fontname complete
4.6314 	EXP 	window1: Attempting to measure frame rate of screen (0) ...
4.6315 	EXP 	window1: recordFrameIntervals = False
4.7048 	EXP 	window1: recordFrameIntervals = True
4.7709 	EXP 	Screen (0) actual frame rate measured at 166.68Hz
4.7710 	EXP 	window1: recordFrameIntervals = False
4.7750 	DEBUG 	TextBox2 loaded 1 chars with 0 blanks and 1 valid
4.7755 	DEBUG 	TextBox2 loaded 1 chars with 0 blanks and 1 valid
4.7761 	DEBUG 	TextBox2 loaded 1 chars with 0 blanks and 1 valid
4.7770 	DEBUG 	TextBox2 loaded 1 chars with 0 blanks and 1 valid
4.7778 	DEBUG 	TextBox2 loaded 1 chars with 0 blanks and 1 valid
4.7785 	DEBUG 	TextBox2 loaded 1 chars with 0 blanks and 1 valid
4.7789 	DEBUG 	TextBox2 loaded 1 chars with 0 blanks and 1 valid
4.7795 	DEBUG 	TextBox2 loaded 1 chars with 0 blanks and 1 valid
4.7802 	DEBUG 	TextBox2 loaded 1 chars with 0 blanks and 1 valid
4.7809 	DEBUG 	TextBox2 loaded 1 chars with 0 blanks and 1 valid
4.7811 	DEBUG 	Uploading Texture Font fontname to graphics card
4.7816 	DEBUG 	Upload of Texture Font fontname complete
4.7904 	WARNING 	launchHubServer: If using the iohub mouse or eyetracker devices, fullScr should be True.
6.7566 	INFO 	keyboard.Keyboard is using iohub backend.
6.7566 	INFO 	keyboard.Keyboard is using iohub backend.
6.7567 	INFO 	keyboard.Keyboard is using iohub backend.
6.7567 	EXP 	project: status = STARTED
6.8164 	EXP 	Created text = TextStim(__class__=<class 'psychopy.visual.text.TextStim'>, alignHoriz=method-wrapper(...), alignText='center', alignVert=method-wrapper(...), anchorHoriz='center', anchorVert='center', antialias=True, autoDraw=False, autoLog=True, bold=False, color=array([1., 1., 1.]), colorSpace='rgb', contrast=1.0, depth=0.0, draggable=False, flipHoriz=False, flipVert=False, font='Arial', fontFiles=[], height=0.05, italic=False, languageStyle='LTR', name='text', opacity=1, ori=0.0, pos=array([0. , 0.1]), rgb=UNKNOWN, text="Please don't move or blink", units='height', win=Window(...), wrapWidth=1)
6.8216 	EXP 	Created text_2 = TextStim(__class__=<class 'psychopy.visual.text.TextStim'>, alignHoriz=method-wrapper(...), alignText='center', alignVert=method-wrapper(...), anchorHoriz='center', anchorVert='center', antialias=True, autoDraw=False, autoLog=True, bold=False, color=array([1., 1., 1.]), colorSpace='rgb', contrast=1.0, depth=-1.0, draggable=False, flipHoriz=False, flipVert=False, font='Arial', fontFiles=[], height=0.05, italic=False, languageStyle='LTR', name='text_2', opacity=1, ori=0.0, pos=array([0., 0.]), rgb=UNKNOWN, text='If you ready, press [space bar]\n', units='height', win=Window(...), wrapWidth=1)
6.8375 	EXP 	Created cross = ShapeStim(__class__=<class 'psychopy.visual.shape.ShapeStim'>, anchor=('center', 'center'), autoDraw=False, autoLog=True, closeShape=True, color=method-wrapper(...), colorSpace='rgb', contrast=None, depth=-1.0, draggable=False, fillColor=array([1, 1, 1]), fillColorSpace='rgb', fillRGB=array([1, 1, 1]), interpolate=True, lineColor=array([1., 1., 1.]), lineColorSpace='rgb', lineRGB=array([1, 1, 1]), lineWidth=1.0, name='cross', opacity=1, ori=0.0, pos=array([0., 0.]), size=array([0.1, 0.1]), units='height', vertices=ndarray(...), win=Window(...), windingRule=None)
6.8407 	EXP 	Created faces = ImageStim(__class__=<class 'psychopy.visual.image.ImageStim'>, anchor=('center', 'center'), autoLog=True, color=array([1., 1., 1.]), colorSpace='rgb', contrast=1.0, depth=-2.0, draggable=False, flipHoriz=False, flipVert=False, image='default.png', interpolate=True, mask=None, maskParams=None, name='faces', opacity=1, ori=0.0, pos=array([0., 0.]), size=array([0.5, 0.5]), texRes=128.0, units='height', win=Window(...))
6.8442 	EXP 	Created text_3 = TextStim(__class__=<class 'psychopy.visual.text.TextStim'>, alignHoriz=method-wrapper(...), alignText='center', alignVert=method-wrapper(...), anchorHoriz='center', anchorVert='center', antialias=True, autoDraw=False, autoLog=True, bold=False, color=array([1., 1., 1.]), colorSpace='rgb', contrast=1.0, depth=-1.0, draggable=False, flipHoriz=False, flipVert=False, font='Arial', fontFiles=[], height=0.05, italic=False, languageStyle='LTR', name='text_3', opacity=1, ori=0.0, pos=array([0., 0.]), rgb=UNKNOWN, text='Endding block', units='height', win=Window(...), wrapWidth=1)
0.0119 	INFO 	Keyboard events cleared
0.0115 	EXP 	text: autoDraw = True
0.0115 	EXP 	text_2: autoDraw = True
1.4766 	DATA 	Keypress: lalt
5.3153 	DATA 	Mouse: Left button down, pos=(662,307)
5.3424 	DATA 	Mouse:  Left button up, pos=(662,307)
5.7556 	DEBUG 	Read csv file with pandas: blocks/block1.csv
5.7564 	DEBUG 	Clearing unnamed columns from blocks/block1.csv
5.7567 	EXP 	Imported blocks/block1.csv as conditions, 5 conditions, 4 params
5.7569 	EXP 	New trial (rep=0, index=0): <Trial 0 (0 in rep 0) data={'block': 1, 'trial': 1, 'image': 'faces/unknown/unknown_48.jpg', 'type': 'unknown', 'thisN': 0, 'thisTrialN': 0, 'thisRepN': 0}>
5.8111 	DEBUG 	Saving data for project ExperimentHandler
5.8121 	INFO 	saved data to C:\Users\napat\Documents\GitHub\BCI-P300-project\data/503114_project_2025-05-04_16h49.38.006.psydat
5.8129 	INFO 	saved data to 'C:\\Users\\napat\\Documents\\GitHub\\BCI-P300-project\\data/503114_project_2025-05-04_16h49.38.006.csv'
