5.8149 	DEBUG 	Fullscreen settings ignored as running in pilot mode.
5.8158 	INFO 	Loaded monitor calibration from ['2025_03_07 15:28']
6.0665 	EXP 	Created window1 = Window(allowGUI=False, allowStencil=False, autoLog=True, backendConf=UNKNOWN, backgroundFit=<method-wrapper '__getattribute__' of attributeSetter object at 0x00000153BFD33010>, backgroundImage=<method-wrapper '__getattribute__' of attributeSetter object at 0x00000153BFD32FB0>, bitsMode=UNKNOWN, blendMode='avg', bpc=(8, 8, 8), color=array([0, 0, 0]), colorSpace='rgb', depthBits=8, fullscr=False, gamma=None, gammaErrorPolicy='raise', infoMsg=UNKNOWN, lms=UNKNOWN, monitor=<psychopy.monitors.calibTools.Monitor object at 0x00000153BFDE6140>, multiSample=False, name='window1', numSamples=2, pos=[560.0, 240.0], screen=0, size=array([800, 600]), stencilBits=0, stereo=False, title='PsychoPy', units='height', useFBO=True, useRetina=False, viewOri=0.0, viewPos=None, viewScale=None, waitBlanking=True, winType='pyglet')
6.0666 	EXP 	window1: backgroundImage = ''
6.0666 	EXP 	window1: backgroundFit = 'none'
6.0746 	DEBUG 	TextBox2 loaded 1 chars with 0 blanks and 1 valid
6.0752 	DEBUG 	TextBox2 loaded 1 chars with 0 blanks and 1 valid
6.0758 	DEBUG 	TextBox2 loaded 1 chars with 0 blanks and 1 valid
6.0764 	DEBUG 	TextBox2 loaded 1 chars with 0 blanks and 1 valid
6.0771 	DEBUG 	TextBox2 loaded 1 chars with 0 blanks and 1 valid
6.0775 	DEBUG 	TextBox2 loaded 1 chars with 0 blanks and 1 valid
6.0780 	DEBUG 	TextBox2 loaded 1 chars with 0 blanks and 1 valid
6.0787 	DEBUG 	TextBox2 loaded 1 chars with 0 blanks and 1 valid
6.0790 	DEBUG 	TextBox2 loaded 1 chars with 0 blanks and 1 valid
6.0793 	DEBUG 	TextBox2 loaded 1 chars with 0 blanks and 1 valid
6.0798 	DEBUG 	TextBox2 loaded 1 chars with 0 blanks and 1 valid
6.0804 	DEBUG 	TextBox2 loaded 1 chars with 0 blanks and 1 valid
6.0808 	DEBUG 	TextBox2 loaded 1 chars with 0 blanks and 1 valid
6.0813 	DEBUG 	TextBox2 loaded 1 chars with 0 blanks and 1 valid
6.0819 	DEBUG 	TextBox2 loaded 1 chars with 0 blanks and 1 valid
6.0825 	DEBUG 	TextBox2 loaded 1 chars with 0 blanks and 1 valid
6.0831 	DEBUG 	TextBox2 loaded 1 chars with 0 blanks and 1 valid
6.0834 	DEBUG 	TextBox2 loaded 1 chars with 0 blanks and 1 valid
6.0838 	DEBUG 	TextBox2 loaded 1 chars with 0 blanks and 1 valid
6.0845 	DEBUG 	TextBox2 loaded 1 chars with 0 blanks and 1 valid
6.0849 	DEBUG 	TextBox2 loaded 1 chars with 0 blanks and 1 valid
6.0852 	DEBUG 	Uploading Texture Font fontname to graphics card
6.0926 	DEBUG 	Upload of Texture Font fontname complete
6.0975 	DEBUG 	TextBox2 loaded 1 chars with 0 blanks and 1 valid
6.0983 	DEBUG 	TextBox2 loaded 1 chars with 0 blanks and 1 valid
6.0990 	DEBUG 	TextBox2 loaded 1 chars with 0 blanks and 1 valid
6.0992 	DEBUG 	Uploading Texture Font fontname to graphics card
6.1076 	DEBUG 	Upload of Texture Font fontname complete
6.1091 	EXP 	window1: Attempting to measure frame rate of screen (0) ...
6.1091 	EXP 	window1: recordFrameIntervals = False
6.1879 	EXP 	window1: recordFrameIntervals = True
6.2547 	EXP 	Screen (0) actual frame rate measured at 165.62Hz
6.2547 	EXP 	window1: recordFrameIntervals = False
6.2608 	DEBUG 	TextBox2 loaded 1 chars with 0 blanks and 1 valid
6.2613 	DEBUG 	TextBox2 loaded 1 chars with 0 blanks and 1 valid
6.2619 	DEBUG 	TextBox2 loaded 1 chars with 0 blanks and 1 valid
6.2627 	DEBUG 	TextBox2 loaded 1 chars with 0 blanks and 1 valid
6.2634 	DEBUG 	TextBox2 loaded 1 chars with 0 blanks and 1 valid
6.2641 	DEBUG 	TextBox2 loaded 1 chars with 0 blanks and 1 valid
6.2645 	DEBUG 	TextBox2 loaded 1 chars with 0 blanks and 1 valid
6.2651 	DEBUG 	TextBox2 loaded 1 chars with 0 blanks and 1 valid
6.2658 	DEBUG 	TextBox2 loaded 1 chars with 0 blanks and 1 valid
6.2665 	DEBUG 	TextBox2 loaded 1 chars with 0 blanks and 1 valid
6.2669 	DEBUG 	Uploading Texture Font fontname to graphics card
6.2676 	DEBUG 	Upload of Texture Font fontname complete
6.2777 	WARNING 	launchHubServer: If using the iohub mouse or eyetracker devices, fullScr should be True.
8.3575 	INFO 	keyboard.Keyboard is using iohub backend.
8.3575 	INFO 	keyboard.Keyboard is using iohub backend.
8.3575 	INFO 	keyboard.Keyboard is using iohub backend.
8.3575 	EXP 	project: status = STARTED
8.4315 	EXP 	Created text = TextStim(__class__=<class 'psychopy.visual.text.TextStim'>, alignHoriz=method-wrapper(...), alignText='center', alignVert=method-wrapper(...), anchorHoriz='center', anchorVert='center', antialias=True, autoDraw=False, autoLog=True, bold=False, color=array([1., 1., 1.]), colorSpace='rgb', contrast=1.0, depth=0.0, draggable=False, flipHoriz=False, flipVert=False, font='Arial', fontFiles=[], height=0.05, italic=False, languageStyle='LTR', name='text', opacity=1, ori=0.0, pos=array([0. , 0.1]), rgb=UNKNOWN, text="Please don't move or blink", units='height', win=Window(...), wrapWidth=1)
8.4371 	EXP 	Created text_2 = TextStim(__class__=<class 'psychopy.visual.text.TextStim'>, alignHoriz=method-wrapper(...), alignText='center', alignVert=method-wrapper(...), anchorHoriz='center', anchorVert='center', antialias=True, autoDraw=False, autoLog=True, bold=False, color=array([1., 1., 1.]), colorSpace='rgb', contrast=1.0, depth=-1.0, draggable=False, flipHoriz=False, flipVert=False, font='Arial', fontFiles=[], height=0.05, italic=False, languageStyle='LTR', name='text_2', opacity=1, ori=0.0, pos=array([0., 0.]), rgb=UNKNOWN, text='If you ready, press [space bar]\n', units='height', win=Window(...), wrapWidth=1)
8.4390 	EXP 	Created cross = ShapeStim(__class__=<class 'psychopy.visual.shape.ShapeStim'>, anchor=('center', 'center'), autoDraw=False, autoLog=True, closeShape=True, color=method-wrapper(...), colorSpace='rgb', contrast=None, depth=0.0, draggable=False, fillColor=array([1, 1, 1]), fillColorSpace='rgb', fillRGB=array([1, 1, 1]), interpolate=True, lineColor=array([1., 1., 1.]), lineColorSpace='rgb', lineRGB=array([1, 1, 1]), lineWidth=1.0, name='cross', opacity=1, ori=0.0, pos=array([0., 0.]), size=array([0.1, 0.1]), units='height', vertices=ndarray(...), win=Window(...), windingRule=None)
8.4436 	EXP 	Created faces = ImageStim(__class__=<class 'psychopy.visual.image.ImageStim'>, anchor=('center', 'center'), autoLog=True, color=array([1., 1., 1.]), colorSpace='rgb', contrast=1.0, depth=-1.0, draggable=False, flipHoriz=False, flipVert=False, image='default.png', interpolate=True, mask=None, maskParams=None, name='faces', opacity=1, ori=0.0, pos=array([0., 0.]), size=array([0.5, 0.5]), texRes=128.0, units='height', win=Window(...))
8.4466 	EXP 	Created text_3 = TextStim(__class__=<class 'psychopy.visual.text.TextStim'>, alignHoriz=method-wrapper(...), alignText='center', alignVert=method-wrapper(...), anchorHoriz='center', anchorVert='center', antialias=True, autoDraw=False, autoLog=True, bold=False, color=array([1., 1., 1.]), colorSpace='rgb', contrast=1.0, depth=-1.0, draggable=False, flipHoriz=False, flipVert=False, font='Arial', fontFiles=[], height=0.05, italic=False, languageStyle='LTR', name='text_3', opacity=1, ori=0.0, pos=array([0., 0.]), rgb=UNKNOWN, text='Endding block', units='height', win=Window(...), wrapWidth=1)
0.0149 	INFO 	Keyboard events cleared
0.0146 	EXP 	text: autoDraw = True
0.0146 	EXP 	text_2: autoDraw = True
1.2167 	DEBUG 	Read csv file with pandas: blocks/block1.csv
1.2174 	DEBUG 	Clearing unnamed columns from blocks/block1.csv
1.2177 	EXP 	Imported blocks/block1.csv as conditions, 5 conditions, 4 params
1.2179 	EXP 	New trial (rep=0, index=0): <Trial 0 (0 in rep 0) data={'block': 1, 'trial': 1, 'image': 'faces/unknown/unknown_48.jpg', 'type': 'unknown', 'thisN': 0, 'thisTrialN': 0, 'thisRepN': 0}>
1.2515 	DATA 	Keypress: space
1.2564 	EXP 	text: autoDraw = False
1.2564 	EXP 	text_2: autoDraw = False
1.2564 	EXP 	faces: image = 'faces/unknown/unknown_48.jpg'
2.2082 	EXP 	cross: autoDraw = True
2.6990 	EXP 	cross: autoDraw = False
3.2143 	INFO 	Keyboard events cleared
3.2139 	EXP 	faces: autoDraw = True
3.6585 	DATA 	Keypress: space
5.1982 	EXP 	New trial (rep=0, index=1): <Trial 1 (1 in rep 0) data={'block': 1, 'trial': 2, 'image': 'faces/unknown/unknown_174.jpg', 'type': 'unknown', 'thisN': 1, 'thisTrialN': 1, 'thisRepN': 0}>
5.2323 	EXP 	faces: autoDraw = False
5.2323 	EXP 	cross: autoDraw = False
5.2323 	EXP 	faces: autoDraw = False
5.2323 	EXP 	faces: image = 'faces/unknown/unknown_174.jpg'
6.2080 	EXP 	cross: autoDraw = True
6.6987 	EXP 	cross: autoDraw = False
7.2081 	INFO 	Keyboard events cleared
7.2078 	EXP 	faces: autoDraw = True
7.6708 	DATA 	Keypress: space
9.1974 	EXP 	New trial (rep=0, index=2): <Trial 2 (2 in rep 0) data={'block': 1, 'trial': 3, 'image': 'faces/unknown/unknown_66.jpg', 'type': 'unknown', 'thisN': 2, 'thisTrialN': 2, 'thisRepN': 0}>
9.2325 	EXP 	faces: autoDraw = False
9.2325 	EXP 	cross: autoDraw = False
9.2325 	EXP 	faces: autoDraw = False
9.2325 	EXP 	faces: image = 'faces/unknown/unknown_66.jpg'
10.2083 	EXP 	cross: autoDraw = True
10.6986 	EXP 	cross: autoDraw = False
11.2084 	INFO 	Keyboard events cleared
11.2081 	EXP 	faces: autoDraw = True
11.8888 	DATA 	Keypress: space
13.1974 	EXP 	New trial (rep=0, index=3): <Trial 3 (3 in rep 0) data={'block': 1, 'trial': 4, 'image': 'faces/unknown/unknown_267.jpg', 'type': 'unknown', 'thisN': 3, 'thisTrialN': 3, 'thisRepN': 0}>
13.2261 	EXP 	faces: autoDraw = False
13.2261 	EXP 	cross: autoDraw = False
13.2261 	EXP 	faces: autoDraw = False
13.2261 	EXP 	faces: image = 'faces/unknown/unknown_267.jpg'
14.2077 	EXP 	cross: autoDraw = True
14.6989 	EXP 	cross: autoDraw = False
15.2081 	INFO 	Keyboard events cleared
15.2079 	EXP 	faces: autoDraw = True
16.0278 	DATA 	Keypress: space
17.1972 	EXP 	New trial (rep=0, index=4): <Trial 4 (4 in rep 0) data={'block': 1, 'trial': 5, 'image': 'faces/unknown/unknown_210.jpg', 'type': 'unknown', 'thisN': 4, 'thisTrialN': 4, 'thisRepN': 0}>
17.2319 	EXP 	faces: autoDraw = False
17.2319 	EXP 	cross: autoDraw = False
17.2319 	EXP 	faces: autoDraw = False
17.2319 	EXP 	faces: image = 'faces/unknown/unknown_210.jpg'
18.2077 	EXP 	cross: autoDraw = True
18.6984 	EXP 	cross: autoDraw = False
19.2077 	INFO 	Keyboard events cleared
19.2075 	EXP 	faces: autoDraw = True
21.2013 	EXP 	faces: autoDraw = False
21.2013 	EXP 	cross: autoDraw = False
21.2013 	EXP 	faces: autoDraw = False
21.2074 	EXP 	text_3: autoDraw = True
22.2012 	EXP 	text_3: autoDraw = False
22.2012 	EXP 	text_3: autoDraw = False
22.2024 	EXP 	project: status = STOPPED
22.2047 	INFO 	saved data to 'C:\\Users\\napat\\Documents\\GitHub\\BCI\\data/55555_project_2025-04-29_22h26.56.854.csv'
22.2061 	INFO 	saved data to C:\Users\napat\Documents\GitHub\BCI\data/55555_project_2025-04-29_22h26.56.854.psydat
22.9052 	DEBUG 	Saving data for project ExperimentHandler
