7.0993 	DEBUG 	Fullscreen settings ignored as running in pilot mode.
7.0998 	INFO 	Loaded monitor calibration from ['2025_03_07 15:28']
8.1933 	EXP 	Created window1 = Window(allowGUI=False, allowStencil=False, autoLog=True, backendConf=UNKNOWN, backgroundFit=<method-wrapper '__getattribute__' of attributeSetter object at 0x000002A9BBB4B5E0>, backgroundImage=<method-wrapper '__getattribute__' of attributeSetter object at 0x000002A9BBB4B580>, bitsMode=UNKNOWN, blendMode='avg', bpc=(8, 8, 8), color=array([0, 0, 0]), colorSpace='rgb', depthBits=8, fullscr=False, gamma=None, gammaErrorPolicy='raise', infoMsg=UNKNOWN, lms=UNKNOWN, monitor=<psychopy.monitors.calibTools.Monitor object at 0x000002A9BBBFDF00>, multiSample=False, name='window1', numSamples=2, pos=[560.0, 240.0], screen=0, size=array([800, 600]), stencilBits=0, stereo=False, title='PsychoPy', units='height', useFBO=True, useRetina=False, viewOri=0.0, viewPos=None, viewScale=None, waitBlanking=True, winType='pyglet')
8.1934 	EXP 	window1: backgroundImage = ''
8.1934 	EXP 	window1: backgroundFit = 'none'
8.2135 	DEBUG 	TextBox2 loaded 1 chars with 0 blanks and 1 valid
8.2142 	DEBUG 	TextBox2 loaded 1 chars with 0 blanks and 1 valid
8.2148 	DEBUG 	TextBox2 loaded 1 chars with 0 blanks and 1 valid
8.2156 	DEBUG 	TextBox2 loaded 1 chars with 0 blanks and 1 valid
8.2164 	DEBUG 	TextBox2 loaded 1 chars with 0 blanks and 1 valid
8.2169 	DEBUG 	TextBox2 loaded 1 chars with 0 blanks and 1 valid
8.2175 	DEBUG 	TextBox2 loaded 1 chars with 0 blanks and 1 valid
8.2182 	DEBUG 	TextBox2 loaded 1 chars with 0 blanks and 1 valid
8.2185 	DEBUG 	TextBox2 loaded 1 chars with 0 blanks and 1 valid
8.2188 	DEBUG 	TextBox2 loaded 1 chars with 0 blanks and 1 valid
8.2194 	DEBUG 	TextBox2 loaded 1 chars with 0 blanks and 1 valid
8.2200 	DEBUG 	TextBox2 loaded 1 chars with 0 blanks and 1 valid
8.2205 	DEBUG 	TextBox2 loaded 1 chars with 0 blanks and 1 valid
8.2210 	DEBUG 	TextBox2 loaded 1 chars with 0 blanks and 1 valid
8.2215 	DEBUG 	TextBox2 loaded 1 chars with 0 blanks and 1 valid
8.2222 	DEBUG 	TextBox2 loaded 1 chars with 0 blanks and 1 valid
8.2228 	DEBUG 	TextBox2 loaded 1 chars with 0 blanks and 1 valid
8.2231 	DEBUG 	TextBox2 loaded 1 chars with 0 blanks and 1 valid
8.2235 	DEBUG 	TextBox2 loaded 1 chars with 0 blanks and 1 valid
8.2242 	DEBUG 	TextBox2 loaded 1 chars with 0 blanks and 1 valid
8.2249 	DEBUG 	TextBox2 loaded 1 chars with 0 blanks and 1 valid
8.2265 	DEBUG 	Uploading Texture Font fontname to graphics card
8.2485 	DEBUG 	Upload of Texture Font fontname complete
8.2534 	DEBUG 	TextBox2 loaded 1 chars with 0 blanks and 1 valid
8.2541 	DEBUG 	TextBox2 loaded 1 chars with 0 blanks and 1 valid
8.2548 	DEBUG 	TextBox2 loaded 1 chars with 0 blanks and 1 valid
8.2551 	DEBUG 	Uploading Texture Font fontname to graphics card
8.2656 	DEBUG 	Upload of Texture Font fontname complete
8.2671 	EXP 	window1: Attempting to measure frame rate of screen (0) ...
8.2671 	EXP 	window1: recordFrameIntervals = False
8.3382 	EXP 	window1: recordFrameIntervals = True
8.4058 	EXP 	Screen (0) actual frame rate measured at 162.61Hz
8.4059 	EXP 	window1: recordFrameIntervals = False
8.4101 	DEBUG 	TextBox2 loaded 1 chars with 0 blanks and 1 valid
8.4110 	DEBUG 	TextBox2 loaded 1 chars with 0 blanks and 1 valid
8.4117 	DEBUG 	TextBox2 loaded 1 chars with 0 blanks and 1 valid
8.4125 	DEBUG 	TextBox2 loaded 1 chars with 0 blanks and 1 valid
8.4131 	DEBUG 	TextBox2 loaded 1 chars with 0 blanks and 1 valid
8.4138 	DEBUG 	TextBox2 loaded 1 chars with 0 blanks and 1 valid
8.4142 	DEBUG 	TextBox2 loaded 1 chars with 0 blanks and 1 valid
8.4148 	DEBUG 	TextBox2 loaded 1 chars with 0 blanks and 1 valid
8.4155 	DEBUG 	TextBox2 loaded 1 chars with 0 blanks and 1 valid
8.4162 	DEBUG 	TextBox2 loaded 1 chars with 0 blanks and 1 valid
8.4165 	DEBUG 	Uploading Texture Font fontname to graphics card
8.4169 	DEBUG 	Upload of Texture Font fontname complete
8.4665 	WARNING 	launchHubServer: If using the iohub mouse or eyetracker devices, fullScr should be True.
11.3393 	INFO 	keyboard.Keyboard is using iohub backend.
11.3393 	INFO 	keyboard.Keyboard is using iohub backend.
11.3394 	INFO 	keyboard.Keyboard is using iohub backend.
11.3394 	EXP 	project: status = STARTED
11.6528 	EXP 	Created text = TextStim(__class__=<class 'psychopy.visual.text.TextStim'>, alignHoriz=method-wrapper(...), alignText='center', alignVert=method-wrapper(...), anchorHoriz='center', anchorVert='center', antialias=True, autoDraw=False, autoLog=True, bold=False, color=array([1., 1., 1.]), colorSpace='rgb', contrast=1.0, depth=0.0, draggable=False, flipHoriz=False, flipVert=False, font='Arial', fontFiles=[], height=0.05, italic=False, languageStyle='LTR', name='text', opacity=1, ori=0.0, pos=array([0. , 0.1]), rgb=UNKNOWN, text="Please don't move or blink", units='height', win=Window(...), wrapWidth=1)
11.6605 	EXP 	Created text_2 = TextStim(__class__=<class 'psychopy.visual.text.TextStim'>, alignHoriz=method-wrapper(...), alignText='center', alignVert=method-wrapper(...), anchorHoriz='center', anchorVert='center', antialias=True, autoDraw=False, autoLog=True, bold=False, color=array([1., 1., 1.]), colorSpace='rgb', contrast=1.0, depth=-1.0, draggable=False, flipHoriz=False, flipVert=False, font='Arial', fontFiles=[], height=0.05, italic=False, languageStyle='LTR', name='text_2', opacity=1, ori=0.0, pos=array([0., 0.]), rgb=UNKNOWN, text='If you ready, press [space bar]\n', units='height', win=Window(...), wrapWidth=1)
11.6718 	EXP 	Created cross = ShapeStim(__class__=<class 'psychopy.visual.shape.ShapeStim'>, anchor=('center', 'center'), autoDraw=False, autoLog=True, closeShape=True, color=method-wrapper(...), colorSpace='rgb', contrast=None, depth=0.0, draggable=False, fillColor=array([1, 1, 1]), fillColorSpace='rgb', fillRGB=array([1, 1, 1]), interpolate=True, lineColor=array([1., 1., 1.]), lineColorSpace='rgb', lineRGB=array([1, 1, 1]), lineWidth=1.0, name='cross', opacity=1, ori=0.0, pos=array([0., 0.]), size=array([0.1, 0.1]), units='height', vertices=ndarray(...), win=Window(...), windingRule=None)
11.6791 	EXP 	Created faces = ImageStim(__class__=<class 'psychopy.visual.image.ImageStim'>, anchor=('center', 'center'), autoLog=True, color=array([1., 1., 1.]), colorSpace='rgb', contrast=1.0, depth=-1.0, draggable=False, flipHoriz=False, flipVert=False, image='default.png', interpolate=True, mask=None, maskParams=None, name='faces', opacity=1, ori=0.0, pos=array([0., 0.]), size=array([0.5, 0.5]), texRes=128.0, units='height', win=Window(...))
11.7007 	DEBUG 	Saving data for project ExperimentHandler
11.7015 	INFO 	saved data to C:\Users\napat\Documents\GitHub\BCI-P300-project\data/574181_project_2025-05-04_15h50.18.939.psydat
11.7022 	INFO 	saved data to 'C:\\Users\\napat\\Documents\\GitHub\\BCI-P300-project\\data/574181_project_2025-05-04_15h50.18.939.csv'
