4.9781 	DEBUG 	Fullscreen settings ignored as running in pilot mode.
4.9787 	INFO 	Loaded monitor calibration from ['2025_03_07 15:28']
5.1732 	EXP 	Created window1 = Window(allowGUI=False, allowStencil=False, autoLog=True, backendConf=UNKNOWN, backgroundFit=<method-wrapper '__getattribute__' of attributeSetter object at 0x00000174A9E35C90>, backgroundImage=<method-wrapper '__getattribute__' of attributeSetter object at 0x00000174A9E35C30>, bitsMode=UNKNOWN, blendMode='avg', bpc=(8, 8, 8), color=array([0, 0, 0]), colorSpace='rgb', depthBits=8, fullscr=False, gamma=None, gammaErrorPolicy='raise', infoMsg=UNKNOWN, lms=UNKNOWN, monitor=<psychopy.monitors.calibTools.Monitor object at 0x00000174A9EF4D00>, multiSample=False, name='window1', numSamples=2, pos=[560.0, 240.0], screen=0, size=array([800, 600]), stencilBits=0, stereo=False, title='PsychoPy', units='height', useFBO=True, useRetina=False, viewOri=0.0, viewPos=None, viewScale=None, waitBlanking=True, winType='pyglet')
5.1732 	EXP 	window1: backgroundImage = ''
5.1733 	EXP 	window1: backgroundFit = 'none'
5.1788 	DEBUG 	TextBox2 loaded 1 chars with 0 blanks and 1 valid
5.1793 	DEBUG 	TextBox2 loaded 1 chars with 0 blanks and 1 valid
5.1799 	DEBUG 	TextBox2 loaded 1 chars with 0 blanks and 1 valid
5.1805 	DEBUG 	TextBox2 loaded 1 chars with 0 blanks and 1 valid
5.1812 	DEBUG 	TextBox2 loaded 1 chars with 0 blanks and 1 valid
5.1816 	DEBUG 	TextBox2 loaded 1 chars with 0 blanks and 1 valid
5.1821 	DEBUG 	TextBox2 loaded 1 chars with 0 blanks and 1 valid
5.1828 	DEBUG 	TextBox2 loaded 1 chars with 0 blanks and 1 valid
5.1830 	DEBUG 	TextBox2 loaded 1 chars with 0 blanks and 1 valid
5.1833 	DEBUG 	TextBox2 loaded 1 chars with 0 blanks and 1 valid
5.1838 	DEBUG 	TextBox2 loaded 1 chars with 0 blanks and 1 valid
5.1843 	DEBUG 	TextBox2 loaded 1 chars with 0 blanks and 1 valid
5.1848 	DEBUG 	TextBox2 loaded 1 chars with 0 blanks and 1 valid
5.1853 	DEBUG 	TextBox2 loaded 1 chars with 0 blanks and 1 valid
5.1858 	DEBUG 	TextBox2 loaded 1 chars with 0 blanks and 1 valid
5.1863 	DEBUG 	TextBox2 loaded 1 chars with 0 blanks and 1 valid
5.1868 	DEBUG 	TextBox2 loaded 1 chars with 0 blanks and 1 valid
5.1872 	DEBUG 	TextBox2 loaded 1 chars with 0 blanks and 1 valid
5.1876 	DEBUG 	TextBox2 loaded 1 chars with 0 blanks and 1 valid
5.1884 	DEBUG 	TextBox2 loaded 1 chars with 0 blanks and 1 valid
5.1888 	DEBUG 	TextBox2 loaded 1 chars with 0 blanks and 1 valid
5.1891 	DEBUG 	Uploading Texture Font fontname to graphics card
5.1925 	DEBUG 	Upload of Texture Font fontname complete
5.1975 	DEBUG 	TextBox2 loaded 1 chars with 0 blanks and 1 valid
5.1983 	DEBUG 	TextBox2 loaded 1 chars with 0 blanks and 1 valid
5.1990 	DEBUG 	TextBox2 loaded 1 chars with 0 blanks and 1 valid
5.1992 	DEBUG 	Uploading Texture Font fontname to graphics card
5.2025 	DEBUG 	Upload of Texture Font fontname complete
5.2038 	EXP 	window1: Attempting to measure frame rate of screen (0) ...
5.2038 	EXP 	window1: recordFrameIntervals = False
5.2727 	EXP 	window1: recordFrameIntervals = True
5.3400 	EXP 	Screen (0) actual frame rate measured at 166.23Hz
5.3400 	EXP 	window1: recordFrameIntervals = False
5.3443 	DEBUG 	TextBox2 loaded 1 chars with 0 blanks and 1 valid
5.3447 	DEBUG 	TextBox2 loaded 1 chars with 0 blanks and 1 valid
5.3454 	DEBUG 	TextBox2 loaded 1 chars with 0 blanks and 1 valid
5.3462 	DEBUG 	TextBox2 loaded 1 chars with 0 blanks and 1 valid
5.3470 	DEBUG 	TextBox2 loaded 1 chars with 0 blanks and 1 valid
5.3478 	DEBUG 	TextBox2 loaded 1 chars with 0 blanks and 1 valid
5.3482 	DEBUG 	TextBox2 loaded 1 chars with 0 blanks and 1 valid
5.3488 	DEBUG 	TextBox2 loaded 1 chars with 0 blanks and 1 valid
5.3495 	DEBUG 	TextBox2 loaded 1 chars with 0 blanks and 1 valid
5.3503 	DEBUG 	TextBox2 loaded 1 chars with 0 blanks and 1 valid
5.3505 	DEBUG 	Uploading Texture Font fontname to graphics card
5.3511 	DEBUG 	Upload of Texture Font fontname complete
5.3606 	WARNING 	launchHubServer: If using the iohub mouse or eyetracker devices, fullScr should be True.
7.4308 	INFO 	keyboard.Keyboard is using iohub backend.
7.4308 	INFO 	keyboard.Keyboard is using iohub backend.
7.4309 	INFO 	keyboard.Keyboard is using iohub backend.
7.4309 	EXP 	project: status = STARTED
7.4909 	EXP 	Created text = TextStim(__class__=<class 'psychopy.visual.text.TextStim'>, alignHoriz=method-wrapper(...), alignText='center', alignVert=method-wrapper(...), anchorHoriz='center', anchorVert='center', antialias=True, autoDraw=False, autoLog=True, bold=False, color=array([1., 1., 1.]), colorSpace='rgb', contrast=1.0, depth=0.0, draggable=False, flipHoriz=False, flipVert=False, font='Arial', fontFiles=[], height=0.05, italic=False, languageStyle='LTR', name='text', opacity=1, ori=0.0, pos=array([0. , 0.1]), rgb=UNKNOWN, text="Please don't move or blink", units='height', win=Window(...), wrapWidth=1)
7.4959 	EXP 	Created text_2 = TextStim(__class__=<class 'psychopy.visual.text.TextStim'>, alignHoriz=method-wrapper(...), alignText='center', alignVert=method-wrapper(...), anchorHoriz='center', anchorVert='center', antialias=True, autoDraw=False, autoLog=True, bold=False, color=array([1., 1., 1.]), colorSpace='rgb', contrast=1.0, depth=-1.0, draggable=False, flipHoriz=False, flipVert=False, font='Arial', fontFiles=[], height=0.05, italic=False, languageStyle='LTR', name='text_2', opacity=1, ori=0.0, pos=array([0., 0.]), rgb=UNKNOWN, text='If you ready, press [space bar]\n', units='height', win=Window(...), wrapWidth=1)
7.5107 	EXP 	Created cross = ShapeStim(__class__=<class 'psychopy.visual.shape.ShapeStim'>, anchor=('center', 'center'), autoDraw=False, autoLog=True, closeShape=True, color=method-wrapper(...), colorSpace='rgb', contrast=None, depth=-1.0, draggable=False, fillColor=array([1, 1, 1]), fillColorSpace='rgb', fillRGB=array([1, 1, 1]), interpolate=True, lineColor=array([1., 1., 1.]), lineColorSpace='rgb', lineRGB=array([1, 1, 1]), lineWidth=1.0, name='cross', opacity=1, ori=0.0, pos=array([0., 0.]), size=array([0.1, 0.1]), units='height', vertices=ndarray(...), win=Window(...), windingRule=None)
7.5138 	EXP 	Created faces_image = ImageStim(__class__=<class 'psychopy.visual.image.ImageStim'>, anchor=('center', 'center'), autoLog=True, color=array([1., 1., 1.]), colorSpace='rgb', contrast=1.0, depth=0.0, draggable=False, flipHoriz=False, flipVert=False, image='default.png', interpolate=True, mask=None, maskParams=None, name='faces_image', opacity=1, ori=0.0, pos=array([0., 0.]), size=array([0.5, 0.5]), texRes=128.0, units='height', win=Window(...))
7.5168 	EXP 	Created text_3 = TextStim(__class__=<class 'psychopy.visual.text.TextStim'>, alignHoriz=method-wrapper(...), alignText='center', alignVert=method-wrapper(...), anchorHoriz='center', anchorVert='center', antialias=True, autoDraw=False, autoLog=True, bold=False, color=array([1., 1., 1.]), colorSpace='rgb', contrast=1.0, depth=-1.0, draggable=False, flipHoriz=False, flipVert=False, font='Arial', fontFiles=[], height=0.05, italic=False, languageStyle='LTR', name='text_3', opacity=1, ori=0.0, pos=array([0., 0.]), rgb=UNKNOWN, text='Endding block', units='height', win=Window(...), wrapWidth=1)
0.0109 	INFO 	Keyboard events cleared
0.0107 	EXP 	text: autoDraw = True
0.0107 	EXP 	text_2: autoDraw = True
1.3578 	DEBUG 	Read csv file with pandas: blocks/block1.csv
1.3585 	DEBUG 	Clearing unnamed columns from blocks/block1.csv
1.3589 	EXP 	Imported blocks/block1.csv as conditions, 5 conditions, 4 params
1.3591 	EXP 	New trial (rep=0, index=0): <Trial 0 (0 in rep 0) data={'block': 1, 'trial': 1, 'image': 'faces/unknown/unknown_48.jpg', 'type': 'unknown', 'thisN': 0, 'thisTrialN': 0, 'thisRepN': 0}>
1.3603 	DATA 	Keypress: space
1.3855 	DEBUG 	Saving data for project ExperimentHandler
1.3863 	INFO 	saved data to C:\Users\napat\Documents\GitHub\BCI-P300-project\data/581802_project_2025-05-04_17h01.41.076.psydat
1.3871 	INFO 	saved data to 'C:\\Users\\napat\\Documents\\GitHub\\BCI-P300-project\\data/581802_project_2025-05-04_17h01.41.076.csv'
