3.9987 	DEBUG 	Fullscreen settings ignored as running in pilot mode.
3.9993 	INFO 	Loaded monitor calibration from ['2025_03_07 15:28']
4.1966 	EXP 	Created window1 = Window(allowGUI=False, allowStencil=False, autoLog=True, backendConf=UNKNOWN, backgroundFit=<method-wrapper '__getattribute__' of attributeSetter object at 0x0000016EEE2F3550>, backgroundImage=<method-wrapper '__getattribute__' of attributeSetter object at 0x0000016EEE2F35B0>, bitsMode=UNKNOWN, blendMode='avg', bpc=(8, 8, 8), color=array([0, 0, 0]), colorSpace='rgb', depthBits=8, fullscr=False, gamma=None, gammaErrorPolicy='raise', infoMsg=UNKNOWN, lms=UNKNOWN, monitor=<psychopy.monitors.calibTools.Monitor object at 0x0000016EEE384BE0>, multiSample=False, name='window1', numSamples=2, pos=[560.0, 240.0], screen=0, size=array([800, 600]), stencilBits=0, stereo=False, title='PsychoPy', units='height', useFBO=True, useRetina=False, viewOri=0.0, viewPos=None, viewScale=None, waitBlanking=True, winType='pyglet')
4.1966 	EXP 	window1: backgroundImage = ''
4.1966 	EXP 	window1: backgroundFit = 'none'
4.2026 	DEBUG 	TextBox2 loaded 1 chars with 0 blanks and 1 valid
4.2032 	DEBUG 	TextBox2 loaded 1 chars with 0 blanks and 1 valid
4.2038 	DEBUG 	TextBox2 loaded 1 chars with 0 blanks and 1 valid
4.2045 	DEBUG 	TextBox2 loaded 1 chars with 0 blanks and 1 valid
4.2052 	DEBUG 	TextBox2 loaded 1 chars with 0 blanks and 1 valid
4.2056 	DEBUG 	TextBox2 loaded 1 chars with 0 blanks and 1 valid
4.2063 	DEBUG 	TextBox2 loaded 1 chars with 0 blanks and 1 valid
4.2069 	DEBUG 	TextBox2 loaded 1 chars with 0 blanks and 1 valid
4.2072 	DEBUG 	TextBox2 loaded 1 chars with 0 blanks and 1 valid
4.2075 	DEBUG 	TextBox2 loaded 1 chars with 0 blanks and 1 valid
4.2081 	DEBUG 	TextBox2 loaded 1 chars with 0 blanks and 1 valid
4.2086 	DEBUG 	TextBox2 loaded 1 chars with 0 blanks and 1 valid
4.2091 	DEBUG 	TextBox2 loaded 1 chars with 0 blanks and 1 valid
4.2096 	DEBUG 	TextBox2 loaded 1 chars with 0 blanks and 1 valid
4.2101 	DEBUG 	TextBox2 loaded 1 chars with 0 blanks and 1 valid
4.2107 	DEBUG 	TextBox2 loaded 1 chars with 0 blanks and 1 valid
4.2113 	DEBUG 	TextBox2 loaded 1 chars with 0 blanks and 1 valid
4.2116 	DEBUG 	TextBox2 loaded 1 chars with 0 blanks and 1 valid
4.2120 	DEBUG 	TextBox2 loaded 1 chars with 0 blanks and 1 valid
4.2128 	DEBUG 	TextBox2 loaded 1 chars with 0 blanks and 1 valid
4.2131 	DEBUG 	TextBox2 loaded 1 chars with 0 blanks and 1 valid
4.2133 	DEBUG 	Uploading Texture Font fontname to graphics card
4.2182 	DEBUG 	Upload of Texture Font fontname complete
4.2233 	DEBUG 	TextBox2 loaded 1 chars with 0 blanks and 1 valid
4.2241 	DEBUG 	TextBox2 loaded 1 chars with 0 blanks and 1 valid
4.2249 	DEBUG 	TextBox2 loaded 1 chars with 0 blanks and 1 valid
4.2251 	DEBUG 	Uploading Texture Font fontname to graphics card
4.2314 	DEBUG 	Upload of Texture Font fontname complete
4.2328 	EXP 	window1: Attempting to measure frame rate of screen (0) ...
4.2328 	EXP 	window1: recordFrameIntervals = False
4.3090 	EXP 	window1: recordFrameIntervals = True
4.3821 	EXP 	Screen (0) actual frame rate measured at 163.17Hz
4.3822 	EXP 	window1: recordFrameIntervals = False
4.3864 	DEBUG 	TextBox2 loaded 1 chars with 0 blanks and 1 valid
4.3869 	DEBUG 	TextBox2 loaded 1 chars with 0 blanks and 1 valid
4.3875 	DEBUG 	TextBox2 loaded 1 chars with 0 blanks and 1 valid
4.3883 	DEBUG 	TextBox2 loaded 1 chars with 0 blanks and 1 valid
4.3890 	DEBUG 	TextBox2 loaded 1 chars with 0 blanks and 1 valid
4.3897 	DEBUG 	TextBox2 loaded 1 chars with 0 blanks and 1 valid
4.3901 	DEBUG 	TextBox2 loaded 1 chars with 0 blanks and 1 valid
4.3908 	DEBUG 	TextBox2 loaded 1 chars with 0 blanks and 1 valid
4.3915 	DEBUG 	TextBox2 loaded 1 chars with 0 blanks and 1 valid
4.3924 	DEBUG 	TextBox2 loaded 1 chars with 0 blanks and 1 valid
4.3927 	DEBUG 	Uploading Texture Font fontname to graphics card
4.3934 	DEBUG 	Upload of Texture Font fontname complete
4.4023 	WARNING 	launchHubServer: If using the iohub mouse or eyetracker devices, fullScr should be True.
6.3770 	INFO 	keyboard.Keyboard is using iohub backend.
6.3770 	INFO 	keyboard.Keyboard is using iohub backend.
6.3770 	INFO 	keyboard.Keyboard is using iohub backend.
6.3770 	EXP 	project: status = STARTED
6.4465 	EXP 	Created text = TextStim(__class__=<class 'psychopy.visual.text.TextStim'>, alignHoriz=method-wrapper(...), alignText='center', alignVert=method-wrapper(...), anchorHoriz='center', anchorVert='center', antialias=True, autoDraw=False, autoLog=True, bold=False, color=array([1., 1., 1.]), colorSpace='rgb', contrast=1.0, depth=0.0, draggable=False, flipHoriz=False, flipVert=False, font='Arial', fontFiles=[], height=0.05, italic=False, languageStyle='LTR', name='text', opacity=1, ori=0.0, pos=array([0. , 0.1]), rgb=UNKNOWN, text="Please don't move or blink", units='height', win=Window(...), wrapWidth=1)
6.4514 	EXP 	Created text_2 = TextStim(__class__=<class 'psychopy.visual.text.TextStim'>, alignHoriz=method-wrapper(...), alignText='center', alignVert=method-wrapper(...), anchorHoriz='center', anchorVert='center', antialias=True, autoDraw=False, autoLog=True, bold=False, color=array([1., 1., 1.]), colorSpace='rgb', contrast=1.0, depth=-1.0, draggable=False, flipHoriz=False, flipVert=False, font='Arial', fontFiles=[], height=0.05, italic=False, languageStyle='LTR', name='text_2', opacity=1, ori=0.0, pos=array([0., 0.]), rgb=UNKNOWN, text='If you ready, press [space bar]\n', units='height', win=Window(...), wrapWidth=1)
6.4674 	EXP 	Created cross = ShapeStim(__class__=<class 'psychopy.visual.shape.ShapeStim'>, anchor=('center', 'center'), autoDraw=False, autoLog=True, closeShape=True, color=method-wrapper(...), colorSpace='rgb', contrast=None, depth=-1.0, draggable=False, fillColor=array([1, 1, 1]), fillColorSpace='rgb', fillRGB=array([1, 1, 1]), interpolate=True, lineColor=array([1., 1., 1.]), lineColorSpace='rgb', lineRGB=array([1, 1, 1]), lineWidth=1.0, name='cross', opacity=1, ori=0.0, pos=array([0., 0.]), size=array([0.1, 0.1]), units='height', vertices=ndarray(...), win=Window(...), windingRule=None)
6.4707 	EXP 	Created faces_image = ImageStim(__class__=<class 'psychopy.visual.image.ImageStim'>, anchor=('center', 'center'), autoLog=True, color=array([1., 1., 1.]), colorSpace='rgb', contrast=1.0, depth=0.0, draggable=False, flipHoriz=False, flipVert=False, image='default.png', interpolate=True, mask=None, maskParams=None, name='faces_image', opacity=1, ori=0.0, pos=array([0., 0.]), size=array([0.5, 0.5]), texRes=128.0, units='height', win=Window(...))
6.4738 	EXP 	Created text_3 = TextStim(__class__=<class 'psychopy.visual.text.TextStim'>, alignHoriz=method-wrapper(...), alignText='center', alignVert=method-wrapper(...), anchorHoriz='center', anchorVert='center', antialias=True, autoDraw=False, autoLog=True, bold=False, color=array([1., 1., 1.]), colorSpace='rgb', contrast=1.0, depth=-1.0, draggable=False, flipHoriz=False, flipVert=False, font='Arial', fontFiles=[], height=0.05, italic=False, languageStyle='LTR', name='text_3', opacity=1, ori=0.0, pos=array([0., 0.]), rgb=UNKNOWN, text='Endding block', units='height', win=Window(...), wrapWidth=1)
0.0100 	INFO 	Keyboard events cleared
0.0096 	EXP 	text: autoDraw = True
0.0096 	EXP 	text_2: autoDraw = True
2.2284 	DEBUG 	Read csv file with pandas: blocks/block1.csv
2.2292 	DEBUG 	Clearing unnamed columns from blocks/block1.csv
2.2296 	EXP 	Imported blocks/block1.csv as conditions, 5 conditions, 4 params
2.2297 	EXP 	New trial (rep=0, index=0): <Trial 0 (0 in rep 0) data={'block': 1, 'trial': 1, 'image': 'faces/unknown/unknown_48.jpg', 'type': 'unknown', 'thisN': 0, 'thisTrialN': 0, 'thisRepN': 0}>
2.2308 	DATA 	Keypress: space
2.2339 	EXP 	text: autoDraw = False
2.2339 	EXP 	text_2: autoDraw = False
2.7276 	DATA 	Keypress: lalt
3.2174 	EXP 	cross: autoDraw = True
4.1014 	INFO 	Keyboard events cleared
4.1010 	EXP 	cross: autoDraw = False
4.1010 	EXP 	cross: autoDraw = False
4.1010 	EXP 	faces_image: image = 'faces/unknown/unknown_48.jpg'
4.1010 	EXP 	faces_image: autoDraw = True
4.1151 	DATA 	Mouse: wheel shift=(0,-1), pos=(510,184)
4.1218 	DATA 	Mouse: wheel shift=(0,-1), pos=(510,184)
4.1326 	DATA 	Mouse: wheel shift=(0,-1), pos=(510,184)
4.1630 	DATA 	Mouse: wheel shift=(0,-2), pos=(510,184)
4.1694 	DATA 	Mouse: wheel shift=(0,-1), pos=(510,184)
4.1752 	DATA 	Mouse: wheel shift=(0,-1), pos=(510,184)
4.2057 	DATA 	Mouse: wheel shift=(0,-1), pos=(510,184)
6.0654 	EXP 	New trial (rep=0, index=1): <Trial 1 (1 in rep 0) data={'block': 1, 'trial': 2, 'image': 'faces/unknown/unknown_174.jpg', 'type': 'unknown', 'thisN': 1, 'thisTrialN': 1, 'thisRepN': 0}>
6.0701 	EXP 	faces_image: autoDraw = False
7.0522 	EXP 	cross: autoDraw = True
7.9923 	INFO 	Keyboard events cleared
7.9918 	EXP 	cross: autoDraw = False
7.9918 	EXP 	cross: autoDraw = False
7.9918 	EXP 	faces_image: image = 'faces/unknown/unknown_174.jpg'
7.9918 	EXP 	faces_image: autoDraw = True
9.9567 	EXP 	New trial (rep=0, index=2): <Trial 2 (2 in rep 0) data={'block': 1, 'trial': 3, 'image': 'faces/unknown/unknown_66.jpg', 'type': 'unknown', 'thisN': 2, 'thisTrialN': 2, 'thisRepN': 0}>
9.9614 	EXP 	faces_image: autoDraw = False
10.9490 	EXP 	cross: autoDraw = True
11.7011 	INFO 	Keyboard events cleared
11.7007 	EXP 	cross: autoDraw = False
11.7007 	EXP 	cross: autoDraw = False
11.7007 	EXP 	faces_image: image = 'faces/unknown/unknown_66.jpg'
11.7007 	EXP 	faces_image: autoDraw = True
13.6714 	EXP 	New trial (rep=0, index=3): <Trial 3 (3 in rep 0) data={'block': 1, 'trial': 4, 'image': 'faces/unknown/unknown_267.jpg', 'type': 'unknown', 'thisN': 3, 'thisTrialN': 3, 'thisRepN': 0}>
13.6764 	EXP 	faces_image: autoDraw = False
14.6579 	EXP 	cross: autoDraw = True
15.4897 	INFO 	Keyboard events cleared
15.4895 	EXP 	cross: autoDraw = False
15.4895 	EXP 	cross: autoDraw = False
15.4895 	EXP 	faces_image: image = 'faces/unknown/unknown_267.jpg'
15.4895 	EXP 	faces_image: autoDraw = True
17.4602 	EXP 	New trial (rep=0, index=4): <Trial 4 (4 in rep 0) data={'block': 1, 'trial': 5, 'image': 'faces/unknown/unknown_210.jpg', 'type': 'unknown', 'thisN': 4, 'thisTrialN': 4, 'thisRepN': 0}>
17.4641 	EXP 	faces_image: autoDraw = False
18.4521 	EXP 	cross: autoDraw = True
19.3011 	INFO 	Keyboard events cleared
19.3008 	EXP 	cross: autoDraw = False
19.3008 	EXP 	cross: autoDraw = False
19.3008 	EXP 	faces_image: image = 'faces/unknown/unknown_210.jpg'
19.3008 	EXP 	faces_image: autoDraw = True
21.2824 	EXP 	faces_image: autoDraw = False
21.2824 	EXP 	text_3: autoDraw = True
22.2759 	EXP 	text_3: autoDraw = False
22.2759 	EXP 	text_3: autoDraw = False
22.2773 	EXP 	project: status = STOPPED
22.3076 	INFO 	saved data to 'C:\\Users\\napat\\Documents\\GitHub\\BCI-P300-project\\data/588039_project_2025-05-04_17h11.43.748.csv'
22.3087 	INFO 	saved data to C:\Users\napat\Documents\GitHub\BCI-P300-project\data/588039_project_2025-05-04_17h11.43.748.psydat
22.9189 	DEBUG 	Saving data for project ExperimentHandler
