6.7326 	DEBUG 	Fullscreen settings ignored as running in pilot mode.
6.7338 	INFO 	Loaded monitor calibration from ['2025_03_07 15:28']
6.9246 	EXP 	Created window1 = Window(allowGUI=False, allowStencil=False, autoLog=True, backendConf=UNKNOWN, backgroundFit=<method-wrapper '__getattribute__' of attributeSetter object at 0x00000230E45D1120>, backgroundImage=<method-wrapper '__getattribute__' of attributeSetter object at 0x00000230E45D10C0>, bitsMode=UNKNOWN, blendMode='avg', bpc=(8, 8, 8), color=array([0, 0, 0]), colorSpace='rgb', depthBits=8, fullscr=False, gamma=None, gammaErrorPolicy='raise', infoMsg=UNKNOWN, lms=UNKNOWN, monitor=<psychopy.monitors.calibTools.Monitor object at 0x00000230E4664C10>, multiSample=False, name='window1', numSamples=2, pos=[560.0, 240.0], screen=0, size=array([800, 600]), stencilBits=0, stereo=False, title='PsychoPy', units='height', useFBO=True, useRetina=False, viewOri=0.0, viewPos=None, viewScale=None, waitBlanking=True, winType='pyglet')
6.9247 	EXP 	window1: backgroundImage = ''
6.9247 	EXP 	window1: backgroundFit = 'none'
6.9304 	DEBUG 	TextBox2 loaded 1 chars with 0 blanks and 1 valid
6.9309 	DEBUG 	TextBox2 loaded 1 chars with 0 blanks and 1 valid
6.9315 	DEBUG 	TextBox2 loaded 1 chars with 0 blanks and 1 valid
6.9322 	DEBUG 	TextBox2 loaded 1 chars with 0 blanks and 1 valid
6.9328 	DEBUG 	TextBox2 loaded 1 chars with 0 blanks and 1 valid
6.9332 	DEBUG 	TextBox2 loaded 1 chars with 0 blanks and 1 valid
6.9337 	DEBUG 	TextBox2 loaded 1 chars with 0 blanks and 1 valid
6.9343 	DEBUG 	TextBox2 loaded 1 chars with 0 blanks and 1 valid
6.9346 	DEBUG 	TextBox2 loaded 1 chars with 0 blanks and 1 valid
6.9349 	DEBUG 	TextBox2 loaded 1 chars with 0 blanks and 1 valid
6.9354 	DEBUG 	TextBox2 loaded 1 chars with 0 blanks and 1 valid
6.9359 	DEBUG 	TextBox2 loaded 1 chars with 0 blanks and 1 valid
6.9364 	DEBUG 	TextBox2 loaded 1 chars with 0 blanks and 1 valid
6.9369 	DEBUG 	TextBox2 loaded 1 chars with 0 blanks and 1 valid
6.9373 	DEBUG 	TextBox2 loaded 1 chars with 0 blanks and 1 valid
6.9378 	DEBUG 	TextBox2 loaded 1 chars with 0 blanks and 1 valid
6.9384 	DEBUG 	TextBox2 loaded 1 chars with 0 blanks and 1 valid
6.9387 	DEBUG 	TextBox2 loaded 1 chars with 0 blanks and 1 valid
6.9390 	DEBUG 	TextBox2 loaded 1 chars with 0 blanks and 1 valid
6.9397 	DEBUG 	TextBox2 loaded 1 chars with 0 blanks and 1 valid
6.9401 	DEBUG 	TextBox2 loaded 1 chars with 0 blanks and 1 valid
6.9404 	DEBUG 	Uploading Texture Font fontname to graphics card
6.9438 	DEBUG 	Upload of Texture Font fontname complete
6.9481 	DEBUG 	TextBox2 loaded 1 chars with 0 blanks and 1 valid
6.9488 	DEBUG 	TextBox2 loaded 1 chars with 0 blanks and 1 valid
6.9494 	DEBUG 	TextBox2 loaded 1 chars with 0 blanks and 1 valid
6.9496 	DEBUG 	Uploading Texture Font fontname to graphics card
6.9515 	DEBUG 	Upload of Texture Font fontname complete
6.9527 	EXP 	window1: Attempting to measure frame rate of screen (0) ...
6.9528 	EXP 	window1: recordFrameIntervals = False
7.0247 	EXP 	window1: recordFrameIntervals = True
7.0910 	EXP 	Screen (0) actual frame rate measured at 164.56Hz
7.0910 	EXP 	window1: recordFrameIntervals = False
7.0949 	DEBUG 	TextBox2 loaded 1 chars with 0 blanks and 1 valid
7.0955 	DEBUG 	TextBox2 loaded 1 chars with 0 blanks and 1 valid
7.0962 	DEBUG 	TextBox2 loaded 1 chars with 0 blanks and 1 valid
7.0969 	DEBUG 	TextBox2 loaded 1 chars with 0 blanks and 1 valid
7.0977 	DEBUG 	TextBox2 loaded 1 chars with 0 blanks and 1 valid
7.0984 	DEBUG 	TextBox2 loaded 1 chars with 0 blanks and 1 valid
7.0988 	DEBUG 	TextBox2 loaded 1 chars with 0 blanks and 1 valid
7.0994 	DEBUG 	TextBox2 loaded 1 chars with 0 blanks and 1 valid
7.1001 	DEBUG 	TextBox2 loaded 1 chars with 0 blanks and 1 valid
7.1007 	DEBUG 	TextBox2 loaded 1 chars with 0 blanks and 1 valid
7.1010 	DEBUG 	Uploading Texture Font fontname to graphics card
7.1014 	DEBUG 	Upload of Texture Font fontname complete
7.1099 	WARNING 	launchHubServer: If using the iohub mouse or eyetracker devices, fullScr should be True.
9.0839 	INFO 	keyboard.Keyboard is using iohub backend.
9.0840 	INFO 	keyboard.Keyboard is using iohub backend.
9.0840 	INFO 	keyboard.Keyboard is using iohub backend.
9.0840 	EXP 	project: status = STARTED
9.1426 	EXP 	Created text = TextStim(__class__=<class 'psychopy.visual.text.TextStim'>, alignHoriz=method-wrapper(...), alignText='center', alignVert=method-wrapper(...), anchorHoriz='center', anchorVert='center', antialias=True, autoDraw=False, autoLog=True, bold=False, color=array([1., 1., 1.]), colorSpace='rgb', contrast=1.0, depth=0.0, draggable=False, flipHoriz=False, flipVert=False, font='Arial', fontFiles=[], height=0.05, italic=False, languageStyle='LTR', name='text', opacity=1, ori=0.0, pos=array([0. , 0.1]), rgb=UNKNOWN, text="Please don't move or blink", units='height', win=Window(...), wrapWidth=1)
9.1475 	EXP 	Created text_2 = TextStim(__class__=<class 'psychopy.visual.text.TextStim'>, alignHoriz=method-wrapper(...), alignText='center', alignVert=method-wrapper(...), anchorHoriz='center', anchorVert='center', antialias=True, autoDraw=False, autoLog=True, bold=False, color=array([1., 1., 1.]), colorSpace='rgb', contrast=1.0, depth=-1.0, draggable=False, flipHoriz=False, flipVert=False, font='Arial', fontFiles=[], height=0.05, italic=False, languageStyle='LTR', name='text_2', opacity=1, ori=0.0, pos=array([0., 0.]), rgb=UNKNOWN, text='If you ready, press [space bar]\n', units='height', win=Window(...), wrapWidth=1)
9.1626 	EXP 	Created cross = ShapeStim(__class__=<class 'psychopy.visual.shape.ShapeStim'>, anchor=('center', 'center'), autoDraw=False, autoLog=True, closeShape=True, color=method-wrapper(...), colorSpace='rgb', contrast=None, depth=-1.0, draggable=False, fillColor=array([1, 1, 1]), fillColorSpace='rgb', fillRGB=array([1, 1, 1]), interpolate=True, lineColor=array([1., 1., 1.]), lineColorSpace='rgb', lineRGB=array([1, 1, 1]), lineWidth=1.0, name='cross', opacity=1, ori=0.0, pos=array([0., 0.]), size=array([0.1, 0.1]), units='height', vertices=ndarray(...), win=Window(...), windingRule=None)
9.1656 	EXP 	Created image_2 = ImageStim(__class__=<class 'psychopy.visual.image.ImageStim'>, anchor=('center', 'center'), autoLog=True, color=array([1., 1., 1.]), colorSpace='rgb', contrast=1.0, depth=0.0, draggable=False, flipHoriz=False, flipVert=False, image='default.png', interpolate=True, mask=None, maskParams=None, name='image_2', opacity=1, ori=0.0, pos=array([0., 0.]), size=array([0.5, 0.5]), texRes=128.0, units='height', win=Window(...))
9.1686 	EXP 	Created text_3 = TextStim(__class__=<class 'psychopy.visual.text.TextStim'>, alignHoriz=method-wrapper(...), alignText='center', alignVert=method-wrapper(...), anchorHoriz='center', anchorVert='center', antialias=True, autoDraw=False, autoLog=True, bold=False, color=array([1., 1., 1.]), colorSpace='rgb', contrast=1.0, depth=-1.0, draggable=False, flipHoriz=False, flipVert=False, font='Arial', fontFiles=[], height=0.05, italic=False, languageStyle='LTR', name='text_3', opacity=1, ori=0.0, pos=array([0., 0.]), rgb=UNKNOWN, text='Endding block', units='height', win=Window(...), wrapWidth=1)
0.0132 	INFO 	Keyboard events cleared
0.0130 	EXP 	text: autoDraw = True
0.0130 	EXP 	text_2: autoDraw = True
0.9349 	DEBUG 	Read csv file with pandas: blocks/block1.csv
0.9356 	DEBUG 	Clearing unnamed columns from blocks/block1.csv
0.9359 	EXP 	Imported blocks/block1.csv as conditions, 5 conditions, 4 params
0.9361 	EXP 	New trial (rep=0, index=0): <Trial 0 (0 in rep 0) data={'block': 1, 'trial': 1, 'image': 'faces/unknown/unknown_48.jpg', 'type': 'unknown', 'thisN': 0, 'thisTrialN': 0, 'thisRepN': 0}>
0.9367 	DATA 	Keypress: space
0.9400 	EXP 	text: autoDraw = False
0.9400 	EXP 	text_2: autoDraw = False
1.9223 	EXP 	cross: autoDraw = True
2.5608 	DATA 	Keypress: space
2.5656 	INFO 	Keyboard events cleared
2.5652 	EXP 	cross: autoDraw = False
2.5652 	EXP 	cross: autoDraw = False
2.5652 	EXP 	image_2: image = 'faces/unknown/unknown_48.jpg'
2.5652 	EXP 	image_2: autoDraw = True
3.0337 	EXP 	New trial (rep=0, index=1): <Trial 1 (1 in rep 0) data={'block': 1, 'trial': 2, 'image': 'faces/unknown/unknown_174.jpg', 'type': 'unknown', 'thisN': 1, 'thisTrialN': 1, 'thisRepN': 0}>
3.0344 	DATA 	Keypress: space
3.0375 	EXP 	image_2: autoDraw = False
4.0252 	EXP 	cross: autoDraw = True
4.9044 	INFO 	Keyboard events cleared
4.9039 	EXP 	cross: autoDraw = False
4.9039 	EXP 	cross: autoDraw = False
4.9039 	EXP 	image_2: image = 'faces/unknown/unknown_174.jpg'
4.9039 	EXP 	image_2: autoDraw = True
5.2692 	EXP 	New trial (rep=0, index=2): <Trial 2 (2 in rep 0) data={'block': 1, 'trial': 3, 'image': 'faces/unknown/unknown_66.jpg', 'type': 'unknown', 'thisN': 2, 'thisTrialN': 2, 'thisRepN': 0}>
5.2698 	DATA 	Keypress: space
5.2735 	EXP 	image_2: autoDraw = False
6.2617 	EXP 	cross: autoDraw = True
6.9225 	INFO 	Keyboard events cleared
6.9222 	EXP 	cross: autoDraw = False
6.9222 	EXP 	cross: autoDraw = False
6.9222 	EXP 	image_2: image = 'faces/unknown/unknown_66.jpg'
6.9222 	EXP 	image_2: autoDraw = True
7.3846 	EXP 	New trial (rep=0, index=3): <Trial 3 (3 in rep 0) data={'block': 1, 'trial': 4, 'image': 'faces/unknown/unknown_267.jpg', 'type': 'unknown', 'thisN': 3, 'thisTrialN': 3, 'thisRepN': 0}>
7.3851 	DATA 	Keypress: space
7.3885 	EXP 	image_2: autoDraw = False
8.3769 	EXP 	cross: autoDraw = True
9.2193 	INFO 	Keyboard events cleared
9.2190 	EXP 	cross: autoDraw = False
9.2190 	EXP 	cross: autoDraw = False
9.2190 	EXP 	image_2: image = 'faces/unknown/unknown_267.jpg'
9.2190 	EXP 	image_2: autoDraw = True
11.1961 	EXP 	New trial (rep=0, index=4): <Trial 4 (4 in rep 0) data={'block': 1, 'trial': 5, 'image': 'faces/unknown/unknown_210.jpg', 'type': 'unknown', 'thisN': 4, 'thisTrialN': 4, 'thisRepN': 0}>
11.2005 	EXP 	image_2: autoDraw = False
12.1825 	EXP 	cross: autoDraw = True
13.0257 	INFO 	Keyboard events cleared
13.0253 	EXP 	cross: autoDraw = False
13.0253 	EXP 	cross: autoDraw = False
13.0253 	EXP 	image_2: image = 'faces/unknown/unknown_210.jpg'
13.0253 	EXP 	image_2: autoDraw = True
15.0069 	EXP 	image_2: autoDraw = False
15.0069 	EXP 	text_3: autoDraw = True
16.0018 	EXP 	text_3: autoDraw = False
16.0018 	EXP 	text_3: autoDraw = False
16.0032 	EXP 	project: status = STOPPED
16.0319 	INFO 	saved data to 'C:\\Users\\napat\\Documents\\GitHub\\BCI-P300-project\\data/598051_project_2025-05-04_16h58.03.403.csv'
16.0327 	INFO 	saved data to C:\Users\napat\Documents\GitHub\BCI-P300-project\data/598051_project_2025-05-04_16h58.03.403.psydat
16.3992 	DEBUG 	Saving data for project ExperimentHandler
