5.8929 	DEBUG 	Fullscreen settings ignored as running in pilot mode.
5.8935 	INFO 	Loaded monitor calibration from ['2025_03_07 15:28']
6.1376 	EXP 	Created window1 = Window(allowGUI=False, allowStencil=False, autoLog=True, backendConf=UNKNOWN, backgroundFit=<method-wrapper '__getattribute__' of attributeSetter object at 0x0000019011FB7640>, backgroundImage=<method-wrapper '__getattribute__' of attributeSetter object at 0x0000019011FB76A0>, bitsMode=UNKNOWN, blendMode='avg', bpc=(8, 8, 8), color=array([0, 0, 0]), colorSpace='rgb', depthBits=8, fullscr=False, gamma=None, gammaErrorPolicy='raise', infoMsg=UNKNOWN, lms=UNKNOWN, monitor=<psychopy.monitors.calibTools.Monitor object at 0x0000019012044BE0>, multiSample=False, name='window1', numSamples=2, pos=[560.0, 240.0], screen=0, size=array([800, 600]), stencilBits=0, stereo=False, title='PsychoPy', units='height', useFBO=True, useRetina=False, viewOri=0.0, viewPos=None, viewScale=None, waitBlanking=True, winType='pyglet')
6.1376 	EXP 	window1: backgroundImage = ''
6.1376 	EXP 	window1: backgroundFit = 'none'
6.1476 	DEBUG 	TextBox2 loaded 1 chars with 0 blanks and 1 valid
6.1482 	DEBUG 	TextBox2 loaded 1 chars with 0 blanks and 1 valid
6.1488 	DEBUG 	TextBox2 loaded 1 chars with 0 blanks and 1 valid
6.1495 	DEBUG 	TextBox2 loaded 1 chars with 0 blanks and 1 valid
6.1501 	DEBUG 	TextBox2 loaded 1 chars with 0 blanks and 1 valid
6.1505 	DEBUG 	TextBox2 loaded 1 chars with 0 blanks and 1 valid
6.1510 	DEBUG 	TextBox2 loaded 1 chars with 0 blanks and 1 valid
6.1517 	DEBUG 	TextBox2 loaded 1 chars with 0 blanks and 1 valid
6.1520 	DEBUG 	TextBox2 loaded 1 chars with 0 blanks and 1 valid
6.1522 	DEBUG 	TextBox2 loaded 1 chars with 0 blanks and 1 valid
6.1528 	DEBUG 	TextBox2 loaded 1 chars with 0 blanks and 1 valid
6.1533 	DEBUG 	TextBox2 loaded 1 chars with 0 blanks and 1 valid
6.1538 	DEBUG 	TextBox2 loaded 1 chars with 0 blanks and 1 valid
6.1543 	DEBUG 	TextBox2 loaded 1 chars with 0 blanks and 1 valid
6.1547 	DEBUG 	TextBox2 loaded 1 chars with 0 blanks and 1 valid
6.1553 	DEBUG 	TextBox2 loaded 1 chars with 0 blanks and 1 valid
6.1558 	DEBUG 	TextBox2 loaded 1 chars with 0 blanks and 1 valid
6.1561 	DEBUG 	TextBox2 loaded 1 chars with 0 blanks and 1 valid
6.1565 	DEBUG 	TextBox2 loaded 1 chars with 0 blanks and 1 valid
6.1571 	DEBUG 	TextBox2 loaded 1 chars with 0 blanks and 1 valid
6.1575 	DEBUG 	TextBox2 loaded 1 chars with 0 blanks and 1 valid
6.1588 	DEBUG 	Uploading Texture Font fontname to graphics card
6.1777 	DEBUG 	Upload of Texture Font fontname complete
6.1824 	DEBUG 	TextBox2 loaded 1 chars with 0 blanks and 1 valid
6.1831 	DEBUG 	TextBox2 loaded 1 chars with 0 blanks and 1 valid
6.1837 	DEBUG 	TextBox2 loaded 1 chars with 0 blanks and 1 valid
6.1839 	DEBUG 	Uploading Texture Font fontname to graphics card
6.1904 	DEBUG 	Upload of Texture Font fontname complete
6.1926 	EXP 	window1: Attempting to measure frame rate of screen (0) ...
6.1926 	EXP 	window1: recordFrameIntervals = False
6.2664 	EXP 	window1: recordFrameIntervals = True
6.3335 	EXP 	Screen (0) actual frame rate measured at 164.61Hz
6.3335 	EXP 	window1: recordFrameIntervals = False
6.3386 	DEBUG 	TextBox2 loaded 1 chars with 0 blanks and 1 valid
6.3391 	DEBUG 	TextBox2 loaded 1 chars with 0 blanks and 1 valid
6.3397 	DEBUG 	TextBox2 loaded 1 chars with 0 blanks and 1 valid
6.3404 	DEBUG 	TextBox2 loaded 1 chars with 0 blanks and 1 valid
6.3411 	DEBUG 	TextBox2 loaded 1 chars with 0 blanks and 1 valid
6.3419 	DEBUG 	TextBox2 loaded 1 chars with 0 blanks and 1 valid
6.3422 	DEBUG 	TextBox2 loaded 1 chars with 0 blanks and 1 valid
6.3429 	DEBUG 	TextBox2 loaded 1 chars with 0 blanks and 1 valid
6.3436 	DEBUG 	TextBox2 loaded 1 chars with 0 blanks and 1 valid
6.3442 	DEBUG 	TextBox2 loaded 1 chars with 0 blanks and 1 valid
6.3444 	DEBUG 	Uploading Texture Font fontname to graphics card
6.3449 	DEBUG 	Upload of Texture Font fontname complete
6.3567 	WARNING 	launchHubServer: If using the iohub mouse or eyetracker devices, fullScr should be True.
8.3487 	INFO 	keyboard.Keyboard is using iohub backend.
8.3487 	INFO 	keyboard.Keyboard is using iohub backend.
8.3487 	INFO 	keyboard.Keyboard is using iohub backend.
8.3487 	EXP 	project: status = STARTED
8.4259 	EXP 	Created text = TextStim(__class__=<class 'psychopy.visual.text.TextStim'>, alignHoriz=method-wrapper(...), alignText='center', alignVert=method-wrapper(...), anchorHoriz='center', anchorVert='center', antialias=True, autoDraw=False, autoLog=True, bold=False, color=array([1., 1., 1.]), colorSpace='rgb', contrast=1.0, depth=0.0, draggable=False, flipHoriz=False, flipVert=False, font='Arial', fontFiles=[], height=0.05, italic=False, languageStyle='LTR', name='text', opacity=1, ori=0.0, pos=array([0. , 0.1]), rgb=UNKNOWN, text="Please don't move or blink", units='height', win=Window(...), wrapWidth=1)
8.4322 	EXP 	Created text_2 = TextStim(__class__=<class 'psychopy.visual.text.TextStim'>, alignHoriz=method-wrapper(...), alignText='center', alignVert=method-wrapper(...), anchorHoriz='center', anchorVert='center', antialias=True, autoDraw=False, autoLog=True, bold=False, color=array([1., 1., 1.]), colorSpace='rgb', contrast=1.0, depth=-1.0, draggable=False, flipHoriz=False, flipVert=False, font='Arial', fontFiles=[], height=0.05, italic=False, languageStyle='LTR', name='text_2', opacity=1, ori=0.0, pos=array([0., 0.]), rgb=UNKNOWN, text='If you ready, press [space bar]\n', units='height', win=Window(...), wrapWidth=1)
8.4523 	EXP 	Created cross = ShapeStim(__class__=<class 'psychopy.visual.shape.ShapeStim'>, anchor=('center', 'center'), autoDraw=False, autoLog=True, closeShape=True, color=method-wrapper(...), colorSpace='rgb', contrast=None, depth=-1.0, draggable=False, fillColor=array([1, 1, 1]), fillColorSpace='rgb', fillRGB=array([1, 1, 1]), interpolate=True, lineColor=array([1., 1., 1.]), lineColorSpace='rgb', lineRGB=array([1, 1, 1]), lineWidth=1.0, name='cross', opacity=1, ori=0.0, pos=array([0., 0.]), size=array([0.1, 0.1]), units='height', vertices=ndarray(...), win=Window(...), windingRule=None)
8.4572 	EXP 	Created faces_image = ImageStim(__class__=<class 'psychopy.visual.image.ImageStim'>, anchor=('center', 'center'), autoLog=True, color=array([1., 1., 1.]), colorSpace='rgb', contrast=1.0, depth=0.0, draggable=False, flipHoriz=False, flipVert=False, image='default.png', interpolate=True, mask=None, maskParams=None, name='faces_image', opacity=1, ori=0.0, pos=array([0., 0.]), size=array([0.5, 0.5]), texRes=128.0, units='height', win=Window(...))
8.4601 	EXP 	Created text_3 = TextStim(__class__=<class 'psychopy.visual.text.TextStim'>, alignHoriz=method-wrapper(...), alignText='center', alignVert=method-wrapper(...), anchorHoriz='center', anchorVert='center', antialias=True, autoDraw=False, autoLog=True, bold=False, color=array([1., 1., 1.]), colorSpace='rgb', contrast=1.0, depth=-1.0, draggable=False, flipHoriz=False, flipVert=False, font='Arial', fontFiles=[], height=0.05, italic=False, languageStyle='LTR', name='text_3', opacity=1, ori=0.0, pos=array([0., 0.]), rgb=UNKNOWN, text='Endding block', units='height', win=Window(...), wrapWidth=1)
0.0127 	INFO 	Keyboard events cleared
0.0125 	EXP 	text: autoDraw = True
0.0125 	EXP 	text_2: autoDraw = True
1.2773 	DEBUG 	Read csv file with pandas: blocks/block1.csv
1.2786 	DEBUG 	Clearing unnamed columns from blocks/block1.csv
1.2789 	EXP 	Imported blocks/block1.csv as conditions, 5 conditions, 4 params
1.2795 	EXP 	New trial (rep=0, index=0): <Trial 0 (0 in rep 0) data={'block': 1, 'trial': 1, 'image': 'faces/unknown/unknown_48.jpg', 'type': 'unknown', 'thisN': 0, 'thisTrialN': 0, 'thisRepN': 0}>
1.2808 	DATA 	Keypress: space
1.2850 	EXP 	text: autoDraw = False
1.2850 	EXP 	text_2: autoDraw = False
2.2669 	EXP 	cross: autoDraw = True
3.0856 	INFO 	Keyboard events cleared
3.0852 	EXP 	cross: autoDraw = False
3.0852 	EXP 	cross: autoDraw = False
3.0852 	EXP 	faces_image: image = 'faces/unknown/unknown_48.jpg'
3.0852 	EXP 	faces_image: autoDraw = True
5.0437 	EXP 	New trial (rep=0, index=1): <Trial 1 (1 in rep 0) data={'block': 1, 'trial': 2, 'image': 'faces/unknown/unknown_174.jpg', 'type': 'unknown', 'thisN': 1, 'thisTrialN': 1, 'thisRepN': 0}>
5.0485 	EXP 	faces_image: autoDraw = False
6.0305 	EXP 	cross: autoDraw = True
6.9520 	INFO 	Keyboard events cleared
6.9517 	EXP 	cross: autoDraw = False
6.9517 	EXP 	cross: autoDraw = False
6.9517 	EXP 	faces_image: image = 'faces/unknown/unknown_174.jpg'
6.9517 	EXP 	faces_image: autoDraw = True
8.9227 	EXP 	New trial (rep=0, index=2): <Trial 2 (2 in rep 0) data={'block': 1, 'trial': 3, 'image': 'faces/unknown/unknown_66.jpg', 'type': 'unknown', 'thisN': 2, 'thisTrialN': 2, 'thisRepN': 0}>
8.9274 	EXP 	faces_image: autoDraw = False
9.9089 	EXP 	cross: autoDraw = True
10.6795 	INFO 	Keyboard events cleared
10.6792 	EXP 	cross: autoDraw = False
10.6792 	EXP 	cross: autoDraw = False
10.6792 	EXP 	faces_image: image = 'faces/unknown/unknown_66.jpg'
10.6792 	EXP 	faces_image: autoDraw = True
12.6495 	EXP 	New trial (rep=0, index=3): <Trial 3 (3 in rep 0) data={'block': 1, 'trial': 4, 'image': 'faces/unknown/unknown_267.jpg', 'type': 'unknown', 'thisN': 3, 'thisTrialN': 3, 'thisRepN': 0}>
12.6541 	EXP 	faces_image: autoDraw = False
13.6363 	EXP 	cross: autoDraw = True
14.4250 	INFO 	Keyboard events cleared
14.4246 	EXP 	cross: autoDraw = False
14.4246 	EXP 	cross: autoDraw = False
14.4246 	EXP 	faces_image: image = 'faces/unknown/unknown_267.jpg'
14.4246 	EXP 	faces_image: autoDraw = True
16.3953 	EXP 	New trial (rep=0, index=4): <Trial 4 (4 in rep 0) data={'block': 1, 'trial': 5, 'image': 'faces/unknown/unknown_210.jpg', 'type': 'unknown', 'thisN': 4, 'thisTrialN': 4, 'thisRepN': 0}>
16.3996 	EXP 	faces_image: autoDraw = False
17.3817 	EXP 	cross: autoDraw = True
18.2243 	INFO 	Keyboard events cleared
18.2241 	EXP 	cross: autoDraw = False
18.2241 	EXP 	cross: autoDraw = False
18.2241 	EXP 	faces_image: image = 'faces/unknown/unknown_210.jpg'
18.2241 	EXP 	faces_image: autoDraw = True
20.1995 	EXP 	faces_image: autoDraw = False
20.1995 	EXP 	text_3: autoDraw = True
21.1934 	EXP 	text_3: autoDraw = False
21.1934 	EXP 	text_3: autoDraw = False
21.1945 	EXP 	project: status = STOPPED
21.2245 	INFO 	saved data to 'C:\\Users\\napat\\Documents\\GitHub\\BCI-P300-project\\data/705852_project_2025-05-04_17h41.55.918.csv'
21.2262 	INFO 	saved data to C:\Users\napat\Documents\GitHub\BCI-P300-project\data/705852_project_2025-05-04_17h41.55.918.psydat
21.8565 	DEBUG 	Saving data for project ExperimentHandler
