6.5442 	DEBUG 	Fullscreen settings ignored as running in pilot mode.
6.5449 	INFO 	Loaded monitor calibration from ['2025_03_07 15:28']
6.7332 	EXP 	Created window1 = Window(allowGUI=False, allowStencil=False, autoLog=True, backendConf=UNKNOWN, backgroundFit=<method-wrapper '__getattribute__' of attributeSetter object at 0x0000020514A7A890>, backgroundImage=<method-wrapper '__getattribute__' of attributeSetter object at 0x0000020514A7A8F0>, bitsMode=UNKNOWN, blendMode='avg', bpc=(8, 8, 8), color=array([0, 0, 0]), colorSpace='rgb', depthBits=8, fullscr=False, gamma=None, gammaErrorPolicy='raise', infoMsg=UNKNOWN, lms=UNKNOWN, monitor=<psychopy.monitors.calibTools.Monitor object at 0x0000020514B2DF30>, multiSample=False, name='window1', numSamples=2, pos=[560.0, 240.0], screen=0, size=array([800, 600]), stencilBits=0, stereo=False, title='PsychoPy', units='height', useFBO=True, useRetina=False, viewOri=0.0, viewPos=None, viewScale=None, waitBlanking=True, winType='pyglet')
6.7333 	EXP 	window1: backgroundImage = ''
6.7333 	EXP 	window1: backgroundFit = 'none'
6.7396 	DEBUG 	TextBox2 loaded 1 chars with 0 blanks and 1 valid
6.7403 	DEBUG 	TextBox2 loaded 1 chars with 0 blanks and 1 valid
6.7409 	DEBUG 	TextBox2 loaded 1 chars with 0 blanks and 1 valid
6.7416 	DEBUG 	TextBox2 loaded 1 chars with 0 blanks and 1 valid
6.7423 	DEBUG 	TextBox2 loaded 1 chars with 0 blanks and 1 valid
6.7426 	DEBUG 	TextBox2 loaded 1 chars with 0 blanks and 1 valid
6.7432 	DEBUG 	TextBox2 loaded 1 chars with 0 blanks and 1 valid
6.7439 	DEBUG 	TextBox2 loaded 1 chars with 0 blanks and 1 valid
6.7441 	DEBUG 	TextBox2 loaded 1 chars with 0 blanks and 1 valid
6.7444 	DEBUG 	TextBox2 loaded 1 chars with 0 blanks and 1 valid
6.7449 	DEBUG 	TextBox2 loaded 1 chars with 0 blanks and 1 valid
6.7455 	DEBUG 	TextBox2 loaded 1 chars with 0 blanks and 1 valid
6.7460 	DEBUG 	TextBox2 loaded 1 chars with 0 blanks and 1 valid
6.7466 	DEBUG 	TextBox2 loaded 1 chars with 0 blanks and 1 valid
6.7470 	DEBUG 	TextBox2 loaded 1 chars with 0 blanks and 1 valid
6.7475 	DEBUG 	TextBox2 loaded 1 chars with 0 blanks and 1 valid
6.7481 	DEBUG 	TextBox2 loaded 1 chars with 0 blanks and 1 valid
6.7484 	DEBUG 	TextBox2 loaded 1 chars with 0 blanks and 1 valid
6.7487 	DEBUG 	TextBox2 loaded 1 chars with 0 blanks and 1 valid
6.7494 	DEBUG 	TextBox2 loaded 1 chars with 0 blanks and 1 valid
6.7497 	DEBUG 	TextBox2 loaded 1 chars with 0 blanks and 1 valid
6.7500 	DEBUG 	Uploading Texture Font fontname to graphics card
6.7568 	DEBUG 	Upload of Texture Font fontname complete
6.7613 	DEBUG 	TextBox2 loaded 1 chars with 0 blanks and 1 valid
6.7620 	DEBUG 	TextBox2 loaded 1 chars with 0 blanks and 1 valid
6.7626 	DEBUG 	TextBox2 loaded 1 chars with 0 blanks and 1 valid
6.7628 	DEBUG 	Uploading Texture Font fontname to graphics card
6.7675 	DEBUG 	Upload of Texture Font fontname complete
6.7695 	EXP 	window1: Attempting to measure frame rate of screen (0) ...
6.7695 	EXP 	window1: recordFrameIntervals = False
6.8445 	EXP 	window1: recordFrameIntervals = True
6.9114 	EXP 	Screen (0) actual frame rate measured at 166.17Hz
6.9115 	EXP 	window1: recordFrameIntervals = False
6.9161 	DEBUG 	TextBox2 loaded 1 chars with 0 blanks and 1 valid
6.9165 	DEBUG 	TextBox2 loaded 1 chars with 0 blanks and 1 valid
6.9172 	DEBUG 	TextBox2 loaded 1 chars with 0 blanks and 1 valid
6.9180 	DEBUG 	TextBox2 loaded 1 chars with 0 blanks and 1 valid
6.9187 	DEBUG 	TextBox2 loaded 1 chars with 0 blanks and 1 valid
6.9194 	DEBUG 	TextBox2 loaded 1 chars with 0 blanks and 1 valid
6.9198 	DEBUG 	TextBox2 loaded 1 chars with 0 blanks and 1 valid
6.9204 	DEBUG 	TextBox2 loaded 1 chars with 0 blanks and 1 valid
6.9212 	DEBUG 	TextBox2 loaded 1 chars with 0 blanks and 1 valid
6.9218 	DEBUG 	TextBox2 loaded 1 chars with 0 blanks and 1 valid
6.9221 	DEBUG 	Uploading Texture Font fontname to graphics card
6.9226 	DEBUG 	Upload of Texture Font fontname complete
6.9312 	WARNING 	launchHubServer: If using the iohub mouse or eyetracker devices, fullScr should be True.
8.9004 	INFO 	keyboard.Keyboard is using iohub backend.
8.9004 	INFO 	keyboard.Keyboard is using iohub backend.
8.9005 	INFO 	keyboard.Keyboard is using iohub backend.
8.9005 	EXP 	project: status = STARTED
8.9586 	EXP 	Created text = TextStim(__class__=<class 'psychopy.visual.text.TextStim'>, alignHoriz=method-wrapper(...), alignText='center', alignVert=method-wrapper(...), anchorHoriz='center', anchorVert='center', antialias=True, autoDraw=False, autoLog=True, bold=False, color=array([1., 1., 1.]), colorSpace='rgb', contrast=1.0, depth=0.0, draggable=False, flipHoriz=False, flipVert=False, font='Arial', fontFiles=[], height=0.05, italic=False, languageStyle='LTR', name='text', opacity=1, ori=0.0, pos=array([0. , 0.1]), rgb=UNKNOWN, text="Please don't move or blink", units='height', win=Window(...), wrapWidth=1)
8.9633 	EXP 	Created text_2 = TextStim(__class__=<class 'psychopy.visual.text.TextStim'>, alignHoriz=method-wrapper(...), alignText='center', alignVert=method-wrapper(...), anchorHoriz='center', anchorVert='center', antialias=True, autoDraw=False, autoLog=True, bold=False, color=array([1., 1., 1.]), colorSpace='rgb', contrast=1.0, depth=-1.0, draggable=False, flipHoriz=False, flipVert=False, font='Arial', fontFiles=[], height=0.05, italic=False, languageStyle='LTR', name='text_2', opacity=1, ori=0.0, pos=array([0., 0.]), rgb=UNKNOWN, text='If you ready, press [space bar]\n', units='height', win=Window(...), wrapWidth=1)
8.9649 	EXP 	Created cross = ShapeStim(__class__=<class 'psychopy.visual.shape.ShapeStim'>, anchor=('center', 'center'), autoDraw=False, autoLog=True, closeShape=True, color=method-wrapper(...), colorSpace='rgb', contrast=None, depth=-1.0, draggable=False, fillColor=array([1, 1, 1]), fillColorSpace='rgb', fillRGB=array([1, 1, 1]), interpolate=True, lineColor=array([1., 1., 1.]), lineColorSpace='rgb', lineRGB=array([1, 1, 1]), lineWidth=1.0, name='cross', opacity=1, ori=0.0, pos=array([0., 0.]), size=array([0.1, 0.1]), units='height', vertices=ndarray(...), win=Window(...), windingRule=None)
8.9679 	EXP 	Created faces = ImageStim(__class__=<class 'psychopy.visual.image.ImageStim'>, anchor=('center', 'center'), autoLog=True, color=array([1., 1., 1.]), colorSpace='rgb', contrast=1.0, depth=-2.0, draggable=False, flipHoriz=False, flipVert=False, image='default.png', interpolate=True, mask=None, maskParams=None, name='faces', opacity=1, ori=0.0, pos=array([0., 0.]), size=array([0.5, 0.5]), texRes=128.0, units='height', win=Window(...))
8.9708 	EXP 	Created text_3 = TextStim(__class__=<class 'psychopy.visual.text.TextStim'>, alignHoriz=method-wrapper(...), alignText='center', alignVert=method-wrapper(...), anchorHoriz='center', anchorVert='center', antialias=True, autoDraw=False, autoLog=True, bold=False, color=array([1., 1., 1.]), colorSpace='rgb', contrast=1.0, depth=-1.0, draggable=False, flipHoriz=False, flipVert=False, font='Arial', fontFiles=[], height=0.05, italic=False, languageStyle='LTR', name='text_3', opacity=1, ori=0.0, pos=array([0., 0.]), rgb=UNKNOWN, text='Endding block', units='height', win=Window(...), wrapWidth=1)
0.0129 	INFO 	Keyboard events cleared
0.0126 	EXP 	text: autoDraw = True
0.0126 	EXP 	text_2: autoDraw = True
3.3656 	DATA 	Mouse: Left button down, pos=(729,176)
3.4695 	DATA 	Mouse:  Left button up, pos=(729,176)
3.6957 	DEBUG 	Read csv file with pandas: blocks/block1.csv
3.6978 	DEBUG 	Clearing unnamed columns from blocks/block1.csv
3.6981 	EXP 	Imported blocks/block1.csv as conditions, 5 conditions, 4 params
3.6983 	EXP 	New trial (rep=0, index=0): <Trial 0 (0 in rep 0) data={'block': 1, 'trial': 1, 'image': 'faces/unknown/unknown_48.jpg', 'type': 'unknown', 'thisN': 0, 'thisTrialN': 0, 'thisRepN': 0}>
3.7285 	DATA 	Keypress: space
3.7337 	EXP 	text: autoDraw = False
3.7337 	EXP 	text_2: autoDraw = False
3.7337 	EXP 	faces: image = 'faces/unknown/unknown_48.jpg'
4.6854 	EXP 	cross: autoDraw = True
5.3419 	DATA 	Keypress: space
5.6126 	EXP 	cross: autoDraw = False
5.6917 	INFO 	Keyboard events cleared
5.6914 	EXP 	faces: autoDraw = True
6.0762 	DATA 	Keypress: space
7.6810 	EXP 	New trial (rep=0, index=1): <Trial 1 (1 in rep 0) data={'block': 1, 'trial': 2, 'image': 'faces/unknown/unknown_174.jpg', 'type': 'unknown', 'thisN': 1, 'thisTrialN': 1, 'thisRepN': 0}>
7.7096 	EXP 	faces: autoDraw = False
7.7096 	EXP 	cross: autoDraw = False
7.7096 	EXP 	faces: autoDraw = False
7.7096 	EXP 	faces: image = 'faces/unknown/unknown_174.jpg'
8.6734 	EXP 	cross: autoDraw = True
9.4248 	EXP 	cross: autoDraw = False
9.6737 	INFO 	Keyboard events cleared
9.6733 	EXP 	faces: autoDraw = True
11.3728 	DATA 	Keypress: space
11.6628 	EXP 	New trial (rep=0, index=2): <Trial 2 (2 in rep 0) data={'block': 1, 'trial': 3, 'image': 'faces/unknown/unknown_66.jpg', 'type': 'unknown', 'thisN': 2, 'thisTrialN': 2, 'thisRepN': 0}>
11.6974 	EXP 	faces: autoDraw = False
11.6974 	EXP 	cross: autoDraw = False
11.6974 	EXP 	faces: autoDraw = False
11.6974 	EXP 	faces: image = 'faces/unknown/unknown_66.jpg'
12.6546 	EXP 	cross: autoDraw = True
13.2972 	EXP 	cross: autoDraw = False
13.6558 	INFO 	Keyboard events cleared
13.6554 	EXP 	faces: autoDraw = True
15.5971 	DATA 	Keypress: space
15.6443 	EXP 	New trial (rep=0, index=3): <Trial 3 (3 in rep 0) data={'block': 1, 'trial': 4, 'image': 'faces/unknown/unknown_267.jpg', 'type': 'unknown', 'thisN': 3, 'thisTrialN': 3, 'thisRepN': 0}>
15.6730 	EXP 	faces: autoDraw = False
15.6730 	EXP 	cross: autoDraw = False
15.6730 	EXP 	faces: autoDraw = False
15.6730 	EXP 	faces: image = 'faces/unknown/unknown_267.jpg'
16.6365 	EXP 	cross: autoDraw = True
17.5032 	EXP 	cross: autoDraw = False
17.6371 	INFO 	Keyboard events cleared
17.6368 	EXP 	faces: autoDraw = True
18.0868 	DATA 	Keypress: space
19.6264 	EXP 	New trial (rep=0, index=4): <Trial 4 (4 in rep 0) data={'block': 1, 'trial': 5, 'image': 'faces/unknown/unknown_210.jpg', 'type': 'unknown', 'thisN': 4, 'thisTrialN': 4, 'thisRepN': 0}>
19.6551 	EXP 	faces: autoDraw = False
19.6551 	EXP 	cross: autoDraw = False
19.6551 	EXP 	faces: autoDraw = False
19.6551 	EXP 	faces: image = 'faces/unknown/unknown_210.jpg'
20.6186 	EXP 	cross: autoDraw = True
21.5451 	EXP 	cross: autoDraw = False
21.6187 	INFO 	Keyboard events cleared
21.6184 	EXP 	faces: autoDraw = True
22.3713 	DATA 	Keypress: space
23.6120 	EXP 	faces: autoDraw = False
23.6120 	EXP 	cross: autoDraw = False
23.6120 	EXP 	faces: autoDraw = False
23.6120 	EXP 	text_3: autoDraw = True
24.6062 	EXP 	text_3: autoDraw = False
24.6062 	EXP 	text_3: autoDraw = False
24.6075 	EXP 	project: status = STOPPED
24.6098 	INFO 	saved data to 'C:\\Users\\napat\\Documents\\GitHub\\BCI-P300-project\\data/7777_project_2025-05-04_16h18.50.001.csv'
24.6106 	INFO 	saved data to C:\Users\napat\Documents\GitHub\BCI-P300-project\data/7777_project_2025-05-04_16h18.50.001.psydat
24.9123 	DEBUG 	Saving data for project ExperimentHandler
