9.5097 	DEBUG 	Fullscreen settings ignored as running in pilot mode.
9.5106 	INFO 	Loaded monitor calibration from ['2025_03_07 15:28']
10.6094 	EXP 	Created window1 = Window(allowGUI=False, allowStencil=False, autoLog=True, backendConf=UNKNOWN, backgroundFit=<method-wrapper '__getattribute__' of attributeSetter object at 0x0000020649C77100>, backgroundImage=<method-wrapper '__getattribute__' of attributeSetter object at 0x0000020649C77160>, bitsMode=UNKNOWN, blendMode='avg', bpc=(8, 8, 8), color=array([0, 0, 0]), colorSpace='rgb', depthBits=8, fullscr=False, gamma=None, gammaErrorPolicy='raise', infoMsg=UNKNOWN, lms=UNKNOWN, monitor=<psychopy.monitors.calibTools.Monitor object at 0x0000020649D25E10>, multiSample=False, name='window1', numSamples=2, pos=[560.0, 240.0], screen=0, size=array([800, 600]), stencilBits=0, stereo=False, title='PsychoPy', units='height', useFBO=True, useRetina=False, viewOri=0.0, viewPos=None, viewScale=None, waitBlanking=True, winType='pyglet')
10.6094 	EXP 	window1: backgroundImage = ''
10.6095 	EXP 	window1: backgroundFit = 'none'
10.6292 	DEBUG 	TextBox2 loaded 1 chars with 0 blanks and 1 valid
10.6298 	DEBUG 	TextBox2 loaded 1 chars with 0 blanks and 1 valid
10.6304 	DEBUG 	TextBox2 loaded 1 chars with 0 blanks and 1 valid
10.6310 	DEBUG 	TextBox2 loaded 1 chars with 0 blanks and 1 valid
10.6317 	DEBUG 	TextBox2 loaded 1 chars with 0 blanks and 1 valid
10.6320 	DEBUG 	TextBox2 loaded 1 chars with 0 blanks and 1 valid
10.6325 	DEBUG 	TextBox2 loaded 1 chars with 0 blanks and 1 valid
10.6332 	DEBUG 	TextBox2 loaded 1 chars with 0 blanks and 1 valid
10.6334 	DEBUG 	TextBox2 loaded 1 chars with 0 blanks and 1 valid
10.6337 	DEBUG 	TextBox2 loaded 1 chars with 0 blanks and 1 valid
10.6342 	DEBUG 	TextBox2 loaded 1 chars with 0 blanks and 1 valid
10.6347 	DEBUG 	TextBox2 loaded 1 chars with 0 blanks and 1 valid
10.6352 	DEBUG 	TextBox2 loaded 1 chars with 0 blanks and 1 valid
10.6357 	DEBUG 	TextBox2 loaded 1 chars with 0 blanks and 1 valid
10.6361 	DEBUG 	TextBox2 loaded 1 chars with 0 blanks and 1 valid
10.6367 	DEBUG 	TextBox2 loaded 1 chars with 0 blanks and 1 valid
10.6372 	DEBUG 	TextBox2 loaded 1 chars with 0 blanks and 1 valid
10.6375 	DEBUG 	TextBox2 loaded 1 chars with 0 blanks and 1 valid
10.6379 	DEBUG 	TextBox2 loaded 1 chars with 0 blanks and 1 valid
10.6385 	DEBUG 	TextBox2 loaded 1 chars with 0 blanks and 1 valid
10.6391 	DEBUG 	TextBox2 loaded 1 chars with 0 blanks and 1 valid
10.6410 	DEBUG 	Uploading Texture Font fontname to graphics card
10.6632 	DEBUG 	Upload of Texture Font fontname complete
10.6686 	DEBUG 	TextBox2 loaded 1 chars with 0 blanks and 1 valid
10.6693 	DEBUG 	TextBox2 loaded 1 chars with 0 blanks and 1 valid
10.6700 	DEBUG 	TextBox2 loaded 1 chars with 0 blanks and 1 valid
10.6702 	DEBUG 	Uploading Texture Font fontname to graphics card
10.6786 	DEBUG 	Upload of Texture Font fontname complete
10.6799 	EXP 	window1: Attempting to measure frame rate of screen (0) ...
10.6799 	EXP 	window1: recordFrameIntervals = False
10.7596 	EXP 	window1: recordFrameIntervals = True
10.8266 	EXP 	Screen (0) actual frame rate measured at 164.63Hz
10.8266 	EXP 	window1: recordFrameIntervals = False
10.8307 	DEBUG 	TextBox2 loaded 1 chars with 0 blanks and 1 valid
10.8314 	DEBUG 	TextBox2 loaded 1 chars with 0 blanks and 1 valid
10.8323 	DEBUG 	TextBox2 loaded 1 chars with 0 blanks and 1 valid
10.8331 	DEBUG 	TextBox2 loaded 1 chars with 0 blanks and 1 valid
10.8344 	DEBUG 	TextBox2 loaded 1 chars with 0 blanks and 1 valid
10.8351 	DEBUG 	TextBox2 loaded 1 chars with 0 blanks and 1 valid
10.8355 	DEBUG 	TextBox2 loaded 1 chars with 0 blanks and 1 valid
10.8361 	DEBUG 	TextBox2 loaded 1 chars with 0 blanks and 1 valid
10.8368 	DEBUG 	TextBox2 loaded 1 chars with 0 blanks and 1 valid
10.8376 	DEBUG 	TextBox2 loaded 1 chars with 0 blanks and 1 valid
10.8379 	DEBUG 	Uploading Texture Font fontname to graphics card
10.8384 	DEBUG 	Upload of Texture Font fontname complete
10.8873 	WARNING 	launchHubServer: If using the iohub mouse or eyetracker devices, fullScr should be True.
14.0832 	INFO 	keyboard.Keyboard is using iohub backend.
14.0833 	INFO 	keyboard.Keyboard is using iohub backend.
14.0833 	INFO 	keyboard.Keyboard is using iohub backend.
14.0833 	EXP 	project: status = STARTED
14.5988 	EXP 	Created text = TextStim(__class__=<class 'psychopy.visual.text.TextStim'>, alignHoriz=method-wrapper(...), alignText='center', alignVert=method-wrapper(...), anchorHoriz='center', anchorVert='center', antialias=True, autoDraw=False, autoLog=True, bold=False, color=array([1., 1., 1.]), colorSpace='rgb', contrast=1.0, depth=0.0, draggable=False, flipHoriz=False, flipVert=False, font='Arial', fontFiles=[], height=0.05, italic=False, languageStyle='LTR', name='text', opacity=1, ori=0.0, pos=array([0. , 0.1]), rgb=UNKNOWN, text="Please don't move or blink", units='height', win=Window(...), wrapWidth=1)
14.6069 	EXP 	Created text_2 = TextStim(__class__=<class 'psychopy.visual.text.TextStim'>, alignHoriz=method-wrapper(...), alignText='center', alignVert=method-wrapper(...), anchorHoriz='center', anchorVert='center', antialias=True, autoDraw=False, autoLog=True, bold=False, color=array([1., 1., 1.]), colorSpace='rgb', contrast=1.0, depth=-1.0, draggable=False, flipHoriz=False, flipVert=False, font='Arial', fontFiles=[], height=0.05, italic=False, languageStyle='LTR', name='text_2', opacity=1, ori=0.0, pos=array([0., 0.]), rgb=UNKNOWN, text='If you ready, press [space bar]\n', units='height', win=Window(...), wrapWidth=1)
14.6170 	EXP 	Created cross = ShapeStim(__class__=<class 'psychopy.visual.shape.ShapeStim'>, anchor=('center', 'center'), autoDraw=False, autoLog=True, closeShape=True, color=method-wrapper(...), colorSpace='rgb', contrast=None, depth=0.0, draggable=False, fillColor=array([1, 1, 1]), fillColorSpace='rgb', fillRGB=array([1, 1, 1]), interpolate=True, lineColor=array([1., 1., 1.]), lineColorSpace='rgb', lineRGB=array([1, 1, 1]), lineWidth=1.0, name='cross', opacity=1, ori=0.0, pos=array([0., 0.]), size=array([0.1, 0.1]), units='height', vertices=ndarray(...), win=Window(...), windingRule=None)
14.6238 	EXP 	Created faces = ImageStim(__class__=<class 'psychopy.visual.image.ImageStim'>, anchor=('center', 'center'), autoLog=True, color=array([1., 1., 1.]), colorSpace='rgb', contrast=1.0, depth=-1.0, draggable=False, flipHoriz=False, flipVert=False, image='default.png', interpolate=True, mask=None, maskParams=None, name='faces', opacity=1, ori=0.0, pos=array([0., 0.]), size=array([0.5, 0.5]), texRes=128.0, units='height', win=Window(...))
14.6269 	EXP 	Created text_3 = TextStim(__class__=<class 'psychopy.visual.text.TextStim'>, alignHoriz=method-wrapper(...), alignText='center', alignVert=method-wrapper(...), anchorHoriz='center', anchorVert='center', antialias=True, autoDraw=False, autoLog=True, bold=False, color=array([1., 1., 1.]), colorSpace='rgb', contrast=1.0, depth=-1.0, draggable=False, flipHoriz=False, flipVert=False, font='Arial', fontFiles=[], height=0.05, italic=False, languageStyle='LTR', name='text_3', opacity=1, ori=0.0, pos=array([0., 0.]), rgb=UNKNOWN, text='Endding block', units='height', win=Window(...), wrapWidth=1)
0.0124 	INFO 	Keyboard events cleared
0.0121 	EXP 	text: autoDraw = True
0.0121 	EXP 	text_2: autoDraw = True
2.3562 	DATA 	Keypress: space
4.6745 	DATA 	Mouse: Left button down, pos=(518,427)
4.9241 	DATA 	Mouse:  Left button up, pos=(518,427)
5.0806 	DATA 	Keypress: space
5.1058 	DEBUG 	Read csv file with pandas: blocks/block1.csv
5.1098 	DEBUG 	Clearing unnamed columns from blocks/block1.csv
5.1109 	EXP 	Imported blocks/block1.csv as conditions, 48 conditions, 4 params
5.1115 	EXP 	New trial (rep=0, index=0): <Trial 0 (0 in rep 0) data={'block': 1, 'trial': 1, 'image': 'faces/unknown/unknown_48.jpg', 'type': 'unknown', 'thisN': 0, 'thisTrialN': 0, 'thisRepN': 0}>
5.1427 	DATA 	KeyPress: v
5.1504 	EXP 	text: autoDraw = False
5.1504 	EXP 	text_2: autoDraw = False
5.1504 	EXP 	faces: image = 'faces/unknown/unknown_48.jpg'
6.0783 	EXP 	cross: autoDraw = True
7.0725 	EXP 	cross: autoDraw = False
7.0909 	INFO 	Keyboard events cleared
7.0906 	EXP 	faces: autoDraw = True
9.0804 	EXP 	New trial (rep=0, index=1): <Trial 1 (1 in rep 0) data={'block': 1, 'trial': 2, 'image': 'faces/unknown/unknown_174.jpg', 'type': 'unknown', 'thisN': 1, 'thisTrialN': 1, 'thisRepN': 0}>
9.1140 	EXP 	faces: autoDraw = False
9.1140 	EXP 	cross: autoDraw = False
9.1140 	EXP 	faces: autoDraw = False
9.1140 	EXP 	faces: image = 'faces/unknown/unknown_174.jpg'
10.0723 	EXP 	cross: autoDraw = True
11.0657 	EXP 	cross: autoDraw = False
11.0734 	INFO 	Keyboard events cleared
11.0730 	EXP 	faces: autoDraw = True
13.0617 	EXP 	New trial (rep=0, index=2): <Trial 2 (2 in rep 0) data={'block': 1, 'trial': 3, 'image': 'faces/unknown/unknown_66.jpg', 'type': 'unknown', 'thisN': 2, 'thisTrialN': 2, 'thisRepN': 0}>
13.0963 	EXP 	faces: autoDraw = False
13.0963 	EXP 	cross: autoDraw = False
13.0963 	EXP 	faces: autoDraw = False
13.0963 	EXP 	faces: image = 'faces/unknown/unknown_66.jpg'
14.0541 	EXP 	cross: autoDraw = True
15.0485 	EXP 	cross: autoDraw = False
15.0540 	INFO 	Keyboard events cleared
15.0538 	EXP 	faces: autoDraw = True
17.0433 	EXP 	New trial (rep=0, index=3): <Trial 3 (3 in rep 0) data={'block': 1, 'trial': 4, 'image': 'faces/unknown/unknown_267.jpg', 'type': 'unknown', 'thisN': 3, 'thisTrialN': 3, 'thisRepN': 0}>
17.0776 	EXP 	faces: autoDraw = False
17.0776 	EXP 	cross: autoDraw = False
17.0776 	EXP 	faces: autoDraw = False
17.0776 	EXP 	faces: image = 'faces/unknown/unknown_267.jpg'
18.0355 	EXP 	cross: autoDraw = True
19.0296 	EXP 	cross: autoDraw = False
19.0400 	INFO 	Keyboard events cleared
19.0394 	EXP 	faces: autoDraw = True
20.8316 	DATA 	Keypress: escape
20.9412 	EXP 	project: status = STOPPED
20.9445 	EXP 	faces: autoDraw = False
20.9457 	EXP 	project: status = STOPPED
20.9480 	INFO 	saved data to 'C:\\Users\\napat\\Documents\\GitHub\\BCI-P300-project\\data/820426_project_2025-05-02_15h11.33.742.csv'
20.9492 	INFO 	saved data to C:\Users\napat\Documents\GitHub\BCI-P300-project\data/820426_project_2025-05-02_15h11.33.742.psydat
21.4846 	DEBUG 	Saving data for project ExperimentHandler
