4.6657 	DEBUG 	Fullscreen settings ignored as running in pilot mode.
4.6667 	INFO 	Loaded monitor calibration from ['2025_03_07 15:28']
4.8725 	EXP 	Created window1 = Window(allowGUI=False, allowStencil=False, autoLog=True, backendConf=UNKNOWN, backgroundFit=<method-wrapper '__getattribute__' of attributeSetter object at 0x000001D2673A5C90>, backgroundImage=<method-wrapper '__getattribute__' of attributeSetter object at 0x000001D2673A5C30>, bitsMode=UNKNOWN, blendMode='avg', bpc=(8, 8, 8), color=array([0, 0, 0]), colorSpace='rgb', depthBits=8, fullscr=False, gamma=None, gammaErrorPolicy='raise', infoMsg=UNKNOWN, lms=UNKNOWN, monitor=<psychopy.monitors.calibTools.Monitor object at 0x000001D267464D00>, multiSample=False, name='window1', numSamples=2, pos=[560.0, 240.0], screen=0, size=array([800, 600]), stencilBits=0, stereo=False, title='PsychoPy', units='height', useFBO=True, useRetina=False, viewOri=0.0, viewPos=None, viewScale=None, waitBlanking=True, winType='pyglet')
4.8725 	EXP 	window1: backgroundImage = ''
4.8725 	EXP 	window1: backgroundFit = 'none'
4.8789 	DEBUG 	TextBox2 loaded 1 chars with 0 blanks and 1 valid
4.8796 	DEBUG 	TextBox2 loaded 1 chars with 0 blanks and 1 valid
4.8802 	DEBUG 	TextBox2 loaded 1 chars with 0 blanks and 1 valid
4.8808 	DEBUG 	TextBox2 loaded 1 chars with 0 blanks and 1 valid
4.8817 	DEBUG 	TextBox2 loaded 1 chars with 0 blanks and 1 valid
4.8821 	DEBUG 	TextBox2 loaded 1 chars with 0 blanks and 1 valid
4.8827 	DEBUG 	TextBox2 loaded 1 chars with 0 blanks and 1 valid
4.8835 	DEBUG 	TextBox2 loaded 1 chars with 0 blanks and 1 valid
4.8838 	DEBUG 	TextBox2 loaded 1 chars with 0 blanks and 1 valid
4.8841 	DEBUG 	TextBox2 loaded 1 chars with 0 blanks and 1 valid
4.8847 	DEBUG 	TextBox2 loaded 1 chars with 0 blanks and 1 valid
4.8853 	DEBUG 	TextBox2 loaded 1 chars with 0 blanks and 1 valid
4.8858 	DEBUG 	TextBox2 loaded 1 chars with 0 blanks and 1 valid
4.8863 	DEBUG 	TextBox2 loaded 1 chars with 0 blanks and 1 valid
4.8868 	DEBUG 	TextBox2 loaded 1 chars with 0 blanks and 1 valid
4.8874 	DEBUG 	TextBox2 loaded 1 chars with 0 blanks and 1 valid
4.8880 	DEBUG 	TextBox2 loaded 1 chars with 0 blanks and 1 valid
4.8883 	DEBUG 	TextBox2 loaded 1 chars with 0 blanks and 1 valid
4.8887 	DEBUG 	TextBox2 loaded 1 chars with 0 blanks and 1 valid
4.8896 	DEBUG 	TextBox2 loaded 1 chars with 0 blanks and 1 valid
4.8901 	DEBUG 	TextBox2 loaded 1 chars with 0 blanks and 1 valid
4.8904 	DEBUG 	Uploading Texture Font fontname to graphics card
4.8950 	DEBUG 	Upload of Texture Font fontname complete
4.9012 	DEBUG 	TextBox2 loaded 1 chars with 0 blanks and 1 valid
4.9023 	DEBUG 	TextBox2 loaded 1 chars with 0 blanks and 1 valid
4.9031 	DEBUG 	TextBox2 loaded 1 chars with 0 blanks and 1 valid
4.9034 	DEBUG 	Uploading Texture Font fontname to graphics card
4.9072 	DEBUG 	Upload of Texture Font fontname complete
4.9088 	EXP 	window1: Attempting to measure frame rate of screen (0) ...
4.9088 	EXP 	window1: recordFrameIntervals = False
4.9879 	EXP 	window1: recordFrameIntervals = True
5.0780 	EXP 	Screen (0) actual frame rate measured at 163.30Hz
5.0781 	EXP 	window1: recordFrameIntervals = False
5.0822 	DEBUG 	TextBox2 loaded 1 chars with 0 blanks and 1 valid
5.0826 	DEBUG 	TextBox2 loaded 1 chars with 0 blanks and 1 valid
5.0833 	DEBUG 	TextBox2 loaded 1 chars with 0 blanks and 1 valid
5.0841 	DEBUG 	TextBox2 loaded 1 chars with 0 blanks and 1 valid
5.0848 	DEBUG 	TextBox2 loaded 1 chars with 0 blanks and 1 valid
5.0855 	DEBUG 	TextBox2 loaded 1 chars with 0 blanks and 1 valid
5.0860 	DEBUG 	TextBox2 loaded 1 chars with 0 blanks and 1 valid
5.0866 	DEBUG 	TextBox2 loaded 1 chars with 0 blanks and 1 valid
5.0874 	DEBUG 	TextBox2 loaded 1 chars with 0 blanks and 1 valid
5.0881 	DEBUG 	TextBox2 loaded 1 chars with 0 blanks and 1 valid
5.0884 	DEBUG 	Uploading Texture Font fontname to graphics card
5.0889 	DEBUG 	Upload of Texture Font fontname complete
5.0983 	WARNING 	launchHubServer: If using the iohub mouse or eyetracker devices, fullScr should be True.
7.1758 	INFO 	keyboard.Keyboard is using iohub backend.
7.1759 	INFO 	keyboard.Keyboard is using iohub backend.
7.1759 	INFO 	keyboard.Keyboard is using iohub backend.
7.1759 	EXP 	project: status = STARTED
7.2357 	EXP 	Created text = TextStim(__class__=<class 'psychopy.visual.text.TextStim'>, alignHoriz=method-wrapper(...), alignText='center', alignVert=method-wrapper(...), anchorHoriz='center', anchorVert='center', antialias=True, autoDraw=False, autoLog=True, bold=False, color=array([1., 1., 1.]), colorSpace='rgb', contrast=1.0, depth=0.0, draggable=False, flipHoriz=False, flipVert=False, font='Arial', fontFiles=[], height=0.05, italic=False, languageStyle='LTR', name='text', opacity=1, ori=0.0, pos=array([0. , 0.1]), rgb=UNKNOWN, text="Please don't move or blink", units='height', win=Window(...), wrapWidth=1)
7.2412 	EXP 	Created text_2 = TextStim(__class__=<class 'psychopy.visual.text.TextStim'>, alignHoriz=method-wrapper(...), alignText='center', alignVert=method-wrapper(...), anchorHoriz='center', anchorVert='center', antialias=True, autoDraw=False, autoLog=True, bold=False, color=array([1., 1., 1.]), colorSpace='rgb', contrast=1.0, depth=-1.0, draggable=False, flipHoriz=False, flipVert=False, font='Arial', fontFiles=[], height=0.05, italic=False, languageStyle='LTR', name='text_2', opacity=1, ori=0.0, pos=array([0., 0.]), rgb=UNKNOWN, text='If you ready, press [space bar]\n', units='height', win=Window(...), wrapWidth=1)
7.2573 	EXP 	Created cross = ShapeStim(__class__=<class 'psychopy.visual.shape.ShapeStim'>, anchor=('center', 'center'), autoDraw=False, autoLog=True, closeShape=True, color=method-wrapper(...), colorSpace='rgb', contrast=None, depth=-1.0, draggable=False, fillColor=array([1, 1, 1]), fillColorSpace='rgb', fillRGB=array([1, 1, 1]), interpolate=True, lineColor=array([1., 1., 1.]), lineColorSpace='rgb', lineRGB=array([1, 1, 1]), lineWidth=1.0, name='cross', opacity=1, ori=0.0, pos=array([0., 0.]), size=array([0.1, 0.1]), units='height', vertices=ndarray(...), win=Window(...), windingRule=None)
7.2605 	EXP 	Created faces_image = ImageStim(__class__=<class 'psychopy.visual.image.ImageStim'>, anchor=('center', 'center'), autoLog=True, color=array([1., 1., 1.]), colorSpace='rgb', contrast=1.0, depth=0.0, draggable=False, flipHoriz=False, flipVert=False, image='default.png', interpolate=True, mask=None, maskParams=None, name='faces_image', opacity=1, ori=0.0, pos=array([0., 0.]), size=array([0.5, 0.5]), texRes=128.0, units='height', win=Window(...))
7.2635 	EXP 	Created text_3 = TextStim(__class__=<class 'psychopy.visual.text.TextStim'>, alignHoriz=method-wrapper(...), alignText='center', alignVert=method-wrapper(...), anchorHoriz='center', anchorVert='center', antialias=True, autoDraw=False, autoLog=True, bold=False, color=array([1., 1., 1.]), colorSpace='rgb', contrast=1.0, depth=-1.0, draggable=False, flipHoriz=False, flipVert=False, font='Arial', fontFiles=[], height=0.05, italic=False, languageStyle='LTR', name='text_3', opacity=1, ori=0.0, pos=array([0., 0.]), rgb=UNKNOWN, text='Endding block', units='height', win=Window(...), wrapWidth=1)
0.0447 	DEBUG 	Saving data for project ExperimentHandler
0.0455 	INFO 	saved data to C:\Users\napat\Documents\GitHub\BCI-P300-project\data/825130_project_2025-05-04_17h03.50.135.psydat
0.0461 	INFO 	saved data to 'C:\\Users\\napat\\Documents\\GitHub\\BCI-P300-project\\data/825130_project_2025-05-04_17h03.50.135.csv'
