5.7105 	DEBUG 	Fullscreen settings ignored as running in pilot mode.
5.7117 	INFO 	Loaded monitor calibration from ['2025_03_07 15:28']
5.9200 	EXP 	Created window1 = Window(allowGUI=False, allowStencil=False, autoLog=True, backendConf=UNKNOWN, backgroundFit=<method-wrapper '__getattribute__' of attributeSetter object at 0x00000237704B4F10>, backgroundImage=<method-wrapper '__getattribute__' of attributeSetter object at 0x00000237704B4F70>, bitsMode=UNKNOWN, blendMode='avg', bpc=(8, 8, 8), color=array([0, 0, 0]), colorSpace='rgb', depthBits=8, fullscr=False, gamma=None, gammaErrorPolicy='raise', infoMsg=UNKNOWN, lms=UNKNOWN, monitor=<psychopy.monitors.calibTools.Monitor object at 0x000002377057E4D0>, multiSample=False, name='window1', numSamples=2, pos=[560.0, 240.0], screen=0, size=array([800, 600]), stencilBits=0, stereo=False, title='PsychoPy', units='height', useFBO=True, useRetina=False, viewOri=0.0, viewPos=None, viewScale=None, waitBlanking=True, winType='pyglet')
5.9200 	EXP 	window1: backgroundImage = ''
5.9201 	EXP 	window1: backgroundFit = 'none'
5.9261 	DEBUG 	TextBox2 loaded 1 chars with 0 blanks and 1 valid
5.9267 	DEBUG 	TextBox2 loaded 1 chars with 0 blanks and 1 valid
5.9273 	DEBUG 	TextBox2 loaded 1 chars with 0 blanks and 1 valid
5.9280 	DEBUG 	TextBox2 loaded 1 chars with 0 blanks and 1 valid
5.9287 	DEBUG 	TextBox2 loaded 1 chars with 0 blanks and 1 valid
5.9291 	DEBUG 	TextBox2 loaded 1 chars with 0 blanks and 1 valid
5.9297 	DEBUG 	TextBox2 loaded 1 chars with 0 blanks and 1 valid
5.9304 	DEBUG 	TextBox2 loaded 1 chars with 0 blanks and 1 valid
5.9307 	DEBUG 	TextBox2 loaded 1 chars with 0 blanks and 1 valid
5.9310 	DEBUG 	TextBox2 loaded 1 chars with 0 blanks and 1 valid
5.9316 	DEBUG 	TextBox2 loaded 1 chars with 0 blanks and 1 valid
5.9322 	DEBUG 	TextBox2 loaded 1 chars with 0 blanks and 1 valid
5.9327 	DEBUG 	TextBox2 loaded 1 chars with 0 blanks and 1 valid
5.9332 	DEBUG 	TextBox2 loaded 1 chars with 0 blanks and 1 valid
5.9337 	DEBUG 	TextBox2 loaded 1 chars with 0 blanks and 1 valid
5.9342 	DEBUG 	TextBox2 loaded 1 chars with 0 blanks and 1 valid
5.9348 	DEBUG 	TextBox2 loaded 1 chars with 0 blanks and 1 valid
5.9351 	DEBUG 	TextBox2 loaded 1 chars with 0 blanks and 1 valid
5.9355 	DEBUG 	TextBox2 loaded 1 chars with 0 blanks and 1 valid
5.9362 	DEBUG 	TextBox2 loaded 1 chars with 0 blanks and 1 valid
5.9366 	DEBUG 	TextBox2 loaded 1 chars with 0 blanks and 1 valid
5.9370 	DEBUG 	Uploading Texture Font fontname to graphics card
5.9410 	DEBUG 	Upload of Texture Font fontname complete
5.9458 	DEBUG 	TextBox2 loaded 1 chars with 0 blanks and 1 valid
5.9466 	DEBUG 	TextBox2 loaded 1 chars with 0 blanks and 1 valid
5.9472 	DEBUG 	TextBox2 loaded 1 chars with 0 blanks and 1 valid
5.9475 	DEBUG 	Uploading Texture Font fontname to graphics card
5.9503 	DEBUG 	Upload of Texture Font fontname complete
5.9517 	EXP 	window1: Attempting to measure frame rate of screen (0) ...
5.9518 	EXP 	window1: recordFrameIntervals = False
6.0225 	EXP 	window1: recordFrameIntervals = True
6.0886 	EXP 	Screen (0) actual frame rate measured at 166.41Hz
6.0886 	EXP 	window1: recordFrameIntervals = False
6.0933 	DEBUG 	TextBox2 loaded 1 chars with 0 blanks and 1 valid
6.0938 	DEBUG 	TextBox2 loaded 1 chars with 0 blanks and 1 valid
6.0945 	DEBUG 	TextBox2 loaded 1 chars with 0 blanks and 1 valid
6.0954 	DEBUG 	TextBox2 loaded 1 chars with 0 blanks and 1 valid
6.0961 	DEBUG 	TextBox2 loaded 1 chars with 0 blanks and 1 valid
6.0969 	DEBUG 	TextBox2 loaded 1 chars with 0 blanks and 1 valid
6.0973 	DEBUG 	TextBox2 loaded 1 chars with 0 blanks and 1 valid
6.0980 	DEBUG 	TextBox2 loaded 1 chars with 0 blanks and 1 valid
6.0988 	DEBUG 	TextBox2 loaded 1 chars with 0 blanks and 1 valid
6.0995 	DEBUG 	TextBox2 loaded 1 chars with 0 blanks and 1 valid
6.0998 	DEBUG 	Uploading Texture Font fontname to graphics card
6.1003 	DEBUG 	Upload of Texture Font fontname complete
6.1103 	WARNING 	launchHubServer: If using the iohub mouse or eyetracker devices, fullScr should be True.
8.1881 	INFO 	keyboard.Keyboard is using iohub backend.
8.1881 	INFO 	keyboard.Keyboard is using iohub backend.
8.1882 	INFO 	keyboard.Keyboard is using iohub backend.
8.1882 	EXP 	project: status = STARTED
8.2498 	EXP 	Created text = TextStim(__class__=<class 'psychopy.visual.text.TextStim'>, alignHoriz=method-wrapper(...), alignText='center', alignVert=method-wrapper(...), anchorHoriz='center', anchorVert='center', antialias=True, autoDraw=False, autoLog=True, bold=False, color=array([1., 1., 1.]), colorSpace='rgb', contrast=1.0, depth=0.0, draggable=False, flipHoriz=False, flipVert=False, font='Arial', fontFiles=[], height=0.05, italic=False, languageStyle='LTR', name='text', opacity=1, ori=0.0, pos=array([0. , 0.1]), rgb=UNKNOWN, text="Please don't move or blink", units='height', win=Window(...), wrapWidth=1)
8.2554 	EXP 	Created text_2 = TextStim(__class__=<class 'psychopy.visual.text.TextStim'>, alignHoriz=method-wrapper(...), alignText='center', alignVert=method-wrapper(...), anchorHoriz='center', anchorVert='center', antialias=True, autoDraw=False, autoLog=True, bold=False, color=array([1., 1., 1.]), colorSpace='rgb', contrast=1.0, depth=-1.0, draggable=False, flipHoriz=False, flipVert=False, font='Arial', fontFiles=[], height=0.05, italic=False, languageStyle='LTR', name='text_2', opacity=1, ori=0.0, pos=array([0., 0.]), rgb=UNKNOWN, text='If you ready, press [space bar]\n', units='height', win=Window(...), wrapWidth=1)
8.2719 	EXP 	Created cross = ShapeStim(__class__=<class 'psychopy.visual.shape.ShapeStim'>, anchor=('center', 'center'), autoDraw=False, autoLog=True, closeShape=True, color=method-wrapper(...), colorSpace='rgb', contrast=None, depth=-1.0, draggable=False, fillColor=array([1, 1, 1]), fillColorSpace='rgb', fillRGB=array([1, 1, 1]), interpolate=True, lineColor=array([1., 1., 1.]), lineColorSpace='rgb', lineRGB=array([1, 1, 1]), lineWidth=1.0, name='cross', opacity=1, ori=0.0, pos=array([0., 0.]), size=array([0.1, 0.1]), units='height', vertices=ndarray(...), win=Window(...), windingRule=None)
8.2757 	EXP 	Created faces = ImageStim(__class__=<class 'psychopy.visual.image.ImageStim'>, anchor=('center', 'center'), autoLog=True, color=array([1., 1., 1.]), colorSpace='rgb', contrast=1.0, depth=-2.0, draggable=False, flipHoriz=False, flipVert=False, image='default.png', interpolate=True, mask=None, maskParams=None, name='faces', opacity=1, ori=0.0, pos=array([0., 0.]), size=array([0.5, 0.5]), texRes=128.0, units='height', win=Window(...))
8.2789 	EXP 	Created text_3 = TextStim(__class__=<class 'psychopy.visual.text.TextStim'>, alignHoriz=method-wrapper(...), alignText='center', alignVert=method-wrapper(...), anchorHoriz='center', anchorVert='center', antialias=True, autoDraw=False, autoLog=True, bold=False, color=array([1., 1., 1.]), colorSpace='rgb', contrast=1.0, depth=-1.0, draggable=False, flipHoriz=False, flipVert=False, font='Arial', fontFiles=[], height=0.05, italic=False, languageStyle='LTR', name='text_3', opacity=1, ori=0.0, pos=array([0., 0.]), rgb=UNKNOWN, text='Endding block', units='height', win=Window(...), wrapWidth=1)
0.0098 	INFO 	Keyboard events cleared
0.0095 	EXP 	text: autoDraw = True
0.0095 	EXP 	text_2: autoDraw = True
12.3498 	DATA 	Mouse: Left button down, pos=(688,305)
12.4244 	DATA 	Mouse:  Left button up, pos=(688,305)
13.4707 	DEBUG 	Read csv file with pandas: blocks/block1.csv
13.4715 	DEBUG 	Clearing unnamed columns from blocks/block1.csv
13.4719 	EXP 	Imported blocks/block1.csv as conditions, 5 conditions, 4 params
13.4721 	EXP 	New trial (rep=0, index=0): <Trial 0 (0 in rep 0) data={'block': 1, 'trial': 1, 'image': 'faces/unknown/unknown_48.jpg', 'type': 'unknown', 'thisN': 0, 'thisTrialN': 0, 'thisRepN': 0}>
13.4994 	DATA 	Keypress: space
13.5063 	EXP 	text: autoDraw = False
13.5063 	EXP 	text_2: autoDraw = False
13.5063 	EXP 	faces: image = 'faces/unknown/unknown_48.jpg'
14.4576 	EXP 	cross: autoDraw = True
15.2879 	EXP 	cross: autoDraw = False
15.4641 	INFO 	Keyboard events cleared
15.4637 	EXP 	faces: autoDraw = True
17.4532 	EXP 	New trial (rep=0, index=1): <Trial 1 (1 in rep 0) data={'block': 1, 'trial': 2, 'image': 'faces/unknown/unknown_174.jpg', 'type': 'unknown', 'thisN': 1, 'thisTrialN': 1, 'thisRepN': 0}>
17.4819 	EXP 	faces: autoDraw = False
17.4819 	EXP 	cross: autoDraw = False
17.4819 	EXP 	faces: autoDraw = False
17.4819 	EXP 	faces: image = 'faces/unknown/unknown_174.jpg'
18.4453 	EXP 	cross: autoDraw = True
19.4091 	EXP 	cross: autoDraw = False
19.4456 	INFO 	Keyboard events cleared
19.4453 	EXP 	faces: autoDraw = True
21.4347 	EXP 	New trial (rep=0, index=2): <Trial 2 (2 in rep 0) data={'block': 1, 'trial': 3, 'image': 'faces/unknown/unknown_66.jpg', 'type': 'unknown', 'thisN': 2, 'thisTrialN': 2, 'thisRepN': 0}>
21.4697 	EXP 	faces: autoDraw = False
21.4697 	EXP 	cross: autoDraw = False
21.4697 	EXP 	faces: autoDraw = False
21.4697 	EXP 	faces: image = 'faces/unknown/unknown_66.jpg'
22.4271 	EXP 	cross: autoDraw = True
23.2755 	EXP 	cross: autoDraw = False
23.4275 	INFO 	Keyboard events cleared
23.4272 	EXP 	faces: autoDraw = True
25.4168 	EXP 	New trial (rep=0, index=3): <Trial 3 (3 in rep 0) data={'block': 1, 'trial': 4, 'image': 'faces/unknown/unknown_267.jpg', 'type': 'unknown', 'thisN': 3, 'thisTrialN': 3, 'thisRepN': 0}>
25.4451 	EXP 	faces: autoDraw = False
25.4451 	EXP 	cross: autoDraw = False
25.4451 	EXP 	faces: autoDraw = False
25.4451 	EXP 	faces: image = 'faces/unknown/unknown_267.jpg'
26.4088 	EXP 	cross: autoDraw = True
27.1501 	DATA 	Mouse: wheel shift=(0,-1), pos=(726,440)
27.2209 	EXP 	cross: autoDraw = False
27.2594 	DATA 	Mouse: wheel shift=(0,-1), pos=(726,440)
27.4094 	INFO 	Keyboard events cleared
27.4091 	EXP 	faces: autoDraw = True
28.5994 	DATA 	Keypress: escape
28.6894 	EXP 	project: status = STOPPED
28.6933 	EXP 	faces: autoDraw = False
28.6943 	EXP 	project: status = STOPPED
28.7231 	INFO 	saved data to 'C:\\Users\\napat\\Documents\\GitHub\\BCI-P300-project\\data/830749_project_2025-05-04_16h45.49.002.csv'
28.7241 	INFO 	saved data to C:\Users\napat\Documents\GitHub\BCI-P300-project\data/830749_project_2025-05-04_16h45.49.002.psydat
28.9265 	DEBUG 	Saving data for project ExperimentHandler
