4.4525 	DEBUG 	Fullscreen settings ignored as running in pilot mode.
4.4531 	INFO 	Loaded monitor calibration from ['2025_03_07 15:28']
4.6797 	EXP 	Created window1 = Window(allowGUI=False, allowStencil=False, autoLog=True, backendConf=UNKNOWN, backgroundFit=<method-wrapper '__getattribute__' of attributeSetter object at 0x000001A8F72B5C30>, backgroundImage=<method-wrapper '__getattribute__' of attributeSetter object at 0x000001A8F72B5BD0>, bitsMode=UNKNOWN, blendMode='avg', bpc=(8, 8, 8), color=array([0, 0, 0]), colorSpace='rgb', depthBits=8, fullscr=False, gamma=None, gammaErrorPolicy='raise', infoMsg=UNKNOWN, lms=UNKNOWN, monitor=<psychopy.monitors.calibTools.Monitor object at 0x000001A8F7374CA0>, multiSample=False, name='window1', numSamples=2, pos=[560.0, 240.0], screen=0, size=array([800, 600]), stencilBits=0, stereo=False, title='PsychoPy', units='height', useFBO=True, useRetina=False, viewOri=0.0, viewPos=None, viewScale=None, waitBlanking=True, winType='pyglet')
4.6798 	EXP 	window1: backgroundImage = ''
4.6798 	EXP 	window1: backgroundFit = 'none'
4.6860 	DEBUG 	TextBox2 loaded 1 chars with 0 blanks and 1 valid
4.6866 	DEBUG 	TextBox2 loaded 1 chars with 0 blanks and 1 valid
4.6873 	DEBUG 	TextBox2 loaded 1 chars with 0 blanks and 1 valid
4.6880 	DEBUG 	TextBox2 loaded 1 chars with 0 blanks and 1 valid
4.6887 	DEBUG 	TextBox2 loaded 1 chars with 0 blanks and 1 valid
4.6890 	DEBUG 	TextBox2 loaded 1 chars with 0 blanks and 1 valid
4.6896 	DEBUG 	TextBox2 loaded 1 chars with 0 blanks and 1 valid
4.6903 	DEBUG 	TextBox2 loaded 1 chars with 0 blanks and 1 valid
4.6906 	DEBUG 	TextBox2 loaded 1 chars with 0 blanks and 1 valid
4.6909 	DEBUG 	TextBox2 loaded 1 chars with 0 blanks and 1 valid
4.6915 	DEBUG 	TextBox2 loaded 1 chars with 0 blanks and 1 valid
4.6920 	DEBUG 	TextBox2 loaded 1 chars with 0 blanks and 1 valid
4.6925 	DEBUG 	TextBox2 loaded 1 chars with 0 blanks and 1 valid
4.6931 	DEBUG 	TextBox2 loaded 1 chars with 0 blanks and 1 valid
4.6936 	DEBUG 	TextBox2 loaded 1 chars with 0 blanks and 1 valid
4.6942 	DEBUG 	TextBox2 loaded 1 chars with 0 blanks and 1 valid
4.6948 	DEBUG 	TextBox2 loaded 1 chars with 0 blanks and 1 valid
4.6951 	DEBUG 	TextBox2 loaded 1 chars with 0 blanks and 1 valid
4.6955 	DEBUG 	TextBox2 loaded 1 chars with 0 blanks and 1 valid
4.6962 	DEBUG 	TextBox2 loaded 1 chars with 0 blanks and 1 valid
4.6966 	DEBUG 	TextBox2 loaded 1 chars with 0 blanks and 1 valid
4.6970 	DEBUG 	Uploading Texture Font fontname to graphics card
4.7092 	DEBUG 	Upload of Texture Font fontname complete
4.7143 	DEBUG 	TextBox2 loaded 1 chars with 0 blanks and 1 valid
4.7150 	DEBUG 	TextBox2 loaded 1 chars with 0 blanks and 1 valid
4.7157 	DEBUG 	TextBox2 loaded 1 chars with 0 blanks and 1 valid
4.7159 	DEBUG 	Uploading Texture Font fontname to graphics card
4.7254 	DEBUG 	Upload of Texture Font fontname complete
4.7268 	EXP 	window1: Attempting to measure frame rate of screen (0) ...
4.7268 	EXP 	window1: recordFrameIntervals = False
4.8061 	EXP 	window1: recordFrameIntervals = True
4.8728 	EXP 	Screen (0) actual frame rate measured at 165.39Hz
4.8729 	EXP 	window1: recordFrameIntervals = False
4.8770 	DEBUG 	TextBox2 loaded 1 chars with 0 blanks and 1 valid
4.8775 	DEBUG 	TextBox2 loaded 1 chars with 0 blanks and 1 valid
4.8782 	DEBUG 	TextBox2 loaded 1 chars with 0 blanks and 1 valid
4.8790 	DEBUG 	TextBox2 loaded 1 chars with 0 blanks and 1 valid
4.8798 	DEBUG 	TextBox2 loaded 1 chars with 0 blanks and 1 valid
4.8806 	DEBUG 	TextBox2 loaded 1 chars with 0 blanks and 1 valid
4.8810 	DEBUG 	TextBox2 loaded 1 chars with 0 blanks and 1 valid
4.8816 	DEBUG 	TextBox2 loaded 1 chars with 0 blanks and 1 valid
4.8823 	DEBUG 	TextBox2 loaded 1 chars with 0 blanks and 1 valid
4.8829 	DEBUG 	TextBox2 loaded 1 chars with 0 blanks and 1 valid
4.8832 	DEBUG 	Uploading Texture Font fontname to graphics card
4.8836 	DEBUG 	Upload of Texture Font fontname complete
4.8921 	WARNING 	launchHubServer: If using the iohub mouse or eyetracker devices, fullScr should be True.
6.9593 	INFO 	keyboard.Keyboard is using iohub backend.
6.9593 	INFO 	keyboard.Keyboard is using iohub backend.
6.9593 	INFO 	keyboard.Keyboard is using iohub backend.
6.9594 	EXP 	project: status = STARTED
7.0193 	EXP 	Created text = TextStim(__class__=<class 'psychopy.visual.text.TextStim'>, alignHoriz=method-wrapper(...), alignText='center', alignVert=method-wrapper(...), anchorHoriz='center', anchorVert='center', antialias=True, autoDraw=False, autoLog=True, bold=False, color=array([1., 1., 1.]), colorSpace='rgb', contrast=1.0, depth=0.0, draggable=False, flipHoriz=False, flipVert=False, font='Arial', fontFiles=[], height=0.05, italic=False, languageStyle='LTR', name='text', opacity=1, ori=0.0, pos=array([0. , 0.1]), rgb=UNKNOWN, text="Please don't move or blink", units='height', win=Window(...), wrapWidth=1)
7.0239 	EXP 	Created text_2 = TextStim(__class__=<class 'psychopy.visual.text.TextStim'>, alignHoriz=method-wrapper(...), alignText='center', alignVert=method-wrapper(...), anchorHoriz='center', anchorVert='center', antialias=True, autoDraw=False, autoLog=True, bold=False, color=array([1., 1., 1.]), colorSpace='rgb', contrast=1.0, depth=-1.0, draggable=False, flipHoriz=False, flipVert=False, font='Arial', fontFiles=[], height=0.05, italic=False, languageStyle='LTR', name='text_2', opacity=1, ori=0.0, pos=array([0., 0.]), rgb=UNKNOWN, text='If you ready, press [space bar]\n', units='height', win=Window(...), wrapWidth=1)
7.0396 	EXP 	Created cross = ShapeStim(__class__=<class 'psychopy.visual.shape.ShapeStim'>, anchor=('center', 'center'), autoDraw=False, autoLog=True, closeShape=True, color=method-wrapper(...), colorSpace='rgb', contrast=None, depth=-1.0, draggable=False, fillColor=array([1, 1, 1]), fillColorSpace='rgb', fillRGB=array([1, 1, 1]), interpolate=True, lineColor=array([1., 1., 1.]), lineColorSpace='rgb', lineRGB=array([1, 1, 1]), lineWidth=1.0, name='cross', opacity=1, ori=0.0, pos=array([0., 0.]), size=array([0.1, 0.1]), units='height', vertices=ndarray(...), win=Window(...), windingRule=None)
7.0427 	EXP 	Created faces_image = ImageStim(__class__=<class 'psychopy.visual.image.ImageStim'>, anchor=('center', 'center'), autoLog=True, color=array([1., 1., 1.]), colorSpace='rgb', contrast=1.0, depth=0.0, draggable=False, flipHoriz=False, flipVert=False, image='default.png', interpolate=True, mask=None, maskParams=None, name='faces_image', opacity=1, ori=0.0, pos=array([0., 0.]), size=array([0.5, 0.5]), texRes=128.0, units='height', win=Window(...))
7.0455 	EXP 	Created text_3 = TextStim(__class__=<class 'psychopy.visual.text.TextStim'>, alignHoriz=method-wrapper(...), alignText='center', alignVert=method-wrapper(...), anchorHoriz='center', anchorVert='center', antialias=True, autoDraw=False, autoLog=True, bold=False, color=array([1., 1., 1.]), colorSpace='rgb', contrast=1.0, depth=-1.0, draggable=False, flipHoriz=False, flipVert=False, font='Arial', fontFiles=[], height=0.05, italic=False, languageStyle='LTR', name='text_3', opacity=1, ori=0.0, pos=array([0., 0.]), rgb=UNKNOWN, text='Endding block', units='height', win=Window(...), wrapWidth=1)
0.0375 	DEBUG 	Saving data for project ExperimentHandler
0.0384 	INFO 	saved data to C:\Users\napat\Documents\GitHub\BCI-P300-project\data/861190_project_2025-05-04_17h08.11.255.psydat
0.0392 	INFO 	saved data to 'C:\\Users\\napat\\Documents\\GitHub\\BCI-P300-project\\data/861190_project_2025-05-04_17h08.11.255.csv'
