6.0078 	DEBUG 	Fullscreen settings ignored as running in pilot mode.
6.0085 	INFO 	Loaded monitor calibration from ['2025_03_07 15:28']
6.2061 	EXP 	Created window1 = Window(allowGUI=False, allowStencil=False, autoLog=True, backendConf=UNKNOWN, backgroundFit=<method-wrapper '__getattribute__' of attributeSetter object at 0x0000026E9759B580>, backgroundImage=<method-wrapper '__getattribute__' of attributeSetter object at 0x0000026E9759B520>, bitsMode=UNKNOWN, blendMode='avg', bpc=(8, 8, 8), color=array([0, 0, 0]), colorSpace='rgb', depthBits=8, fullscr=False, gamma=None, gammaErrorPolicy='raise', infoMsg=UNKNOWN, lms=UNKNOWN, monitor=<psychopy.monitors.calibTools.Monitor object at 0x0000026E9764DF90>, multiSample=False, name='window1', numSamples=2, pos=[560.0, 240.0], screen=0, size=array([800, 600]), stencilBits=0, stereo=False, title='PsychoPy', units='height', useFBO=True, useRetina=False, viewOri=0.0, viewPos=None, viewScale=None, waitBlanking=True, winType='pyglet')
6.2061 	EXP 	window1: backgroundImage = ''
6.2061 	EXP 	window1: backgroundFit = 'none'
6.2118 	DEBUG 	TextBox2 loaded 1 chars with 0 blanks and 1 valid
6.2125 	DEBUG 	TextBox2 loaded 1 chars with 0 blanks and 1 valid
6.2130 	DEBUG 	TextBox2 loaded 1 chars with 0 blanks and 1 valid
6.2137 	DEBUG 	TextBox2 loaded 1 chars with 0 blanks and 1 valid
6.2144 	DEBUG 	TextBox2 loaded 1 chars with 0 blanks and 1 valid
6.2148 	DEBUG 	TextBox2 loaded 1 chars with 0 blanks and 1 valid
6.2154 	DEBUG 	TextBox2 loaded 1 chars with 0 blanks and 1 valid
6.2162 	DEBUG 	TextBox2 loaded 1 chars with 0 blanks and 1 valid
6.2165 	DEBUG 	TextBox2 loaded 1 chars with 0 blanks and 1 valid
6.2168 	DEBUG 	TextBox2 loaded 1 chars with 0 blanks and 1 valid
6.2173 	DEBUG 	TextBox2 loaded 1 chars with 0 blanks and 1 valid
6.2179 	DEBUG 	TextBox2 loaded 1 chars with 0 blanks and 1 valid
6.2184 	DEBUG 	TextBox2 loaded 1 chars with 0 blanks and 1 valid
6.2189 	DEBUG 	TextBox2 loaded 1 chars with 0 blanks and 1 valid
6.2194 	DEBUG 	TextBox2 loaded 1 chars with 0 blanks and 1 valid
6.2199 	DEBUG 	TextBox2 loaded 1 chars with 0 blanks and 1 valid
6.2205 	DEBUG 	TextBox2 loaded 1 chars with 0 blanks and 1 valid
6.2209 	DEBUG 	TextBox2 loaded 1 chars with 0 blanks and 1 valid
6.2213 	DEBUG 	TextBox2 loaded 1 chars with 0 blanks and 1 valid
6.2219 	DEBUG 	TextBox2 loaded 1 chars with 0 blanks and 1 valid
6.2223 	DEBUG 	TextBox2 loaded 1 chars with 0 blanks and 1 valid
6.2226 	DEBUG 	Uploading Texture Font fontname to graphics card
6.2271 	DEBUG 	Upload of Texture Font fontname complete
6.2319 	DEBUG 	TextBox2 loaded 1 chars with 0 blanks and 1 valid
6.2327 	DEBUG 	TextBox2 loaded 1 chars with 0 blanks and 1 valid
6.2334 	DEBUG 	TextBox2 loaded 1 chars with 0 blanks and 1 valid
6.2336 	DEBUG 	Uploading Texture Font fontname to graphics card
6.2374 	DEBUG 	Upload of Texture Font fontname complete
6.2388 	EXP 	window1: Attempting to measure frame rate of screen (0) ...
6.2388 	EXP 	window1: recordFrameIntervals = False
6.3071 	EXP 	window1: recordFrameIntervals = True
6.3746 	EXP 	Screen (0) actual frame rate measured at 163.23Hz
6.3746 	EXP 	window1: recordFrameIntervals = False
6.3805 	DEBUG 	TextBox2 loaded 1 chars with 0 blanks and 1 valid
6.3809 	DEBUG 	TextBox2 loaded 1 chars with 0 blanks and 1 valid
6.3815 	DEBUG 	TextBox2 loaded 1 chars with 0 blanks and 1 valid
6.3823 	DEBUG 	TextBox2 loaded 1 chars with 0 blanks and 1 valid
6.3830 	DEBUG 	TextBox2 loaded 1 chars with 0 blanks and 1 valid
6.3837 	DEBUG 	TextBox2 loaded 1 chars with 0 blanks and 1 valid
6.3840 	DEBUG 	TextBox2 loaded 1 chars with 0 blanks and 1 valid
6.3847 	DEBUG 	TextBox2 loaded 1 chars with 0 blanks and 1 valid
6.3855 	DEBUG 	TextBox2 loaded 1 chars with 0 blanks and 1 valid
6.3862 	DEBUG 	TextBox2 loaded 1 chars with 0 blanks and 1 valid
6.3864 	DEBUG 	Uploading Texture Font fontname to graphics card
6.3869 	DEBUG 	Upload of Texture Font fontname complete
6.3956 	WARNING 	launchHubServer: If using the iohub mouse or eyetracker devices, fullScr should be True.
8.3678 	INFO 	keyboard.Keyboard is using iohub backend.
8.3679 	INFO 	keyboard.Keyboard is using iohub backend.
8.3679 	INFO 	keyboard.Keyboard is using iohub backend.
8.3679 	EXP 	project: status = STARTED
8.4396 	EXP 	Created text = TextStim(__class__=<class 'psychopy.visual.text.TextStim'>, alignHoriz=method-wrapper(...), alignText='center', alignVert=method-wrapper(...), anchorHoriz='center', anchorVert='center', antialias=True, autoDraw=False, autoLog=True, bold=False, color=array([1., 1., 1.]), colorSpace='rgb', contrast=1.0, depth=0.0, draggable=False, flipHoriz=False, flipVert=False, font='Arial', fontFiles=[], height=0.05, italic=False, languageStyle='LTR', name='text', opacity=1, ori=0.0, pos=array([0. , 0.1]), rgb=UNKNOWN, text="Please don't move or blink", units='height', win=Window(...), wrapWidth=1)
8.4480 	EXP 	Created text_2 = TextStim(__class__=<class 'psychopy.visual.text.TextStim'>, alignHoriz=method-wrapper(...), alignText='center', alignVert=method-wrapper(...), anchorHoriz='center', anchorVert='center', antialias=True, autoDraw=False, autoLog=True, bold=False, color=array([1., 1., 1.]), colorSpace='rgb', contrast=1.0, depth=-1.0, draggable=False, flipHoriz=False, flipVert=False, font='Arial', fontFiles=[], height=0.05, italic=False, languageStyle='LTR', name='text_2', opacity=1, ori=0.0, pos=array([0., 0.]), rgb=UNKNOWN, text='If you ready, press [space bar]\n', units='height', win=Window(...), wrapWidth=1)
8.4499 	EXP 	Created cross = ShapeStim(__class__=<class 'psychopy.visual.shape.ShapeStim'>, anchor=('center', 'center'), autoDraw=False, autoLog=True, closeShape=True, color=method-wrapper(...), colorSpace='rgb', contrast=None, depth=-1.0, draggable=False, fillColor=array([1, 1, 1]), fillColorSpace='rgb', fillRGB=array([1, 1, 1]), interpolate=True, lineColor=array([1., 1., 1.]), lineColorSpace='rgb', lineRGB=array([1, 1, 1]), lineWidth=1.0, name='cross', opacity=1, ori=0.0, pos=array([0., 0.]), size=array([0.1, 0.1]), units='height', vertices=ndarray(...), win=Window(...), windingRule=None)
8.4532 	EXP 	Created faces = ImageStim(__class__=<class 'psychopy.visual.image.ImageStim'>, anchor=('center', 'center'), autoLog=True, color=array([1., 1., 1.]), colorSpace='rgb', contrast=1.0, depth=-2.0, draggable=False, flipHoriz=False, flipVert=False, image='default.png', interpolate=True, mask=None, maskParams=None, name='faces', opacity=1, ori=0.0, pos=array([0., 0.]), size=array([0.5, 0.5]), texRes=128.0, units='height', win=Window(...))
8.4559 	EXP 	Created text_3 = TextStim(__class__=<class 'psychopy.visual.text.TextStim'>, alignHoriz=method-wrapper(...), alignText='center', alignVert=method-wrapper(...), anchorHoriz='center', anchorVert='center', antialias=True, autoDraw=False, autoLog=True, bold=False, color=array([1., 1., 1.]), colorSpace='rgb', contrast=1.0, depth=-1.0, draggable=False, flipHoriz=False, flipVert=False, font='Arial', fontFiles=[], height=0.05, italic=False, languageStyle='LTR', name='text_3', opacity=1, ori=0.0, pos=array([0., 0.]), rgb=UNKNOWN, text='Endding block', units='height', win=Window(...), wrapWidth=1)
0.0342 	INFO 	Keyboard events cleared
0.0339 	EXP 	text: autoDraw = True
0.0339 	EXP 	text_2: autoDraw = True
5.2508 	DEBUG 	Read csv file with pandas: blocks/block1.csv
5.2515 	DEBUG 	Clearing unnamed columns from blocks/block1.csv
5.2518 	EXP 	Imported blocks/block1.csv as conditions, 5 conditions, 4 params
5.2520 	EXP 	New trial (rep=0, index=0): <Trial 0 (0 in rep 0) data={'block': 1, 'trial': 1, 'image': 'faces/unknown/unknown_48.jpg', 'type': 'unknown', 'thisN': 0, 'thisTrialN': 0, 'thisRepN': 0}>
5.2784 	DATA 	Keypress: space
5.2812 	EXP 	text: autoDraw = False
5.2812 	EXP 	text_2: autoDraw = False
5.2812 	EXP 	faces: image = 'faces/unknown/unknown_48.jpg'
6.2392 	EXP 	cross: autoDraw = True
6.9715 	EXP 	cross: autoDraw = False
7.2449 	INFO 	Keyboard events cleared
7.2446 	EXP 	faces: autoDraw = True
9.2335 	EXP 	New trial (rep=0, index=1): <Trial 1 (1 in rep 0) data={'block': 1, 'trial': 2, 'image': 'faces/unknown/unknown_174.jpg', 'type': 'unknown', 'thisN': 1, 'thisTrialN': 1, 'thisRepN': 0}>
9.2625 	EXP 	faces: autoDraw = False
9.2625 	EXP 	cross: autoDraw = False
9.2625 	EXP 	faces: autoDraw = False
9.2625 	EXP 	faces: image = 'faces/unknown/unknown_174.jpg'
10.2258 	EXP 	cross: autoDraw = True
10.9595 	EXP 	cross: autoDraw = False
11.2265 	INFO 	Keyboard events cleared
11.2262 	EXP 	faces: autoDraw = True
13.2157 	EXP 	New trial (rep=0, index=2): <Trial 2 (2 in rep 0) data={'block': 1, 'trial': 3, 'image': 'faces/unknown/unknown_66.jpg', 'type': 'unknown', 'thisN': 2, 'thisTrialN': 2, 'thisRepN': 0}>
13.2504 	EXP 	faces: autoDraw = False
13.2504 	EXP 	cross: autoDraw = False
13.2504 	EXP 	faces: autoDraw = False
13.2504 	EXP 	faces: image = 'faces/unknown/unknown_66.jpg'
14.2078 	EXP 	cross: autoDraw = True
14.9412 	EXP 	cross: autoDraw = False
15.2082 	INFO 	Keyboard events cleared
15.2079 	EXP 	faces: autoDraw = True
17.1974 	EXP 	New trial (rep=0, index=3): <Trial 3 (3 in rep 0) data={'block': 1, 'trial': 4, 'image': 'faces/unknown/unknown_267.jpg', 'type': 'unknown', 'thisN': 3, 'thisTrialN': 3, 'thisRepN': 0}>
17.2261 	EXP 	faces: autoDraw = False
17.2261 	EXP 	cross: autoDraw = False
17.2261 	EXP 	faces: autoDraw = False
17.2261 	EXP 	faces: image = 'faces/unknown/unknown_267.jpg'
18.1899 	EXP 	cross: autoDraw = True
18.9228 	EXP 	cross: autoDraw = False
19.1898 	INFO 	Keyboard events cleared
19.1896 	EXP 	faces: autoDraw = True
21.1788 	EXP 	New trial (rep=0, index=4): <Trial 4 (4 in rep 0) data={'block': 1, 'trial': 5, 'image': 'faces/unknown/unknown_210.jpg', 'type': 'unknown', 'thisN': 4, 'thisTrialN': 4, 'thisRepN': 0}>
21.2078 	EXP 	faces: autoDraw = False
21.2078 	EXP 	cross: autoDraw = False
21.2078 	EXP 	faces: autoDraw = False
21.2078 	EXP 	faces: image = 'faces/unknown/unknown_210.jpg'
22.1712 	EXP 	cross: autoDraw = True
22.9043 	EXP 	cross: autoDraw = False
23.1715 	INFO 	Keyboard events cleared
23.1712 	EXP 	faces: autoDraw = True
25.1651 	EXP 	faces: autoDraw = False
25.1651 	EXP 	cross: autoDraw = False
25.1651 	EXP 	faces: autoDraw = False
25.1651 	EXP 	text_3: autoDraw = True
26.1597 	EXP 	text_3: autoDraw = False
26.1597 	EXP 	text_3: autoDraw = False
26.1612 	EXP 	project: status = STOPPED
26.1637 	INFO 	saved data to 'C:\\Users\\napat\\Documents\\GitHub\\BCI-P300-project\\data/8888_project_2025-05-04_16h13.00.119.csv'
26.1646 	INFO 	saved data to C:\Users\napat\Documents\GitHub\BCI-P300-project\data/8888_project_2025-05-04_16h13.00.119.psydat
26.4323 	DEBUG 	Saving data for project ExperimentHandler
