4.1517 	DEBUG 	Fullscreen settings ignored as running in pilot mode.
4.1524 	INFO 	Loaded monitor calibration from ['2025_03_07 15:28']
4.3427 	EXP 	Created window1 = Window(allowGUI=False, allowStencil=False, autoLog=True, backendConf=UNKNOWN, backgroundFit=<method-wrapper '__getattribute__' of attributeSetter object at 0x0000024D0CA134C0>, backgroundImage=<method-wrapper '__getattribute__' of attributeSetter object at 0x0000024D0CA13520>, bitsMode=UNKNOWN, blendMode='avg', bpc=(8, 8, 8), color=array([0, 0, 0]), colorSpace='rgb', depthBits=8, fullscr=False, gamma=None, gammaErrorPolicy='raise', infoMsg=UNKNOWN, lms=UNKNOWN, monitor=<psychopy.monitors.calibTools.Monitor object at 0x0000024D0CAA4DC0>, multiSample=False, name='window1', numSamples=2, pos=[560.0, 240.0], screen=0, size=array([800, 600]), stencilBits=0, stereo=False, title='PsychoPy', units='height', useFBO=True, useRetina=False, viewOri=0.0, viewPos=None, viewScale=None, waitBlanking=True, winType='pyglet')
4.3427 	EXP 	window1: backgroundImage = ''
4.3427 	EXP 	window1: backgroundFit = 'none'
4.3481 	DEBUG 	TextBox2 loaded 1 chars with 0 blanks and 1 valid
4.3487 	DEBUG 	TextBox2 loaded 1 chars with 0 blanks and 1 valid
4.3492 	DEBUG 	TextBox2 loaded 1 chars with 0 blanks and 1 valid
4.3499 	DEBUG 	TextBox2 loaded 1 chars with 0 blanks and 1 valid
4.3506 	DEBUG 	TextBox2 loaded 1 chars with 0 blanks and 1 valid
4.3509 	DEBUG 	TextBox2 loaded 1 chars with 0 blanks and 1 valid
4.3515 	DEBUG 	TextBox2 loaded 1 chars with 0 blanks and 1 valid
4.3522 	DEBUG 	TextBox2 loaded 1 chars with 0 blanks and 1 valid
4.3524 	DEBUG 	TextBox2 loaded 1 chars with 0 blanks and 1 valid
4.3527 	DEBUG 	TextBox2 loaded 1 chars with 0 blanks and 1 valid
4.3532 	DEBUG 	TextBox2 loaded 1 chars with 0 blanks and 1 valid
4.3537 	DEBUG 	TextBox2 loaded 1 chars with 0 blanks and 1 valid
4.3543 	DEBUG 	TextBox2 loaded 1 chars with 0 blanks and 1 valid
4.3549 	DEBUG 	TextBox2 loaded 1 chars with 0 blanks and 1 valid
4.3554 	DEBUG 	TextBox2 loaded 1 chars with 0 blanks and 1 valid
4.3560 	DEBUG 	TextBox2 loaded 1 chars with 0 blanks and 1 valid
4.3565 	DEBUG 	TextBox2 loaded 1 chars with 0 blanks and 1 valid
4.3569 	DEBUG 	TextBox2 loaded 1 chars with 0 blanks and 1 valid
4.3572 	DEBUG 	TextBox2 loaded 1 chars with 0 blanks and 1 valid
4.3579 	DEBUG 	TextBox2 loaded 1 chars with 0 blanks and 1 valid
4.3583 	DEBUG 	TextBox2 loaded 1 chars with 0 blanks and 1 valid
4.3585 	DEBUG 	Uploading Texture Font fontname to graphics card
4.3621 	DEBUG 	Upload of Texture Font fontname complete
4.3668 	DEBUG 	TextBox2 loaded 1 chars with 0 blanks and 1 valid
4.3676 	DEBUG 	TextBox2 loaded 1 chars with 0 blanks and 1 valid
4.3683 	DEBUG 	TextBox2 loaded 1 chars with 0 blanks and 1 valid
4.3685 	DEBUG 	Uploading Texture Font fontname to graphics card
4.3708 	DEBUG 	Upload of Texture Font fontname complete
4.3721 	EXP 	window1: Attempting to measure frame rate of screen (0) ...
4.3721 	EXP 	window1: recordFrameIntervals = False
4.4400 	EXP 	window1: recordFrameIntervals = True
4.5072 	EXP 	Screen (0) actual frame rate measured at 164.60Hz
4.5073 	EXP 	window1: recordFrameIntervals = False
4.5114 	DEBUG 	TextBox2 loaded 1 chars with 0 blanks and 1 valid
4.5119 	DEBUG 	TextBox2 loaded 1 chars with 0 blanks and 1 valid
4.5126 	DEBUG 	TextBox2 loaded 1 chars with 0 blanks and 1 valid
4.5135 	DEBUG 	TextBox2 loaded 1 chars with 0 blanks and 1 valid
4.5143 	DEBUG 	TextBox2 loaded 1 chars with 0 blanks and 1 valid
4.5150 	DEBUG 	TextBox2 loaded 1 chars with 0 blanks and 1 valid
4.5154 	DEBUG 	TextBox2 loaded 1 chars with 0 blanks and 1 valid
4.5160 	DEBUG 	TextBox2 loaded 1 chars with 0 blanks and 1 valid
4.5167 	DEBUG 	TextBox2 loaded 1 chars with 0 blanks and 1 valid
4.5174 	DEBUG 	TextBox2 loaded 1 chars with 0 blanks and 1 valid
4.5177 	DEBUG 	Uploading Texture Font fontname to graphics card
4.5182 	DEBUG 	Upload of Texture Font fontname complete
4.5269 	WARNING 	launchHubServer: If using the iohub mouse or eyetracker devices, fullScr should be True.
6.4932 	INFO 	keyboard.Keyboard is using iohub backend.
6.4933 	INFO 	keyboard.Keyboard is using iohub backend.
6.4933 	INFO 	keyboard.Keyboard is using iohub backend.
6.4933 	EXP 	project: status = STARTED
6.5525 	EXP 	Created text = TextStim(__class__=<class 'psychopy.visual.text.TextStim'>, alignHoriz=method-wrapper(...), alignText='center', alignVert=method-wrapper(...), anchorHoriz='center', anchorVert='center', antialias=True, autoDraw=False, autoLog=True, bold=False, color=array([1., 1., 1.]), colorSpace='rgb', contrast=1.0, depth=0.0, draggable=False, flipHoriz=False, flipVert=False, font='Arial', fontFiles=[], height=0.05, italic=False, languageStyle='LTR', name='text', opacity=1, ori=0.0, pos=array([0. , 0.1]), rgb=UNKNOWN, text="Please don't move or blink", units='height', win=Window(...), wrapWidth=1)
6.5580 	EXP 	Created text_2 = TextStim(__class__=<class 'psychopy.visual.text.TextStim'>, alignHoriz=method-wrapper(...), alignText='center', alignVert=method-wrapper(...), anchorHoriz='center', anchorVert='center', antialias=True, autoDraw=False, autoLog=True, bold=False, color=array([1., 1., 1.]), colorSpace='rgb', contrast=1.0, depth=-1.0, draggable=False, flipHoriz=False, flipVert=False, font='Arial', fontFiles=[], height=0.05, italic=False, languageStyle='LTR', name='text_2', opacity=1, ori=0.0, pos=array([0., 0.]), rgb=UNKNOWN, text='If you ready, press [space bar]\n', units='height', win=Window(...), wrapWidth=1)
6.5732 	EXP 	Created cross = ShapeStim(__class__=<class 'psychopy.visual.shape.ShapeStim'>, anchor=('center', 'center'), autoDraw=False, autoLog=True, closeShape=True, color=method-wrapper(...), colorSpace='rgb', contrast=None, depth=-1.0, draggable=False, fillColor=array([1, 1, 1]), fillColorSpace='rgb', fillRGB=array([1, 1, 1]), interpolate=True, lineColor=array([1., 1., 1.]), lineColorSpace='rgb', lineRGB=array([1, 1, 1]), lineWidth=1.0, name='cross', opacity=1, ori=0.0, pos=array([0., 0.]), size=array([0.1, 0.1]), units='height', vertices=ndarray(...), win=Window(...), windingRule=None)
6.5761 	EXP 	Created faces_image = ImageStim(__class__=<class 'psychopy.visual.image.ImageStim'>, anchor=('center', 'center'), autoLog=True, color=array([1., 1., 1.]), colorSpace='rgb', contrast=1.0, depth=0.0, draggable=False, flipHoriz=False, flipVert=False, image='default.png', interpolate=True, mask=None, maskParams=None, name='faces_image', opacity=1, ori=0.0, pos=array([0., 0.]), size=array([0.5, 0.5]), texRes=128.0, units='height', win=Window(...))
6.5790 	EXP 	Created text_3 = TextStim(__class__=<class 'psychopy.visual.text.TextStim'>, alignHoriz=method-wrapper(...), alignText='center', alignVert=method-wrapper(...), anchorHoriz='center', anchorVert='center', antialias=True, autoDraw=False, autoLog=True, bold=False, color=array([1., 1., 1.]), colorSpace='rgb', contrast=1.0, depth=-1.0, draggable=False, flipHoriz=False, flipVert=False, font='Arial', fontFiles=[], height=0.05, italic=False, languageStyle='LTR', name='text_3', opacity=1, ori=0.0, pos=array([0., 0.]), rgb=UNKNOWN, text='Endding block', units='height', win=Window(...), wrapWidth=1)
0.0753 	DEBUG 	Saving data for project ExperimentHandler
0.0763 	INFO 	saved data to C:\Users\napat\Documents\GitHub\BCI-P300-project\data/956805_project_2025-05-04_17h01.11.692.psydat
0.0771 	INFO 	saved data to 'C:\\Users\\napat\\Documents\\GitHub\\BCI-P300-project\\data/956805_project_2025-05-04_17h01.11.692.csv'
