4.2887 	DEBUG 	Fullscreen settings ignored as running in pilot mode.
4.2894 	INFO 	Loaded monitor calibration from ['2025_03_07 15:28']
4.5384 	EXP 	Created window1 = Window(allowGUI=False, allowStencil=False, autoLog=True, backendConf=UNKNOWN, backgroundFit=<method-wrapper '__getattribute__' of attributeSetter object at 0x000001B12CDC3550>, backgroundImage=<method-wrapper '__getattribute__' of attributeSetter object at 0x000001B12CDC35B0>, bitsMode=UNKNOWN, blendMode='avg', bpc=(8, 8, 8), color=array([0, 0, 0]), colorSpace='rgb', depthBits=8, fullscr=False, gamma=None, gammaErrorPolicy='raise', infoMsg=UNKNOWN, lms=UNKNOWN, monitor=<psychopy.monitors.calibTools.Monitor object at 0x000001B12CE54BE0>, multiSample=False, name='window1', numSamples=2, pos=[560.0, 240.0], screen=0, size=array([800, 600]), stencilBits=0, stereo=False, title='PsychoPy', units='height', useFBO=True, useRetina=False, viewOri=0.0, viewPos=None, viewScale=None, waitBlanking=True, winType='pyglet')
4.5385 	EXP 	window1: backgroundImage = ''
4.5385 	EXP 	window1: backgroundFit = 'none'
4.5447 	DEBUG 	TextBox2 loaded 1 chars with 0 blanks and 1 valid
4.5454 	DEBUG 	TextBox2 loaded 1 chars with 0 blanks and 1 valid
4.5460 	DEBUG 	TextBox2 loaded 1 chars with 0 blanks and 1 valid
4.5467 	DEBUG 	TextBox2 loaded 1 chars with 0 blanks and 1 valid
4.5477 	DEBUG 	TextBox2 loaded 1 chars with 0 blanks and 1 valid
4.5481 	DEBUG 	TextBox2 loaded 1 chars with 0 blanks and 1 valid
4.5487 	DEBUG 	TextBox2 loaded 1 chars with 0 blanks and 1 valid
4.5494 	DEBUG 	TextBox2 loaded 1 chars with 0 blanks and 1 valid
4.5497 	DEBUG 	TextBox2 loaded 1 chars with 0 blanks and 1 valid
4.5501 	DEBUG 	TextBox2 loaded 1 chars with 0 blanks and 1 valid
4.5507 	DEBUG 	TextBox2 loaded 1 chars with 0 blanks and 1 valid
4.5512 	DEBUG 	TextBox2 loaded 1 chars with 0 blanks and 1 valid
4.5518 	DEBUG 	TextBox2 loaded 1 chars with 0 blanks and 1 valid
4.5524 	DEBUG 	TextBox2 loaded 1 chars with 0 blanks and 1 valid
4.5528 	DEBUG 	TextBox2 loaded 1 chars with 0 blanks and 1 valid
4.5534 	DEBUG 	TextBox2 loaded 1 chars with 0 blanks and 1 valid
4.5540 	DEBUG 	TextBox2 loaded 1 chars with 0 blanks and 1 valid
4.5544 	DEBUG 	TextBox2 loaded 1 chars with 0 blanks and 1 valid
4.5547 	DEBUG 	TextBox2 loaded 1 chars with 0 blanks and 1 valid
4.5554 	DEBUG 	TextBox2 loaded 1 chars with 0 blanks and 1 valid
4.5558 	DEBUG 	TextBox2 loaded 1 chars with 0 blanks and 1 valid
4.5561 	DEBUG 	Uploading Texture Font fontname to graphics card
4.5660 	DEBUG 	Upload of Texture Font fontname complete
4.5712 	DEBUG 	TextBox2 loaded 1 chars with 0 blanks and 1 valid
4.5721 	DEBUG 	TextBox2 loaded 1 chars with 0 blanks and 1 valid
4.5729 	DEBUG 	TextBox2 loaded 1 chars with 0 blanks and 1 valid
4.5731 	DEBUG 	Uploading Texture Font fontname to graphics card
4.5831 	DEBUG 	Upload of Texture Font fontname complete
4.5846 	EXP 	window1: Attempting to measure frame rate of screen (0) ...
4.5846 	EXP 	window1: recordFrameIntervals = False
4.6654 	EXP 	window1: recordFrameIntervals = True
4.7328 	EXP 	Screen (0) actual frame rate measured at 163.56Hz
4.7328 	EXP 	window1: recordFrameIntervals = False
4.7371 	DEBUG 	TextBox2 loaded 1 chars with 0 blanks and 1 valid
4.7376 	DEBUG 	TextBox2 loaded 1 chars with 0 blanks and 1 valid
4.7382 	DEBUG 	TextBox2 loaded 1 chars with 0 blanks and 1 valid
4.7390 	DEBUG 	TextBox2 loaded 1 chars with 0 blanks and 1 valid
4.7398 	DEBUG 	TextBox2 loaded 1 chars with 0 blanks and 1 valid
4.7406 	DEBUG 	TextBox2 loaded 1 chars with 0 blanks and 1 valid
4.7410 	DEBUG 	TextBox2 loaded 1 chars with 0 blanks and 1 valid
4.7417 	DEBUG 	TextBox2 loaded 1 chars with 0 blanks and 1 valid
4.7424 	DEBUG 	TextBox2 loaded 1 chars with 0 blanks and 1 valid
4.7431 	DEBUG 	TextBox2 loaded 1 chars with 0 blanks and 1 valid
4.7434 	DEBUG 	Uploading Texture Font fontname to graphics card
4.7439 	DEBUG 	Upload of Texture Font fontname complete
4.7534 	WARNING 	launchHubServer: If using the iohub mouse or eyetracker devices, fullScr should be True.
6.8313 	INFO 	keyboard.Keyboard is using iohub backend.
6.8314 	INFO 	keyboard.Keyboard is using iohub backend.
6.8314 	INFO 	keyboard.Keyboard is using iohub backend.
6.8314 	EXP 	project: status = STARTED
6.8886 	EXP 	Created text = TextStim(__class__=<class 'psychopy.visual.text.TextStim'>, alignHoriz=method-wrapper(...), alignText='center', alignVert=method-wrapper(...), anchorHoriz='center', anchorVert='center', antialias=True, autoDraw=False, autoLog=True, bold=False, color=array([1., 1., 1.]), colorSpace='rgb', contrast=1.0, depth=0.0, draggable=False, flipHoriz=False, flipVert=False, font='Arial', fontFiles=[], height=0.05, italic=False, languageStyle='LTR', name='text', opacity=1, ori=0.0, pos=array([0. , 0.1]), rgb=UNKNOWN, text="Please don't move or blink", units='height', win=Window(...), wrapWidth=1)
6.8933 	EXP 	Created text_2 = TextStim(__class__=<class 'psychopy.visual.text.TextStim'>, alignHoriz=method-wrapper(...), alignText='center', alignVert=method-wrapper(...), anchorHoriz='center', anchorVert='center', antialias=True, autoDraw=False, autoLog=True, bold=False, color=array([1., 1., 1.]), colorSpace='rgb', contrast=1.0, depth=-1.0, draggable=False, flipHoriz=False, flipVert=False, font='Arial', fontFiles=[], height=0.05, italic=False, languageStyle='LTR', name='text_2', opacity=1, ori=0.0, pos=array([0., 0.]), rgb=UNKNOWN, text='If you ready, press [space bar]\n', units='height', win=Window(...), wrapWidth=1)
6.9088 	EXP 	Created cross = ShapeStim(__class__=<class 'psychopy.visual.shape.ShapeStim'>, anchor=('center', 'center'), autoDraw=False, autoLog=True, closeShape=True, color=method-wrapper(...), colorSpace='rgb', contrast=None, depth=-1.0, draggable=False, fillColor=array([1, 1, 1]), fillColorSpace='rgb', fillRGB=array([1, 1, 1]), interpolate=True, lineColor=array([1., 1., 1.]), lineColorSpace='rgb', lineRGB=array([1, 1, 1]), lineWidth=1.0, name='cross', opacity=1, ori=0.0, pos=array([0., 0.]), size=array([0.1, 0.1]), units='height', vertices=ndarray(...), win=Window(...), windingRule=None)
6.9305 	DEBUG 	Saving data for project ExperimentHandler
6.9328 	INFO 	saved data to C:\Users\napat\Documents\GitHub\BCI-P300-project\data/984098_project_2025-05-04_16h56.34.406.psydat
6.9335 	INFO 	saved data to 'C:\\Users\\napat\\Documents\\GitHub\\BCI-P300-project\\data/984098_project_2025-05-04_16h56.34.406.csv'
